Analysis & Synthesis report for bar
Mon Oct 28 17:55:58 2013
Quartus II Version 9.0 Build 132 02/25/2009 SJ Full Version


---------------------
; Table of Contents ;
---------------------
  1. Legal Notice
  2. Analysis & Synthesis Summary
  3. Analysis & Synthesis Settings
  4. Analysis & Synthesis Source Files Read
  5. Analysis & Synthesis Resource Usage Summary
  6. Analysis & Synthesis Resource Utilization by Entity
  7. General Register Statistics
  8. Source assignments for lpm_mult:Mult0|multcore:mult_core|mpar_add:padder|lpm_add_sub:adder[0]|addcore:adder
  9. Parameter Settings for Inferred Entity Instance: lpm_mult:Mult0
 10. Parameter Settings for Inferred Entity Instance: lpm_divide:Div0
 11. lpm_mult Parameter Settings by Entity Instance
 12. Analysis & Synthesis Messages



----------------
; Legal Notice ;
----------------
Copyright (C) 1991-2009 Altera Corporation
Your use of Altera Corporation's design tools, logic functions 
and other software and tools, and its AMPP partner logic 
functions, and any output files from any of the foregoing 
(including device programming or simulation files), and any 
associated documentation or information are expressly subject 
to the terms and conditions of the Altera Program License 
Subscription Agreement, Altera MegaCore Function License 
Agreement, or other applicable license agreement, including, 
without limitation, that your use is for the sole purpose of 
programming logic devices manufactured by Altera and sold by 
Altera or its authorized distributors.  Please refer to the 
applicable agreement for further details.



+------------------------------------------------------------------------+
; Analysis & Synthesis Summary                                           ;
+-----------------------------+------------------------------------------+
; Analysis & Synthesis Status ; Successful - Mon Oct 28 17:55:58 2013    ;
; Quartus II Version          ; 9.0 Build 132 02/25/2009 SJ Full Version ;
; Revision Name               ; bar                                      ;
; Top-level Entity Name       ; bar                                      ;
; Family                      ; MAX II                                   ;
; Total logic elements        ; 345                                      ;
; Total pins                  ; 33                                       ;
; Total virtual pins          ; 0                                        ;
; UFM blocks                  ; 0 / 1 ( 0 % )                            ;
+-----------------------------+------------------------------------------+


+----------------------------------------------------------------------------------------------------------+
; Analysis & Synthesis Settings                                                                            ;
+----------------------------------------------------------------+--------------------+--------------------+
; Option                                                         ; Setting            ; Default Value      ;
+----------------------------------------------------------------+--------------------+--------------------+
; Device                                                         ; EPM1270T144C5      ;                    ;
; Top-level entity name                                          ; bar                ; bar                ;
; Family name                                                    ; MAX II             ; Stratix II         ;
; Use Generated Physical Constraints File                        ; Off                ;                    ;
; Use smart compilation                                          ; Off                ; Off                ;
; Restructure Multiplexers                                       ; Auto               ; Auto               ;
; Create Debugging Nodes for IP Cores                            ; Off                ; Off                ;
; Preserve fewer node names                                      ; On                 ; On                 ;
; Disable OpenCore Plus hardware evaluation                      ; Off                ; Off                ;
; Verilog Version                                                ; Verilog_2001       ; Verilog_2001       ;
; VHDL Version                                                   ; VHDL93             ; VHDL93             ;
; State Machine Processing                                       ; Auto               ; Auto               ;
; Safe State Machine                                             ; Off                ; Off                ;
; Extract Verilog State Machines                                 ; On                 ; On                 ;
; Extract VHDL State Machines                                    ; On                 ; On                 ;
; Ignore Verilog initial constructs                              ; Off                ; Off                ;
; Iteration limit for constant Verilog loops                     ; 5000               ; 5000               ;
; Iteration limit for non-constant Verilog loops                 ; 250                ; 250                ;
; Add Pass-Through Logic to Inferred RAMs                        ; On                 ; On                 ;
; Parallel Synthesis                                             ; Off                ; Off                ;
; NOT Gate Push-Back                                             ; On                 ; On                 ;
; Power-Up Don't Care                                            ; On                 ; On                 ;
; Remove Redundant Logic Cells                                   ; Off                ; Off                ;
; Remove Duplicate Registers                                     ; On                 ; On                 ;
; Ignore CARRY Buffers                                           ; Off                ; Off                ;
; Ignore CASCADE Buffers                                         ; Off                ; Off                ;
; Ignore GLOBAL Buffers                                          ; Off                ; Off                ;
; Ignore ROW GLOBAL Buffers                                      ; Off                ; Off                ;
; Ignore LCELL Buffers                                           ; Off                ; Off                ;
; Ignore SOFT Buffers                                            ; On                 ; On                 ;
; Limit AHDL Integers to 32 Bits                                 ; Off                ; Off                ;
; Optimization Technique                                         ; Balanced           ; Balanced           ;
; Carry Chain Length                                             ; 70                 ; 70                 ;
; Auto Carry Chains                                              ; On                 ; On                 ;
; Auto Open-Drain Pins                                           ; On                 ; On                 ;
; Perform WYSIWYG Primitive Resynthesis                          ; Off                ; Off                ;
; Auto Shift Register Replacement                                ; Auto               ; Auto               ;
; Auto Clock Enable Replacement                                  ; On                 ; On                 ;
; Allow Synchronous Control Signals                              ; On                 ; On                 ;
; Force Use of Synchronous Clear Signals                         ; Off                ; Off                ;
; Auto Resource Sharing                                          ; Off                ; Off                ;
; Use LogicLock Constraints during Resource Balancing            ; On                 ; On                 ;
; Ignore translate_off and synthesis_off directives              ; Off                ; Off                ;
; Show Parameter Settings Tables in Synthesis Report             ; On                 ; On                 ;
; Ignore Maximum Fan-Out Assignments                             ; Off                ; Off                ;
; Synchronization Register Chain Length                          ; 2                  ; 2                  ;
; PowerPlay Power Optimization                                   ; Normal compilation ; Normal compilation ;
; HDL message level                                              ; Level2             ; Level2             ;
; Suppress Register Optimization Related Messages                ; Off                ; Off                ;
; Number of Removed Registers Reported in Synthesis Report       ; 100                ; 100                ;
; Number of Inverted Registers Reported in Synthesis Report      ; 100                ; 100                ;
; Clock MUX Protection                                           ; On                 ; On                 ;
; Block Design Naming                                            ; Auto               ; Auto               ;
; Synthesis Effort                                               ; Auto               ; Auto               ;
; Allows Asynchronous Clear Usage For Shift Register Replacement ; On                 ; On                 ;
; Analysis & Synthesis Message Level                             ; Medium             ; Medium             ;
+----------------------------------------------------------------+--------------------+--------------------+


+--------------------------------------------------------------------------------------------------------------------------------------------------------+
; Analysis & Synthesis Source Files Read                                                                                                                 ;
+----------------------------------+-----------------+------------------------------+--------------------------------------------------------------------+
; File Name with User-Entered Path ; Used in Netlist ; File Type                    ; File Name with Absolute Path                                       ;
+----------------------------------+-----------------+------------------------------+--------------------------------------------------------------------+
; bar.vhd                          ; yes             ; Auto-Found VHDL File         ; C:/Users/Jia/Desktop/Î¢²¨Â¯/wave_final/bar.vhd                     ;
; lpm_mult.tdf                     ; yes             ; Megafunction                 ; d:/quartus/quartus/libraries/megafunctions/lpm_mult.tdf            ;
; aglobal90.inc                    ; yes             ; Megafunction                 ; d:/quartus/quartus/libraries/megafunctions/aglobal90.inc           ;
; lpm_add_sub.inc                  ; yes             ; Megafunction                 ; d:/quartus/quartus/libraries/megafunctions/lpm_add_sub.inc         ;
; multcore.inc                     ; yes             ; Megafunction                 ; d:/quartus/quartus/libraries/megafunctions/multcore.inc            ;
; bypassff.inc                     ; yes             ; Megafunction                 ; d:/quartus/quartus/libraries/megafunctions/bypassff.inc            ;
; altshift.inc                     ; yes             ; Megafunction                 ; d:/quartus/quartus/libraries/megafunctions/altshift.inc            ;
; multcore.tdf                     ; yes             ; Megafunction                 ; d:/quartus/quartus/libraries/megafunctions/multcore.tdf            ;
; csa_add.inc                      ; yes             ; Megafunction                 ; d:/quartus/quartus/libraries/megafunctions/csa_add.inc             ;
; mpar_add.inc                     ; yes             ; Megafunction                 ; d:/quartus/quartus/libraries/megafunctions/mpar_add.inc            ;
; muleabz.inc                      ; yes             ; Megafunction                 ; d:/quartus/quartus/libraries/megafunctions/muleabz.inc             ;
; mul_lfrg.inc                     ; yes             ; Megafunction                 ; d:/quartus/quartus/libraries/megafunctions/mul_lfrg.inc            ;
; mul_boothc.inc                   ; yes             ; Megafunction                 ; d:/quartus/quartus/libraries/megafunctions/mul_boothc.inc          ;
; alt_ded_mult.inc                 ; yes             ; Megafunction                 ; d:/quartus/quartus/libraries/megafunctions/alt_ded_mult.inc        ;
; alt_ded_mult_y.inc               ; yes             ; Megafunction                 ; d:/quartus/quartus/libraries/megafunctions/alt_ded_mult_y.inc      ;
; dffpipe.inc                      ; yes             ; Megafunction                 ; d:/quartus/quartus/libraries/megafunctions/dffpipe.inc             ;
; mpar_add.tdf                     ; yes             ; Megafunction                 ; d:/quartus/quartus/libraries/megafunctions/mpar_add.tdf            ;
; lpm_add_sub.tdf                  ; yes             ; Megafunction                 ; d:/quartus/quartus/libraries/megafunctions/lpm_add_sub.tdf         ;
; addcore.inc                      ; yes             ; Megafunction                 ; d:/quartus/quartus/libraries/megafunctions/addcore.inc             ;
; look_add.inc                     ; yes             ; Megafunction                 ; d:/quartus/quartus/libraries/megafunctions/look_add.inc            ;
; alt_stratix_add_sub.inc          ; yes             ; Megafunction                 ; d:/quartus/quartus/libraries/megafunctions/alt_stratix_add_sub.inc ;
; alt_mercury_add_sub.inc          ; yes             ; Megafunction                 ; d:/quartus/quartus/libraries/megafunctions/alt_mercury_add_sub.inc ;
; addcore.tdf                      ; yes             ; Megafunction                 ; d:/quartus/quartus/libraries/megafunctions/addcore.tdf             ;
; a_csnbuffer.inc                  ; yes             ; Megafunction                 ; d:/quartus/quartus/libraries/megafunctions/a_csnbuffer.inc         ;
; a_csnbuffer.tdf                  ; yes             ; Megafunction                 ; d:/quartus/quartus/libraries/megafunctions/a_csnbuffer.tdf         ;
; altshift.tdf                     ; yes             ; Megafunction                 ; d:/quartus/quartus/libraries/megafunctions/altshift.tdf            ;
; lpm_divide.tdf                   ; yes             ; Megafunction                 ; d:/quartus/quartus/libraries/megafunctions/lpm_divide.tdf          ;
; abs_divider.inc                  ; yes             ; Megafunction                 ; d:/quartus/quartus/libraries/megafunctions/abs_divider.inc         ;
; sign_div_unsign.inc              ; yes             ; Megafunction                 ; d:/quartus/quartus/libraries/megafunctions/sign_div_unsign.inc     ;
; db/lpm_divide_r2m.tdf            ; yes             ; Auto-Generated Megafunction  ; C:/Users/Jia/Desktop/Î¢²¨Â¯/wave_final/db/lpm_divide_r2m.tdf       ;
; db/sign_div_unsign_cnh.tdf       ; yes             ; Auto-Generated Megafunction  ; C:/Users/Jia/Desktop/Î¢²¨Â¯/wave_final/db/sign_div_unsign_cnh.tdf  ;
; db/alt_u_div_joe.tdf             ; yes             ; Auto-Generated Megafunction  ; C:/Users/Jia/Desktop/Î¢²¨Â¯/wave_final/db/alt_u_div_joe.tdf        ;
; db/add_sub_e7c.tdf               ; yes             ; Auto-Generated Megafunction  ; C:/Users/Jia/Desktop/Î¢²¨Â¯/wave_final/db/add_sub_e7c.tdf          ;
; db/add_sub_f7c.tdf               ; yes             ; Auto-Generated Megafunction  ; C:/Users/Jia/Desktop/Î¢²¨Â¯/wave_final/db/add_sub_f7c.tdf          ;
; db/add_sub_v8c.tdf               ; yes             ; Auto-Generated Megafunction  ; C:/Users/Jia/Desktop/Î¢²¨Â¯/wave_final/db/add_sub_v8c.tdf          ;
; db/add_sub_09c.tdf               ; yes             ; Auto-Generated Megafunction  ; C:/Users/Jia/Desktop/Î¢²¨Â¯/wave_final/db/add_sub_09c.tdf          ;
; db/add_sub_19c.tdf               ; yes             ; Auto-Generated Megafunction  ; C:/Users/Jia/Desktop/Î¢²¨Â¯/wave_final/db/add_sub_19c.tdf          ;
; db/add_sub_29c.tdf               ; yes             ; Auto-Generated Megafunction  ; C:/Users/Jia/Desktop/Î¢²¨Â¯/wave_final/db/add_sub_29c.tdf          ;
; db/add_sub_39c.tdf               ; yes             ; Auto-Generated Megafunction  ; C:/Users/Jia/Desktop/Î¢²¨Â¯/wave_final/db/add_sub_39c.tdf          ;
; db/add_sub_g7c.tdf               ; yes             ; Auto-Generated Megafunction  ; C:/Users/Jia/Desktop/Î¢²¨Â¯/wave_final/db/add_sub_g7c.tdf          ;
; db/add_sub_h7c.tdf               ; yes             ; Auto-Generated Megafunction  ; C:/Users/Jia/Desktop/Î¢²¨Â¯/wave_final/db/add_sub_h7c.tdf          ;
; db/add_sub_i7c.tdf               ; yes             ; Auto-Generated Megafunction  ; C:/Users/Jia/Desktop/Î¢²¨Â¯/wave_final/db/add_sub_i7c.tdf          ;
; db/add_sub_j7c.tdf               ; yes             ; Auto-Generated Megafunction  ; C:/Users/Jia/Desktop/Î¢²¨Â¯/wave_final/db/add_sub_j7c.tdf          ;
; db/add_sub_k7c.tdf               ; yes             ; Auto-Generated Megafunction  ; C:/Users/Jia/Desktop/Î¢²¨Â¯/wave_final/db/add_sub_k7c.tdf          ;
; db/add_sub_l7c.tdf               ; yes             ; Auto-Generated Megafunction  ; C:/Users/Jia/Desktop/Î¢²¨Â¯/wave_final/db/add_sub_l7c.tdf          ;
; db/add_sub_m7c.tdf               ; yes             ; Auto-Generated Megafunction  ; C:/Users/Jia/Desktop/Î¢²¨Â¯/wave_final/db/add_sub_m7c.tdf          ;
; db/add_sub_u8c.tdf               ; yes             ; Auto-Generated Megafunction  ; C:/Users/Jia/Desktop/Î¢²¨Â¯/wave_final/db/add_sub_u8c.tdf          ;
+----------------------------------+-----------------+------------------------------+--------------------------------------------------------------------+


+----------------------------------------------------------+
; Analysis & Synthesis Resource Usage Summary              ;
+---------------------------------------------+------------+
; Resource                                    ; Usage      ;
+---------------------------------------------+------------+
; Total logic elements                        ; 345        ;
;     -- Combinational with no register       ; 345        ;
;     -- Register only                        ; 0          ;
;     -- Combinational with a register        ; 0          ;
;                                             ;            ;
; Logic element usage by number of LUT inputs ;            ;
;     -- 4 input functions                    ; 109        ;
;     -- 3 input functions                    ; 189        ;
;     -- 2 input functions                    ; 32         ;
;     -- 1 input functions                    ; 15         ;
;     -- 0 input functions                    ; 0          ;
;                                             ;            ;
; Logic elements by mode                      ;            ;
;     -- normal mode                          ; 189        ;
;     -- arithmetic mode                      ; 156        ;
;     -- qfbk mode                            ; 0          ;
;     -- register cascade mode                ; 0          ;
;     -- synchronous clear/load mode          ; 0          ;
;     -- asynchronous clear/load mode         ; 0          ;
;                                             ;            ;
; Total registers                             ; 0          ;
; Total logic cells in carry chains           ; 172        ;
; I/O pins                                    ; 33         ;
; Maximum fan-out node                        ; timeset[0] ;
; Maximum fan-out                             ; 28         ;
; Total fan-out                               ; 1090       ;
; Average fan-out                             ; 2.88       ;
+---------------------------------------------+------------+


+-----------------------------------------------------------------------------------------------------------------------------------------------------------------------------------------------------------------------------------------------------------------------------------------------------------------------------------------------+
; Analysis & Synthesis Resource Utilization by Entity                                                                                                                                                                                                                                                                                           ;
+---------------------------------------------+-------------+--------------+------------+------+--------------+--------------+-------------------+------------------+-----------------+------------+-----------------------------------------------------------------------------------------------------------------------------+--------------+
; Compilation Hierarchy Node                  ; Logic Cells ; LC Registers ; UFM Blocks ; Pins ; Virtual Pins ; LUT-Only LCs ; Register-Only LCs ; LUT/Register LCs ; Carry Chain LCs ; Packed LCs ; Full Hierarchy Name                                                                                                         ; Library Name ;
+---------------------------------------------+-------------+--------------+------------+------+--------------+--------------+-------------------+------------------+-----------------+------------+-----------------------------------------------------------------------------------------------------------------------------+--------------+
; |bar                                        ; 345 (8)     ; 0            ; 0          ; 33   ; 0            ; 345 (8)      ; 0 (0)             ; 0 (0)            ; 172 (0)         ; 0 (0)      ; |bar                                                                                                                        ; work         ;
;    |lpm_divide:Div0|                        ; 311 (0)     ; 0            ; 0          ; 0    ; 0            ; 311 (0)      ; 0 (0)             ; 0 (0)            ; 162 (0)         ; 0 (0)      ; |bar|lpm_divide:Div0                                                                                                        ; work         ;
;       |lpm_divide_r2m:auto_generated|       ; 311 (0)     ; 0            ; 0          ; 0    ; 0            ; 311 (0)      ; 0 (0)             ; 0 (0)            ; 162 (0)         ; 0 (0)      ; |bar|lpm_divide:Div0|lpm_divide_r2m:auto_generated                                                                          ; work         ;
;          |sign_div_unsign_cnh:divider|      ; 311 (0)     ; 0            ; 0          ; 0    ; 0            ; 311 (0)      ; 0 (0)             ; 0 (0)            ; 162 (0)         ; 0 (0)      ; |bar|lpm_divide:Div0|lpm_divide_r2m:auto_generated|sign_div_unsign_cnh:divider                                              ; work         ;
;             |alt_u_div_joe:divider|         ; 311 (148)   ; 0            ; 0          ; 0    ; 0            ; 311 (148)    ; 0 (0)             ; 0 (0)            ; 162 (0)         ; 0 (0)      ; |bar|lpm_divide:Div0|lpm_divide_r2m:auto_generated|sign_div_unsign_cnh:divider|alt_u_div_joe:divider                        ; work         ;
;                |add_sub_09c:add_sub_11|     ; 13 (13)     ; 0            ; 0          ; 0    ; 0            ; 13 (13)      ; 0 (0)             ; 0 (0)            ; 13 (13)         ; 0 (0)      ; |bar|lpm_divide:Div0|lpm_divide_r2m:auto_generated|sign_div_unsign_cnh:divider|alt_u_div_joe:divider|add_sub_09c:add_sub_11 ; work         ;
;                |add_sub_19c:add_sub_12|     ; 14 (14)     ; 0            ; 0          ; 0    ; 0            ; 14 (14)      ; 0 (0)             ; 0 (0)            ; 14 (14)         ; 0 (0)      ; |bar|lpm_divide:Div0|lpm_divide_r2m:auto_generated|sign_div_unsign_cnh:divider|alt_u_div_joe:divider|add_sub_19c:add_sub_12 ; work         ;
;                |add_sub_29c:add_sub_13|     ; 15 (15)     ; 0            ; 0          ; 0    ; 0            ; 15 (15)      ; 0 (0)             ; 0 (0)            ; 15 (15)         ; 0 (0)      ; |bar|lpm_divide:Div0|lpm_divide_r2m:auto_generated|sign_div_unsign_cnh:divider|alt_u_div_joe:divider|add_sub_29c:add_sub_13 ; work         ;
;                |add_sub_39c:add_sub_14|     ; 16 (16)     ; 0            ; 0          ; 0    ; 0            ; 16 (16)      ; 0 (0)             ; 0 (0)            ; 16 (16)         ; 0 (0)      ; |bar|lpm_divide:Div0|lpm_divide_r2m:auto_generated|sign_div_unsign_cnh:divider|alt_u_div_joe:divider|add_sub_39c:add_sub_14 ; work         ;
;                |add_sub_39c:add_sub_15|     ; 16 (16)     ; 0            ; 0          ; 0    ; 0            ; 16 (16)      ; 0 (0)             ; 0 (0)            ; 16 (16)         ; 0 (0)      ; |bar|lpm_divide:Div0|lpm_divide_r2m:auto_generated|sign_div_unsign_cnh:divider|alt_u_div_joe:divider|add_sub_39c:add_sub_15 ; work         ;
;                |add_sub_39c:add_sub_16|     ; 16 (16)     ; 0            ; 0          ; 0    ; 0            ; 16 (16)      ; 0 (0)             ; 0 (0)            ; 16 (16)         ; 0 (0)      ; |bar|lpm_divide:Div0|lpm_divide_r2m:auto_generated|sign_div_unsign_cnh:divider|alt_u_div_joe:divider|add_sub_39c:add_sub_16 ; work         ;
;                |add_sub_f7c:add_sub_1|      ; 1 (1)       ; 0            ; 0          ; 0    ; 0            ; 1 (1)        ; 0 (0)             ; 0 (0)            ; 0 (0)           ; 0 (0)      ; |bar|lpm_divide:Div0|lpm_divide_r2m:auto_generated|sign_div_unsign_cnh:divider|alt_u_div_joe:divider|add_sub_f7c:add_sub_1  ; work         ;
;                |add_sub_g7c:add_sub_2|      ; 4 (4)       ; 0            ; 0          ; 0    ; 0            ; 4 (4)        ; 0 (0)             ; 0 (0)            ; 4 (4)           ; 0 (0)      ; |bar|lpm_divide:Div0|lpm_divide_r2m:auto_generated|sign_div_unsign_cnh:divider|alt_u_div_joe:divider|add_sub_g7c:add_sub_2  ; work         ;
;                |add_sub_h7c:add_sub_3|      ; 5 (5)       ; 0            ; 0          ; 0    ; 0            ; 5 (5)        ; 0 (0)             ; 0 (0)            ; 5 (5)           ; 0 (0)      ; |bar|lpm_divide:Div0|lpm_divide_r2m:auto_generated|sign_div_unsign_cnh:divider|alt_u_div_joe:divider|add_sub_h7c:add_sub_3  ; work         ;
;                |add_sub_i7c:add_sub_4|      ; 6 (6)       ; 0            ; 0          ; 0    ; 0            ; 6 (6)        ; 0 (0)             ; 0 (0)            ; 6 (6)           ; 0 (0)      ; |bar|lpm_divide:Div0|lpm_divide_r2m:auto_generated|sign_div_unsign_cnh:divider|alt_u_div_joe:divider|add_sub_i7c:add_sub_4  ; work         ;
;                |add_sub_j7c:add_sub_5|      ; 7 (7)       ; 0            ; 0          ; 0    ; 0            ; 7 (7)        ; 0 (0)             ; 0 (0)            ; 7 (7)           ; 0 (0)      ; |bar|lpm_divide:Div0|lpm_divide_r2m:auto_generated|sign_div_unsign_cnh:divider|alt_u_div_joe:divider|add_sub_j7c:add_sub_5  ; work         ;
;                |add_sub_k7c:add_sub_6|      ; 8 (8)       ; 0            ; 0          ; 0    ; 0            ; 8 (8)        ; 0 (0)             ; 0 (0)            ; 8 (8)           ; 0 (0)      ; |bar|lpm_divide:Div0|lpm_divide_r2m:auto_generated|sign_div_unsign_cnh:divider|alt_u_div_joe:divider|add_sub_k7c:add_sub_6  ; work         ;
;                |add_sub_l7c:add_sub_7|      ; 9 (9)       ; 0            ; 0          ; 0    ; 0            ; 9 (9)        ; 0 (0)             ; 0 (0)            ; 9 (9)           ; 0 (0)      ; |bar|lpm_divide:Div0|lpm_divide_r2m:auto_generated|sign_div_unsign_cnh:divider|alt_u_div_joe:divider|add_sub_l7c:add_sub_7  ; work         ;
;                |add_sub_m7c:add_sub_8|      ; 10 (10)     ; 0            ; 0          ; 0    ; 0            ; 10 (10)      ; 0 (0)             ; 0 (0)            ; 10 (10)         ; 0 (0)      ; |bar|lpm_divide:Div0|lpm_divide_r2m:auto_generated|sign_div_unsign_cnh:divider|alt_u_div_joe:divider|add_sub_m7c:add_sub_8  ; work         ;
;                |add_sub_u8c:add_sub_9|      ; 11 (11)     ; 0            ; 0          ; 0    ; 0            ; 11 (11)      ; 0 (0)             ; 0 (0)            ; 11 (11)         ; 0 (0)      ; |bar|lpm_divide:Div0|lpm_divide_r2m:auto_generated|sign_div_unsign_cnh:divider|alt_u_div_joe:divider|add_sub_u8c:add_sub_9  ; work         ;
;                |add_sub_v8c:add_sub_10|     ; 12 (12)     ; 0            ; 0          ; 0    ; 0            ; 12 (12)      ; 0 (0)             ; 0 (0)            ; 12 (12)         ; 0 (0)      ; |bar|lpm_divide:Div0|lpm_divide_r2m:auto_generated|sign_div_unsign_cnh:divider|alt_u_div_joe:divider|add_sub_v8c:add_sub_10 ; work         ;
;    |lpm_mult:Mult0|                         ; 26 (0)      ; 0            ; 0          ; 0    ; 0            ; 26 (0)       ; 0 (0)             ; 0 (0)            ; 10 (0)          ; 0 (0)      ; |bar|lpm_mult:Mult0                                                                                                         ; work         ;
;       |multcore:mult_core|                  ; 26 (16)     ; 0            ; 0          ; 0    ; 0            ; 26 (16)      ; 0 (0)             ; 0 (0)            ; 10 (0)          ; 0 (0)      ; |bar|lpm_mult:Mult0|multcore:mult_core                                                                                      ; work         ;
;          |mpar_add:padder|                  ; 10 (0)      ; 0            ; 0          ; 0    ; 0            ; 10 (0)       ; 0 (0)             ; 0 (0)            ; 10 (0)          ; 0 (0)      ; |bar|lpm_mult:Mult0|multcore:mult_core|mpar_add:padder                                                                      ; work         ;
;             |lpm_add_sub:adder[0]|          ; 10 (0)      ; 0            ; 0          ; 0    ; 0            ; 10 (0)       ; 0 (0)             ; 0 (0)            ; 10 (0)          ; 0 (0)      ; |bar|lpm_mult:Mult0|multcore:mult_core|mpar_add:padder|lpm_add_sub:adder[0]                                                 ; work         ;
;                |addcore:adder|              ; 10 (0)      ; 0            ; 0          ; 0    ; 0            ; 10 (0)       ; 0 (0)             ; 0 (0)            ; 10 (0)          ; 0 (0)      ; |bar|lpm_mult:Mult0|multcore:mult_core|mpar_add:padder|lpm_add_sub:adder[0]|addcore:adder                                   ; work         ;
;                   |a_csnbuffer:result_node| ; 10 (10)     ; 0            ; 0          ; 0    ; 0            ; 10 (10)      ; 0 (0)             ; 0 (0)            ; 10 (10)         ; 0 (0)      ; |bar|lpm_mult:Mult0|multcore:mult_core|mpar_add:padder|lpm_add_sub:adder[0]|addcore:adder|a_csnbuffer:result_node           ; work         ;
+---------------------------------------------+-------------+--------------+------------+------+--------------+--------------+-------------------+------------------+-----------------+------------+-----------------------------------------------------------------------------------------------------------------------------+--------------+
Note: For table entries with two numbers listed, the numbers in parentheses indicate the number of resources of the given type used by the specific entity alone. The numbers listed outside of parentheses indicate the total resources of the given type used by the specific entity and all of its sub-entities in the hierarchy.


+------------------------------------------------------+
; General Register Statistics                          ;
+----------------------------------------------+-------+
; Statistic                                    ; Value ;
+----------------------------------------------+-------+
; Total registers                              ; 0     ;
; Number of registers using Synchronous Clear  ; 0     ;
; Number of registers using Synchronous Load   ; 0     ;
; Number of registers using Asynchronous Clear ; 0     ;
; Number of registers using Asynchronous Load  ; 0     ;
; Number of registers using Clock Enable       ; 0     ;
; Number of registers using Preset             ; 0     ;
+----------------------------------------------+-------+


+-------------------------------------------------------------------------------------------------------------+
; Source assignments for lpm_mult:Mult0|multcore:mult_core|mpar_add:padder|lpm_add_sub:adder[0]|addcore:adder ;
+---------------------------+-------+------+------------------------------------------------------------------+
; Assignment                ; Value ; From ; To                                                               ;
+---------------------------+-------+------+------------------------------------------------------------------+
; SUPPRESS_DA_RULE_INTERNAL ; A103  ; -    ; -                                                                ;
+---------------------------+-------+------+------------------------------------------------------------------+


+---------------------------------------------------------------------------------+
; Parameter Settings for Inferred Entity Instance: lpm_mult:Mult0                 ;
+------------------------------------------------+----------+---------------------+
; Parameter Name                                 ; Value    ; Type                ;
+------------------------------------------------+----------+---------------------+
; AUTO_CARRY_CHAINS                              ; ON       ; AUTO_CARRY          ;
; IGNORE_CARRY_BUFFERS                           ; OFF      ; IGNORE_CARRY        ;
; AUTO_CASCADE_CHAINS                            ; ON       ; AUTO_CASCADE        ;
; IGNORE_CASCADE_BUFFERS                         ; OFF      ; IGNORE_CASCADE      ;
; LPM_WIDTHA                                     ; 7        ; Untyped             ;
; LPM_WIDTHB                                     ; 10       ; Untyped             ;
; LPM_WIDTHP                                     ; 17       ; Untyped             ;
; LPM_WIDTHR                                     ; 17       ; Untyped             ;
; LPM_WIDTHS                                     ; 1        ; Untyped             ;
; LPM_REPRESENTATION                             ; UNSIGNED ; Untyped             ;
; LPM_PIPELINE                                   ; 0        ; Untyped             ;
; LATENCY                                        ; 0        ; Untyped             ;
; INPUT_A_IS_CONSTANT                            ; NO       ; Untyped             ;
; INPUT_B_IS_CONSTANT                            ; YES      ; Untyped             ;
; USE_EAB                                        ; OFF      ; Untyped             ;
; MAXIMIZE_SPEED                                 ; 6        ; Untyped             ;
; DEVICE_FAMILY                                  ; MAX II   ; Untyped             ;
; CARRY_CHAIN                                    ; MANUAL   ; Untyped             ;
; APEX20K_TECHNOLOGY_MAPPER                      ; LUT      ; TECH_MAPPER_APEX20K ;
; DEDICATED_MULTIPLIER_CIRCUITRY                 ; AUTO     ; Untyped             ;
; DEDICATED_MULTIPLIER_MIN_INPUT_WIDTH_FOR_AUTO  ; 0        ; Untyped             ;
; DEDICATED_MULTIPLIER_MIN_OUTPUT_WIDTH_FOR_AUTO ; 0        ; Untyped             ;
; CBXI_PARAMETER                                 ; NOTHING  ; Untyped             ;
; INPUT_A_FIXED_VALUE                            ; Bx       ; Untyped             ;
; INPUT_B_FIXED_VALUE                            ; Bx       ; Untyped             ;
; USE_AHDL_IMPLEMENTATION                        ; OFF      ; Untyped             ;
+------------------------------------------------+----------+---------------------+
Note: In order to hide this table in the UI and the text report file, please set the "Show Parameter Settings Tables in Synthesis Report" option in "Analysis and Synthesis Settings -> More Settings" to "Off".


+------------------------------------------------------------------+
; Parameter Settings for Inferred Entity Instance: lpm_divide:Div0 ;
+------------------------+----------------+------------------------+
; Parameter Name         ; Value          ; Type                   ;
+------------------------+----------------+------------------------+
; LPM_WIDTHN             ; 17             ; Untyped                ;
; LPM_WIDTHD             ; 14             ; Untyped                ;
; LPM_NREPRESENTATION    ; UNSIGNED       ; Untyped                ;
; LPM_DREPRESENTATION    ; UNSIGNED       ; Untyped                ;
; LPM_PIPELINE           ; 0              ; Untyped                ;
; LPM_REMAINDERPOSITIVE  ; TRUE           ; Untyped                ;
; MAXIMIZE_SPEED         ; 5              ; Untyped                ;
; CBXI_PARAMETER         ; lpm_divide_r2m ; Untyped                ;
; CARRY_CHAIN            ; MANUAL         ; Untyped                ;
; OPTIMIZE_FOR_SPEED     ; 5              ; Untyped                ;
; AUTO_CARRY_CHAINS      ; ON             ; AUTO_CARRY             ;
; IGNORE_CARRY_BUFFERS   ; OFF            ; IGNORE_CARRY           ;
; AUTO_CASCADE_CHAINS    ; ON             ; AUTO_CASCADE           ;
; IGNORE_CASCADE_BUFFERS ; OFF            ; IGNORE_CASCADE         ;
+------------------------+----------------+------------------------+
Note: In order to hide this table in the UI and the text report file, please set the "Show Parameter Settings Tables in Synthesis Report" option in "Analysis and Synthesis Settings -> More Settings" to "Off".


+--------------------------------------------------------+
; lpm_mult Parameter Settings by Entity Instance         ;
+---------------------------------------+----------------+
; Name                                  ; Value          ;
+---------------------------------------+----------------+
; Number of entity instances            ; 1              ;
; Entity Instance                       ; lpm_mult:Mult0 ;
;     -- LPM_WIDTHA                     ; 7              ;
;     -- LPM_WIDTHB                     ; 10             ;
;     -- LPM_WIDTHP                     ; 17             ;
;     -- LPM_REPRESENTATION             ; UNSIGNED       ;
;     -- INPUT_A_IS_CONSTANT            ; NO             ;
;     -- INPUT_B_IS_CONSTANT            ; YES            ;
;     -- USE_EAB                        ; OFF            ;
;     -- DEDICATED_MULTIPLIER_CIRCUITRY ; AUTO           ;
;     -- INPUT_A_FIXED_VALUE            ; Bx             ;
;     -- INPUT_B_FIXED_VALUE            ; Bx             ;
+---------------------------------------+----------------+


+-------------------------------+
; Analysis & Synthesis Messages ;
+-------------------------------+
Info: *******************************************************************
Info: Running Quartus II Analysis & Synthesis
    Info: Version 9.0 Build 132 02/25/2009 SJ Full Version
    Info: Processing started: Mon Oct 28 17:55:54 2013
Info: Command: quartus_map --read_settings_files=on --write_settings_files=off bar -c bar
Warning: Using design file bar.vhd, which is not specified as a design file for the current project, but contains definitions for 2 design units and 1 entities in project
    Info: Found design unit 1: bar-behave
    Info: Found entity 1: bar
Info: Elaborating entity "bar" for the top level hierarchy
Warning (10492): VHDL Process Statement warning at bar.vhd(17): signal "timeset" is read inside the Process Statement but isn't in the Process Statement's sensitivity list
Warning (10492): VHDL Process Statement warning at bar.vhd(19): signal "reset" is read inside the Process Statement but isn't in the Process Statement's sensitivity list
Info: Inferred 2 megafunctions from design logic
    Info: Inferred multiplier megafunction ("lpm_mult") from the following logic: "Mult0"
    Info: Inferred divider/modulo megafunction ("lpm_divide") from the following logic: "Div0"
Info: Elaborated megafunction instantiation "lpm_mult:Mult0"
Info: Instantiated megafunction "lpm_mult:Mult0" with the following parameter:
    Info: Parameter "LPM_WIDTHA" = "7"
    Info: Parameter "LPM_WIDTHB" = "10"
    Info: Parameter "LPM_WIDTHP" = "17"
    Info: Parameter "LPM_WIDTHR" = "17"
    Info: Parameter "LPM_WIDTHS" = "1"
    Info: Parameter "LPM_REPRESENTATION" = "UNSIGNED"
    Info: Parameter "INPUT_A_IS_CONSTANT" = "NO"
    Info: Parameter "INPUT_B_IS_CONSTANT" = "YES"
    Info: Parameter "MAXIMIZE_SPEED" = "6"
    Info: Parameter "DEDICATED_MULTIPLIER_CIRCUITRY" = "AUTO"
Info: Elaborated megafunction instantiation "lpm_mult:Mult0|multcore:mult_core", which is child of megafunction instantiation "lpm_mult:Mult0"
Info: Elaborated megafunction instantiation "lpm_mult:Mult0|multcore:mult_core|mpar_add:padder", which is child of megafunction instantiation "lpm_mult:Mult0"
Info: Elaborated megafunction instantiation "lpm_mult:Mult0|multcore:mult_core|mpar_add:padder|lpm_add_sub:adder[0]", which is child of megafunction instantiation "lpm_mult:Mult0"
Info: Elaborated megafunction instantiation "lpm_mult:Mult0|multcore:mult_core|mpar_add:padder|lpm_add_sub:adder[0]|addcore:adder", which is child of megafunction instantiation "lpm_mult:Mult0"
Info: Elaborated megafunction instantiation "lpm_mult:Mult0|multcore:mult_core|mpar_add:padder|lpm_add_sub:adder[0]|addcore:adder|a_csnbuffer:oflow_node", which is child of megafunction instantiation "lpm_mult:Mult0"
Info: Elaborated megafunction instantiation "lpm_mult:Mult0|multcore:mult_core|mpar_add:padder|lpm_add_sub:adder[0]|addcore:adder|a_csnbuffer:result_node", which is child of megafunction instantiation "lpm_mult:Mult0"
Info: Elaborated megafunction instantiation "lpm_mult:Mult0|multcore:mult_core|mpar_add:padder|lpm_add_sub:adder[0]|altshift:result_ext_latency_ffs", which is child of megafunction instantiation "lpm_mult:Mult0"
Info: Elaborated megafunction instantiation "lpm_mult:Mult0|multcore:mult_core|mpar_add:padder|lpm_add_sub:adder[0]|altshift:carry_ext_latency_ffs", which is child of megafunction instantiation "lpm_mult:Mult0"
Info: Elaborated megafunction instantiation "lpm_mult:Mult0|altshift:external_latency_ffs", which is child of megafunction instantiation "lpm_mult:Mult0"
Info: Elaborated megafunction instantiation "lpm_divide:Div0"
Info: Instantiated megafunction "lpm_divide:Div0" with the following parameter:
    Info: Parameter "LPM_WIDTHN" = "17"
    Info: Parameter "LPM_WIDTHD" = "14"
    Info: Parameter "LPM_NREPRESENTATION" = "UNSIGNED"
    Info: Parameter "LPM_DREPRESENTATION" = "UNSIGNED"
Info: Found 1 design units, including 1 entities, in source file db/lpm_divide_r2m.tdf
    Info: Found entity 1: lpm_divide_r2m
Info: Found 1 design units, including 1 entities, in source file db/sign_div_unsign_cnh.tdf
    Info: Found entity 1: sign_div_unsign_cnh
Info: Found 1 design units, including 1 entities, in source file db/alt_u_div_joe.tdf
    Info: Found entity 1: alt_u_div_joe
Info: Found 1 design units, including 1 entities, in source file db/add_sub_e7c.tdf
    Info: Found entity 1: add_sub_e7c
Info: Found 1 design units, including 1 entities, in source file db/add_sub_f7c.tdf
    Info: Found entity 1: add_sub_f7c
Info: Found 1 design units, including 1 entities, in source file db/add_sub_v8c.tdf
    Info: Found entity 1: add_sub_v8c
Info: Found 1 design units, including 1 entities, in source file db/add_sub_09c.tdf
    Info: Found entity 1: add_sub_09c
Info: Found 1 design units, including 1 entities, in source file db/add_sub_19c.tdf
    Info: Found entity 1: add_sub_19c
Info: Found 1 design units, including 1 entities, in source file db/add_sub_29c.tdf
    Info: Found entity 1: add_sub_29c
Info: Found 1 design units, including 1 entities, in source file db/add_sub_39c.tdf
    Info: Found entity 1: add_sub_39c
Info: Found 1 design units, including 1 entities, in source file db/add_sub_g7c.tdf
    Info: Found entity 1: add_sub_g7c
Info: Found 1 design units, including 1 entities, in source file db/add_sub_h7c.tdf
    Info: Found entity 1: add_sub_h7c
Info: Found 1 design units, including 1 entities, in source file db/add_sub_i7c.tdf
    Info: Found entity 1: add_sub_i7c
Info: Found 1 design units, including 1 entities, in source file db/add_sub_j7c.tdf
    Info: Found entity 1: add_sub_j7c
Info: Found 1 design units, including 1 entities, in source file db/add_sub_k7c.tdf
    Info: Found entity 1: add_sub_k7c
Info: Found 1 design units, including 1 entities, in source file db/add_sub_l7c.tdf
    Info: Found entity 1: add_sub_l7c
Info: Found 1 design units, including 1 entities, in source file db/add_sub_m7c.tdf
    Info: Found entity 1: add_sub_m7c
Info: Found 1 design units, including 1 entities, in source file db/add_sub_u8c.tdf
    Info: Found entity 1: add_sub_u8c
Info: Implemented 378 device resources after synthesis - the final resource count might be different
    Info: Implemented 25 input pins
    Info: Implemented 8 output pins
    Info: Implemented 345 logic cells
Info: Quartus II Analysis & Synthesis was successful. 0 errors, 3 warnings
    Info: Peak virtual memory: 245 megabytes
    Info: Processing ended: Mon Oct 28 17:55:58 2013
    Info: Elapsed time: 00:00:04
    Info: Total CPU time (on all processors): 00:00:05


