Classic Timing Analyzer report for close
Sun Oct 27 22:38:31 2013
Quartus II Version 9.0 Build 132 02/25/2009 SJ Full Version


---------------------
; Table of Contents ;
---------------------
  1. Legal Notice
  2. Timing Analyzer Summary
  3. Timing Analyzer Settings
  4. Clock Settings Summary
  5. Parallel Compilation
  6. Clock Setup: 'clk1kHz'
  7. tsu
  8. tco
  9. th
 10. Timing Analyzer Messages



----------------
; Legal Notice ;
----------------
Copyright (C) 1991-2009 Altera Corporation
Your use of Altera Corporation's design tools, logic functions 
and other software and tools, and its AMPP partner logic 
functions, and any output files from any of the foregoing 
(including device programming or simulation files), and any 
associated documentation or information are expressly subject 
to the terms and conditions of the Altera Program License 
Subscription Agreement, Altera MegaCore Function License 
Agreement, or other applicable license agreement, including, 
without limitation, that your use is for the sole purpose of 
programming logic devices manufactured by Altera and sold by 
Altera or its authorized distributors.  Please refer to the 
applicable agreement for further details.



+------------------------------------------------------------------------------------------------------------------------------------------------------------------------------+
; Timing Analyzer Summary                                                                                                                                                      ;
+------------------------------+-------+---------------+------------------------------------------------+---------------+---------------+------------+----------+--------------+
; Type                         ; Slack ; Required Time ; Actual Time                                    ; From          ; To            ; From Clock ; To Clock ; Failed Paths ;
+------------------------------+-------+---------------+------------------------------------------------+---------------+---------------+------------+----------+--------------+
; Worst-case tsu               ; N/A   ; None          ; 3.037 ns                                       ; modecontrol   ; resetall~reg0 ; --         ; clk1kHz  ; 0            ;
; Worst-case tco               ; N/A   ; None          ; 7.290 ns                                       ; resetall~reg0 ; resetall      ; clk1kHz    ; --       ; 0            ;
; Worst-case th                ; N/A   ; None          ; -2.135 ns                                      ; closecontrol  ; resetall~reg0 ; --         ; clk1kHz  ; 0            ;
; Clock Setup: 'clk1kHz'       ; N/A   ; None          ; Restricted to 304.04 MHz ( period = 3.289 ns ) ; resetall~reg0 ; resetall~reg0 ; clk1kHz    ; clk1kHz  ; 0            ;
; Total number of failed paths ;       ;               ;                                                ;               ;               ;            ;          ; 0            ;
+------------------------------+-------+---------------+------------------------------------------------+---------------+---------------+------------+----------+--------------+


+--------------------------------------------------------------------------------------------------------------------+
; Timing Analyzer Settings                                                                                           ;
+---------------------------------------------------------------------+--------------------+------+----+-------------+
; Option                                                              ; Setting            ; From ; To ; Entity Name ;
+---------------------------------------------------------------------+--------------------+------+----+-------------+
; Device Name                                                         ; EPM1270T144C5      ;      ;    ;             ;
; Timing Models                                                       ; Final              ;      ;    ;             ;
; Default hold multicycle                                             ; Same as Multicycle ;      ;    ;             ;
; Cut paths between unrelated clock domains                           ; On                 ;      ;    ;             ;
; Cut off read during write signal paths                              ; On                 ;      ;    ;             ;
; Cut off feedback from I/O pins                                      ; On                 ;      ;    ;             ;
; Report Combined Fast/Slow Timing                                    ; Off                ;      ;    ;             ;
; Ignore Clock Settings                                               ; Off                ;      ;    ;             ;
; Analyze latches as synchronous elements                             ; On                 ;      ;    ;             ;
; Enable Recovery/Removal analysis                                    ; Off                ;      ;    ;             ;
; Enable Clock Latency                                                ; Off                ;      ;    ;             ;
; Use TimeQuest Timing Analyzer                                       ; Off                ;      ;    ;             ;
; Minimum Core Junction Temperature                                   ; 0                  ;      ;    ;             ;
; Maximum Core Junction Temperature                                   ; 85                 ;      ;    ;             ;
; Number of source nodes to report per destination node               ; 10                 ;      ;    ;             ;
; Number of destination nodes to report                               ; 10                 ;      ;    ;             ;
; Number of paths to report                                           ; 200                ;      ;    ;             ;
; Report Minimum Timing Checks                                        ; Off                ;      ;    ;             ;
; Use Fast Timing Models                                              ; Off                ;      ;    ;             ;
; Report IO Paths Separately                                          ; Off                ;      ;    ;             ;
; Perform Multicorner Analysis                                        ; Off                ;      ;    ;             ;
; Reports the worst-case path for each clock domain and analysis      ; Off                ;      ;    ;             ;
; Removes common clock path pessimism (CCPP) during slack computation ; Off                ;      ;    ;             ;
; Output I/O Timing Endpoint                                          ; Near End           ;      ;    ;             ;
+---------------------------------------------------------------------+--------------------+------+----+-------------+


+------------------------------------------------------------------------------------------------------------------------------------------------------------------------------------+
; Clock Settings Summary                                                                                                                                                             ;
+-----------------+--------------------+----------+------------------+---------------+--------------+----------+-----------------------+---------------------+--------+--------------+
; Clock Node Name ; Clock Setting Name ; Type     ; Fmax Requirement ; Early Latency ; Late Latency ; Based on ; Multiply Base Fmax by ; Divide Base Fmax by ; Offset ; Phase offset ;
+-----------------+--------------------+----------+------------------+---------------+--------------+----------+-----------------------+---------------------+--------+--------------+
; clk1kHz         ;                    ; User Pin ; None             ; 0.000 ns      ; 0.000 ns     ; --       ; N/A                   ; N/A                 ; N/A    ;              ;
+-----------------+--------------------+----------+------------------+---------------+--------------+----------+-----------------------+---------------------+--------+--------------+


+------------------------------------------+
; Parallel Compilation                     ;
+----------------------------+-------------+
; Processors                 ; Number      ;
+----------------------------+-------------+
; Number detected on machine ; 2           ;
; Maximum allowed            ; 2           ;
;                            ;             ;
; Average used               ; 1.00        ;
; Maximum used               ; 1           ;
;                            ;             ;
; Usage by Processor         ; % Time Used ;
;     1 processor            ; 100.0%      ;
;     2 processors           ;   0.0%      ;
+----------------------------+-------------+


+----------------------------------------------------------------------------------------------------------------------------------------------------------------------------------------------------+
; Clock Setup: 'clk1kHz'                                                                                                                                                                             ;
+-------+------------------------------------------------+---------------+---------------+------------+----------+-----------------------------+---------------------------+-------------------------+
; Slack ; Actual fmax (period)                           ; From          ; To            ; From Clock ; To Clock ; Required Setup Relationship ; Required Longest P2P Time ; Actual Longest P2P Time ;
+-------+------------------------------------------------+---------------+---------------+------------+----------+-----------------------------+---------------------------+-------------------------+
; N/A   ; Restricted to 304.04 MHz ( period = 3.289 ns ) ; resetall~reg0 ; resetall~reg0 ; clk1kHz    ; clk1kHz  ; None                        ; None                      ; 2.076 ns                ;
; N/A   ; Restricted to 304.04 MHz ( period = 3.289 ns ) ; resetall~reg0 ; mask          ; clk1kHz    ; clk1kHz  ; None                        ; None                      ; 1.859 ns                ;
; N/A   ; Restricted to 304.04 MHz ( period = 3.289 ns ) ; mask          ; resetall~reg0 ; clk1kHz    ; clk1kHz  ; None                        ; None                      ; 1.780 ns                ;
; N/A   ; Restricted to 304.04 MHz ( period = 3.289 ns ) ; mask          ; mask          ; clk1kHz    ; clk1kHz  ; None                        ; None                      ; 1.770 ns                ;
+-------+------------------------------------------------+---------------+---------------+------------+----------+-----------------------------+---------------------------+-------------------------+


+-----------------------------------------------------------------------------+
; tsu                                                                         ;
+-------+--------------+------------+--------------+---------------+----------+
; Slack ; Required tsu ; Actual tsu ; From         ; To            ; To Clock ;
+-------+--------------+------------+--------------+---------------+----------+
; N/A   ; None         ; 3.037 ns   ; modecontrol  ; resetall~reg0 ; clk1kHz  ;
; N/A   ; None         ; 2.773 ns   ; orderclose   ; resetall~reg0 ; clk1kHz  ;
; N/A   ; None         ; 2.689 ns   ; closecontrol ; resetall~reg0 ; clk1kHz  ;
+-------+--------------+------------+--------------+---------------+----------+


+---------------------------------------------------------------------------+
; tco                                                                       ;
+-------+--------------+------------+---------------+----------+------------+
; Slack ; Required tco ; Actual tco ; From          ; To       ; From Clock ;
+-------+--------------+------------+---------------+----------+------------+
; N/A   ; None         ; 7.290 ns   ; resetall~reg0 ; resetall ; clk1kHz    ;
+-------+--------------+------------+---------------+----------+------------+


+-----------------------------------------------------------------------------------+
; th                                                                                ;
+---------------+-------------+-----------+--------------+---------------+----------+
; Minimum Slack ; Required th ; Actual th ; From         ; To            ; To Clock ;
+---------------+-------------+-----------+--------------+---------------+----------+
; N/A           ; None        ; -2.135 ns ; closecontrol ; resetall~reg0 ; clk1kHz  ;
; N/A           ; None        ; -2.219 ns ; orderclose   ; resetall~reg0 ; clk1kHz  ;
; N/A           ; None        ; -2.483 ns ; modecontrol  ; resetall~reg0 ; clk1kHz  ;
+---------------+-------------+-----------+--------------+---------------+----------+


+--------------------------+
; Timing Analyzer Messages ;
+--------------------------+
Info: *******************************************************************
Info: Running Quartus II Classic Timing Analyzer
    Info: Version 9.0 Build 132 02/25/2009 SJ Full Version
    Info: Processing started: Sun Oct 27 22:38:31 2013
Info: Command: quartus_tan --read_settings_files=off --write_settings_files=off close -c close
Info: Parallel compilation is enabled and will use 2 of the 2 processors detected
Info: Started post-fitting delay annotation
Info: Delay annotation completed successfully
Warning: Found pins functioning as undefined clocks and/or memory enables
    Info: Assuming node "clk1kHz" is an undefined clock
Info: Clock "clk1kHz" Internal fmax is restricted to 304.04 MHz between source register "resetall~reg0" and destination register "resetall~reg0"
    Info: fmax restricted to clock pin edge rate 3.289 ns. Expand message to see actual delay path.
        Info: + Longest register to register delay is 2.076 ns
            Info: 1: + IC(0.000 ns) + CELL(0.000 ns) = 0.000 ns; Loc. = LC_X1_Y10_N4; Fanout = 3; REG Node = 'resetall~reg0'
            Info: 2: + IC(0.893 ns) + CELL(1.183 ns) = 2.076 ns; Loc. = LC_X1_Y10_N4; Fanout = 3; REG Node = 'resetall~reg0'
            Info: Total cell delay = 1.183 ns ( 56.98 % )
            Info: Total interconnect delay = 0.893 ns ( 43.02 % )
        Info: - Smallest clock skew is 0.000 ns
            Info: + Shortest clock path from clock "clk1kHz" to destination register is 3.819 ns
                Info: 1: + IC(0.000 ns) + CELL(1.163 ns) = 1.163 ns; Loc. = PIN_18; Fanout = 2; CLK Node = 'clk1kHz'
                Info: 2: + IC(1.738 ns) + CELL(0.918 ns) = 3.819 ns; Loc. = LC_X1_Y10_N4; Fanout = 3; REG Node = 'resetall~reg0'
                Info: Total cell delay = 2.081 ns ( 54.49 % )
                Info: Total interconnect delay = 1.738 ns ( 45.51 % )
            Info: - Longest clock path from clock "clk1kHz" to source register is 3.819 ns
                Info: 1: + IC(0.000 ns) + CELL(1.163 ns) = 1.163 ns; Loc. = PIN_18; Fanout = 2; CLK Node = 'clk1kHz'
                Info: 2: + IC(1.738 ns) + CELL(0.918 ns) = 3.819 ns; Loc. = LC_X1_Y10_N4; Fanout = 3; REG Node = 'resetall~reg0'
                Info: Total cell delay = 2.081 ns ( 54.49 % )
                Info: Total interconnect delay = 1.738 ns ( 45.51 % )
        Info: + Micro clock to output delay of source is 0.376 ns
        Info: + Micro setup delay of destination is 0.333 ns
Info: tsu for register "resetall~reg0" (data pin = "modecontrol", clock pin = "clk1kHz") is 3.037 ns
    Info: + Longest pin to register delay is 6.523 ns
        Info: 1: + IC(0.000 ns) + CELL(1.132 ns) = 1.132 ns; Loc. = PIN_95; Fanout = 1; PIN Node = 'modecontrol'
        Info: 2: + IC(4.330 ns) + CELL(1.061 ns) = 6.523 ns; Loc. = LC_X1_Y10_N4; Fanout = 3; REG Node = 'resetall~reg0'
        Info: Total cell delay = 2.193 ns ( 33.62 % )
        Info: Total interconnect delay = 4.330 ns ( 66.38 % )
    Info: + Micro setup delay of destination is 0.333 ns
    Info: - Shortest clock path from clock "clk1kHz" to destination register is 3.819 ns
        Info: 1: + IC(0.000 ns) + CELL(1.163 ns) = 1.163 ns; Loc. = PIN_18; Fanout = 2; CLK Node = 'clk1kHz'
        Info: 2: + IC(1.738 ns) + CELL(0.918 ns) = 3.819 ns; Loc. = LC_X1_Y10_N4; Fanout = 3; REG Node = 'resetall~reg0'
        Info: Total cell delay = 2.081 ns ( 54.49 % )
        Info: Total interconnect delay = 1.738 ns ( 45.51 % )
Info: tco from clock "clk1kHz" to destination pin "resetall" through register "resetall~reg0" is 7.290 ns
    Info: + Longest clock path from clock "clk1kHz" to source register is 3.819 ns
        Info: 1: + IC(0.000 ns) + CELL(1.163 ns) = 1.163 ns; Loc. = PIN_18; Fanout = 2; CLK Node = 'clk1kHz'
        Info: 2: + IC(1.738 ns) + CELL(0.918 ns) = 3.819 ns; Loc. = LC_X1_Y10_N4; Fanout = 3; REG Node = 'resetall~reg0'
        Info: Total cell delay = 2.081 ns ( 54.49 % )
        Info: Total interconnect delay = 1.738 ns ( 45.51 % )
    Info: + Micro clock to output delay of source is 0.376 ns
    Info: + Longest register to pin delay is 3.095 ns
        Info: 1: + IC(0.000 ns) + CELL(0.000 ns) = 0.000 ns; Loc. = LC_X1_Y10_N4; Fanout = 3; REG Node = 'resetall~reg0'
        Info: 2: + IC(0.773 ns) + CELL(2.322 ns) = 3.095 ns; Loc. = PIN_1; Fanout = 0; PIN Node = 'resetall'
        Info: Total cell delay = 2.322 ns ( 75.02 % )
        Info: Total interconnect delay = 0.773 ns ( 24.98 % )
Info: th for register "resetall~reg0" (data pin = "closecontrol", clock pin = "clk1kHz") is -2.135 ns
    Info: + Longest clock path from clock "clk1kHz" to destination register is 3.819 ns
        Info: 1: + IC(0.000 ns) + CELL(1.163 ns) = 1.163 ns; Loc. = PIN_18; Fanout = 2; CLK Node = 'clk1kHz'
        Info: 2: + IC(1.738 ns) + CELL(0.918 ns) = 3.819 ns; Loc. = LC_X1_Y10_N4; Fanout = 3; REG Node = 'resetall~reg0'
        Info: Total cell delay = 2.081 ns ( 54.49 % )
        Info: Total interconnect delay = 1.738 ns ( 45.51 % )
    Info: + Micro hold delay of destination is 0.221 ns
    Info: - Shortest pin to register delay is 6.175 ns
        Info: 1: + IC(0.000 ns) + CELL(1.132 ns) = 1.132 ns; Loc. = PIN_11; Fanout = 1; PIN Node = 'closecontrol'
        Info: 2: + IC(3.001 ns) + CELL(0.740 ns) = 4.873 ns; Loc. = LC_X1_Y10_N1; Fanout = 1; COMB Node = 'resetall~3'
        Info: 3: + IC(0.711 ns) + CELL(0.591 ns) = 6.175 ns; Loc. = LC_X1_Y10_N4; Fanout = 3; REG Node = 'resetall~reg0'
        Info: Total cell delay = 2.463 ns ( 39.89 % )
        Info: Total interconnect delay = 3.712 ns ( 60.11 % )
Info: Quartus II Classic Timing Analyzer was successful. 0 errors, 1 warning
    Info: Peak virtual memory: 180 megabytes
    Info: Processing ended: Sun Oct 27 22:38:31 2013
    Info: Elapsed time: 00:00:00
    Info: Total CPU time (on all processors): 00:00:00


