Classic Timing Analyzer report for dec7s
Mon Oct 28 15:16:43 2013
Quartus II Version 9.0 Build 132 02/25/2009 SJ Full Version


---------------------
; Table of Contents ;
---------------------
  1. Legal Notice
  2. Timing Analyzer Summary
  3. Timing Analyzer Settings
  4. Parallel Compilation
  5. tpd
  6. Timing Analyzer Messages



----------------
; Legal Notice ;
----------------
Copyright (C) 1991-2009 Altera Corporation
Your use of Altera Corporation's design tools, logic functions 
and other software and tools, and its AMPP partner logic 
functions, and any output files from any of the foregoing 
(including device programming or simulation files), and any 
associated documentation or information are expressly subject 
to the terms and conditions of the Altera Program License 
Subscription Agreement, Altera MegaCore Function License 
Agreement, or other applicable license agreement, including, 
without limitation, that your use is for the sole purpose of 
programming logic devices manufactured by Altera and sold by 
Altera or its authorized distributors.  Please refer to the 
applicable agreement for further details.



+---------------------------------------------------------------------------------------------------------------------------------+
; Timing Analyzer Summary                                                                                                         ;
+------------------------------+-------+---------------+-------------+----------+----------+------------+----------+--------------+
; Type                         ; Slack ; Required Time ; Actual Time ; From     ; To       ; From Clock ; To Clock ; Failed Paths ;
+------------------------------+-------+---------------+-------------+----------+----------+------------+----------+--------------+
; Worst-case tpd               ; N/A   ; None          ; 9.953 ns    ; input[0] ; led7s[6] ; --         ; --       ; 0            ;
; Total number of failed paths ;       ;               ;             ;          ;          ;            ;          ; 0            ;
+------------------------------+-------+---------------+-------------+----------+----------+------------+----------+--------------+


+--------------------------------------------------------------------------------------------------------------------+
; Timing Analyzer Settings                                                                                           ;
+---------------------------------------------------------------------+--------------------+------+----+-------------+
; Option                                                              ; Setting            ; From ; To ; Entity Name ;
+---------------------------------------------------------------------+--------------------+------+----+-------------+
; Device Name                                                         ; EPM1270T144C5      ;      ;    ;             ;
; Timing Models                                                       ; Final              ;      ;    ;             ;
; Default hold multicycle                                             ; Same as Multicycle ;      ;    ;             ;
; Cut paths between unrelated clock domains                           ; On                 ;      ;    ;             ;
; Cut off read during write signal paths                              ; On                 ;      ;    ;             ;
; Cut off feedback from I/O pins                                      ; On                 ;      ;    ;             ;
; Report Combined Fast/Slow Timing                                    ; Off                ;      ;    ;             ;
; Ignore Clock Settings                                               ; Off                ;      ;    ;             ;
; Analyze latches as synchronous elements                             ; On                 ;      ;    ;             ;
; Enable Recovery/Removal analysis                                    ; Off                ;      ;    ;             ;
; Enable Clock Latency                                                ; Off                ;      ;    ;             ;
; Use TimeQuest Timing Analyzer                                       ; Off                ;      ;    ;             ;
; Minimum Core Junction Temperature                                   ; 0                  ;      ;    ;             ;
; Maximum Core Junction Temperature                                   ; 85                 ;      ;    ;             ;
; Number of source nodes to report per destination node               ; 10                 ;      ;    ;             ;
; Number of destination nodes to report                               ; 10                 ;      ;    ;             ;
; Number of paths to report                                           ; 200                ;      ;    ;             ;
; Report Minimum Timing Checks                                        ; Off                ;      ;    ;             ;
; Use Fast Timing Models                                              ; Off                ;      ;    ;             ;
; Report IO Paths Separately                                          ; Off                ;      ;    ;             ;
; Perform Multicorner Analysis                                        ; Off                ;      ;    ;             ;
; Reports the worst-case path for each clock domain and analysis      ; Off                ;      ;    ;             ;
; Removes common clock path pessimism (CCPP) during slack computation ; Off                ;      ;    ;             ;
; Output I/O Timing Endpoint                                          ; Near End           ;      ;    ;             ;
+---------------------------------------------------------------------+--------------------+------+----+-------------+


+------------------------------------------+
; Parallel Compilation                     ;
+----------------------------+-------------+
; Processors                 ; Number      ;
+----------------------------+-------------+
; Number detected on machine ; 2           ;
; Maximum allowed            ; 2           ;
;                            ;             ;
; Average used               ; 1.00        ;
; Maximum used               ; 1           ;
;                            ;             ;
; Usage by Processor         ; % Time Used ;
;     1 processor            ; 100.0%      ;
;     2 processors           ;   0.0%      ;
+----------------------------+-------------+


+-------------------------------------------------------------------+
; tpd                                                               ;
+-------+-------------------+-----------------+----------+----------+
; Slack ; Required P2P Time ; Actual P2P Time ; From     ; To       ;
+-------+-------------------+-----------------+----------+----------+
; N/A   ; None              ; 9.953 ns        ; input[0] ; led7s[6] ;
; N/A   ; None              ; 9.852 ns        ; input[2] ; led7s[6] ;
; N/A   ; None              ; 9.820 ns        ; input[1] ; led7s[6] ;
; N/A   ; None              ; 9.595 ns        ; input[0] ; led7s[0] ;
; N/A   ; None              ; 9.497 ns        ; input[0] ; led7s[1] ;
; N/A   ; None              ; 9.490 ns        ; input[2] ; led7s[0] ;
; N/A   ; None              ; 9.462 ns        ; input[1] ; led7s[0] ;
; N/A   ; None              ; 9.413 ns        ; input[2] ; led7s[1] ;
; N/A   ; None              ; 9.364 ns        ; input[1] ; led7s[1] ;
; N/A   ; None              ; 9.242 ns        ; input[3] ; led7s[6] ;
; N/A   ; None              ; 9.032 ns        ; input[0] ; led7s[5] ;
; N/A   ; None              ; 8.975 ns        ; input[0] ; led7s[2] ;
; N/A   ; None              ; 8.884 ns        ; input[3] ; led7s[0] ;
; N/A   ; None              ; 8.790 ns        ; input[3] ; led7s[1] ;
; N/A   ; None              ; 8.581 ns        ; input[1] ; led7s[2] ;
; N/A   ; None              ; 8.331 ns        ; input[1] ; led7s[5] ;
; N/A   ; None              ; 7.943 ns        ; input[1] ; led7s[3] ;
; N/A   ; None              ; 7.940 ns        ; input[1] ; led7s[4] ;
; N/A   ; None              ; 7.873 ns        ; input[3] ; led7s[2] ;
; N/A   ; None              ; 7.821 ns        ; input[2] ; led7s[2] ;
; N/A   ; None              ; 7.755 ns        ; input[3] ; led7s[5] ;
; N/A   ; None              ; 7.718 ns        ; input[2] ; led7s[5] ;
; N/A   ; None              ; 7.493 ns        ; input[0] ; led7s[3] ;
; N/A   ; None              ; 7.490 ns        ; input[0] ; led7s[4] ;
; N/A   ; None              ; 6.471 ns        ; input[2] ; led7s[3] ;
; N/A   ; None              ; 6.465 ns        ; input[2] ; led7s[4] ;
; N/A   ; None              ; 6.224 ns        ; input[3] ; led7s[3] ;
; N/A   ; None              ; 6.217 ns        ; input[3] ; led7s[4] ;
+-------+-------------------+-----------------+----------+----------+


+--------------------------+
; Timing Analyzer Messages ;
+--------------------------+
Info: *******************************************************************
Info: Running Quartus II Classic Timing Analyzer
    Info: Version 9.0 Build 132 02/25/2009 SJ Full Version
    Info: Processing started: Mon Oct 28 15:16:42 2013
Info: Command: quartus_tan --read_settings_files=off --write_settings_files=off dec7s -c dec7s
Info: Parallel compilation is enabled and will use 2 of the 2 processors detected
Info: Started post-fitting delay annotation
Info: Delay annotation completed successfully
Info: Longest tpd from source pin "input[0]" to destination pin "led7s[6]" is 9.953 ns
    Info: 1: + IC(0.000 ns) + CELL(1.132 ns) = 1.132 ns; Loc. = PIN_43; Fanout = 7; PIN Node = 'input[0]'
    Info: 2: + IC(2.843 ns) + CELL(0.200 ns) = 4.175 ns; Loc. = LC_X1_Y7_N4; Fanout = 1; COMB Node = 'Mux0~0'
    Info: 3: + IC(3.456 ns) + CELL(2.322 ns) = 9.953 ns; Loc. = PIN_101; Fanout = 0; PIN Node = 'led7s[6]'
    Info: Total cell delay = 3.654 ns ( 36.71 % )
    Info: Total interconnect delay = 6.299 ns ( 63.29 % )
Info: Quartus II Classic Timing Analyzer was successful. 0 errors, 0 warnings
    Info: Peak virtual memory: 180 megabytes
    Info: Processing ended: Mon Oct 28 15:16:43 2013
    Info: Elapsed time: 00:00:01
    Info: Total CPU time (on all processors): 00:00:00


