Fitter report for decount
Thu Oct 03 08:53:34 2013
Quartus II Version 9.1 Build 222 10/21/2009 SJ Full Version


---------------------
; Table of Contents ;
---------------------
  1. Legal Notice
  2. Fitter Summary
  3. Fitter Settings
  4. Parallel Compilation
  5. Fitter Netlist Optimizations
  6. Pin-Out File
  7. Fitter Resource Usage Summary
  8. Input Pins
  9. Output Pins
 10. I/O Bank Usage
 11. All Package Pins
 12. Output Pin Default Load For Reported TCO
 13. Fitter Resource Utilization by Entity
 14. Delay Chain Summary
 15. Control Signals
 16. Global & Other Fast Signals
 17. Non-Global High Fan-Out Signals
 18. Interconnect Usage Summary
 19. LAB Logic Elements
 20. LAB-wide Signals
 21. LAB Signals Sourced
 22. LAB Signals Sourced Out
 23. LAB Distinct Inputs
 24. Fitter Device Options
 25. Estimated Delay Added for Hold Timing
 26. Fitter Messages
 27. Fitter Suppressed Messages



----------------
; Legal Notice ;
----------------
Copyright (C) 1991-2009 Altera Corporation
Your use of Altera Corporation's design tools, logic functions 
and other software and tools, and its AMPP partner logic 
functions, and any output files from any of the foregoing 
(including device programming or simulation files), and any 
associated documentation or information are expressly subject 
to the terms and conditions of the Altera Program License 
Subscription Agreement, Altera MegaCore Function License 
Agreement, or other applicable license agreement, including, 
without limitation, that your use is for the sole purpose of 
programming logic devices manufactured by Altera and sold by 
Altera or its authorized distributors.  Please refer to the 
applicable agreement for further details.



+------------------------------------------------------------------+
; Fitter Summary                                                   ;
+-----------------------+------------------------------------------+
; Fitter Status         ; Successful - Thu Oct 03 08:53:34 2013    ;
; Quartus II Version    ; 9.1 Build 222 10/21/2009 SJ Full Version ;
; Revision Name         ; decount                                  ;
; Top-level Entity Name ; decount                                  ;
; Family                ; MAX II                                   ;
; Device                ; EPM1270T144C5                            ;
; Timing Models         ; Final                                    ;
; Total logic elements  ; 169 / 1,270 ( 13 % )                     ;
; Total pins            ; 28 / 116 ( 24 % )                        ;
; Total virtual pins    ; 0                                        ;
; UFM blocks            ; 0 / 1 ( 0 % )                            ;
+-----------------------+------------------------------------------+


+----------------------------------------------------------------------------------------------------------------------------------------------+
; Fitter Settings                                                                                                                              ;
+----------------------------------------------------------------------------+--------------------------------+--------------------------------+
; Option                                                                     ; Setting                        ; Default Value                  ;
+----------------------------------------------------------------------------+--------------------------------+--------------------------------+
; Device                                                                     ; EPM1270T144C5                  ;                                ;
; Minimum Core Junction Temperature                                          ; 0                              ;                                ;
; Maximum Core Junction Temperature                                          ; 85                             ;                                ;
; Fit Attempts to Skip                                                       ; 0                              ; 0.0                            ;
; Use smart compilation                                                      ; Off                            ; Off                            ;
; Enable parallel Assembler and TimeQuest Timing Analyzer during compilation ; On                             ; On                             ;
; Enable compact report table                                                ; Off                            ; Off                            ;
; Use TimeQuest Timing Analyzer                                              ; Off                            ; Off                            ;
; Router Timing Optimization Level                                           ; Normal                         ; Normal                         ;
; Placement Effort Multiplier                                                ; 1.0                            ; 1.0                            ;
; Router Effort Multiplier                                                   ; 1.0                            ; 1.0                            ;
; Always Enable Input Buffers                                                ; Off                            ; Off                            ;
; Optimize Hold Timing                                                       ; IO Paths and Minimum TPD Paths ; IO Paths and Minimum TPD Paths ;
; Optimize Multi-Corner Timing                                               ; Off                            ; Off                            ;
; Guarantee I/O Paths Have Zero Hold Time at Fast Corner                     ; On                             ; On                             ;
; PowerPlay Power Optimization                                               ; Normal compilation             ; Normal compilation             ;
; Optimize Timing                                                            ; Normal compilation             ; Normal compilation             ;
; Optimize Timing for ECOs                                                   ; Off                            ; Off                            ;
; Regenerate full fit report during ECO compiles                             ; Off                            ; Off                            ;
; Optimize IOC Register Placement for Timing                                 ; On                             ; On                             ;
; Limit to One Fitting Attempt                                               ; Off                            ; Off                            ;
; Final Placement Optimizations                                              ; Automatically                  ; Automatically                  ;
; Fitter Aggressive Routability Optimizations                                ; Automatically                  ; Automatically                  ;
; Fitter Initial Placement Seed                                              ; 1                              ; 1                              ;
; Slow Slew Rate                                                             ; Off                            ; Off                            ;
; PCI I/O                                                                    ; Off                            ; Off                            ;
; Weak Pull-Up Resistor                                                      ; Off                            ; Off                            ;
; Enable Bus-Hold Circuitry                                                  ; Off                            ; Off                            ;
; Auto Delay Chains                                                          ; On                             ; On                             ;
; Perform Physical Synthesis for Combinational Logic for Performance         ; Off                            ; Off                            ;
; Perform Register Duplication for Performance                               ; Off                            ; Off                            ;
; Perform Register Retiming for Performance                                  ; Off                            ; Off                            ;
; Perform Asynchronous Signal Pipelining                                     ; Off                            ; Off                            ;
; Fitter Effort                                                              ; Auto Fit                       ; Auto Fit                       ;
; Physical Synthesis Effort Level                                            ; Normal                         ; Normal                         ;
; Logic Cell Insertion - Logic Duplication                                   ; Auto                           ; Auto                           ;
; Auto Register Duplication                                                  ; Auto                           ; Auto                           ;
; Auto Global Clock                                                          ; On                             ; On                             ;
; Auto Global Register Control Signals                                       ; On                             ; On                             ;
; Stop After Congestion Map Generation                                       ; Off                            ; Off                            ;
; Save Intermediate Fitting Results                                          ; Off                            ; Off                            ;
; Force Fitter to Avoid Periphery Placement Warnings                         ; Off                            ; Off                            ;
; Use Best Effort Settings for Compilation                                   ; Off                            ; Off                            ;
+----------------------------------------------------------------------------+--------------------------------+--------------------------------+


+------------------------------------------+
; Parallel Compilation                     ;
+----------------------------+-------------+
; Processors                 ; Number      ;
+----------------------------+-------------+
; Number detected on machine ; 2           ;
; Maximum allowed            ; 2           ;
;                            ;             ;
; Average used               ; 1.00        ;
; Maximum used               ; 2           ;
;                            ;             ;
; Usage by Processor         ; % Time Used ;
;     1 processor            ; 100.0%      ;
;     2 processors           ; < 0.1%      ;
+----------------------------+-------------+


+---------------------------------------------------------------------------------------------------------------------------------------------------------------------------------------------+
; Fitter Netlist Optimizations                                                                                                                                                                ;
+-------------------------------------------------+---------+-----------+--------------------------+-----------+----------------+------------------+------------------+-----------------------+
; Node                                            ; Action  ; Operation ; Reason                   ; Node Port ; Node Port Name ; Destination Node ; Destination Port ; Destination Port Name ;
+-------------------------------------------------+---------+-----------+--------------------------+-----------+----------------+------------------+------------------+-----------------------+
; leftimetemp[15]~reg0_ins_cout                   ; Created ; Placement ; Carry chain legalization ;           ;                ;                  ;                  ;                       ;
; leftimetemp[15]~reg0_ins_cout_ins_cout          ; Created ; Placement ; Carry chain legalization ;           ;                ;                  ;                  ;                       ;
; leftimetemp[15]~reg0_ins_cout_ins_cout_ins_cout ; Created ; Placement ; Carry chain legalization ;           ;                ;                  ;                  ;                       ;
+-------------------------------------------------+---------+-----------+--------------------------+-----------+----------------+------------------+------------------+-----------------------+


+--------------+
; Pin-Out File ;
+--------------+
The pin-out file can be found in C:/Documents and Settings/admin/×ÀÃæ/wave_final/decount.pin.


+--------------------------------------------------------------------+
; Fitter Resource Usage Summary                                      ;
+---------------------------------------------+----------------------+
; Resource                                    ; Usage                ;
+---------------------------------------------+----------------------+
; Total logic elements                        ; 169 / 1,270 ( 13 % ) ;
;     -- Combinational with no register       ; 125                  ;
;     -- Register only                        ; 0                    ;
;     -- Combinational with a register        ; 44                   ;
;                                             ;                      ;
; Logic element usage by number of LUT inputs ;                      ;
;     -- 4 input functions                    ; 40                   ;
;     -- 3 input functions                    ; 88                   ;
;     -- 2 input functions                    ; 37                   ;
;     -- 1 input functions                    ; 1                    ;
;     -- 0 input functions                    ; 3                    ;
;                                             ;                      ;
; Logic elements by mode                      ;                      ;
;     -- normal mode                          ; 95                   ;
;     -- arithmetic mode                      ; 74                   ;
;     -- qfbk mode                            ; 7                    ;
;     -- register cascade mode                ; 0                    ;
;     -- synchronous clear/load mode          ; 14                   ;
;     -- asynchronous clear/load mode         ; 0                    ;
;                                             ;                      ;
; Total registers                             ; 44 / 1,270 ( 3 % )   ;
; Total LABs                                  ; 20 / 127 ( 16 % )    ;
; Logic elements in carry chains              ; 80                   ;
; User inserted logic elements                ; 0                    ;
; Virtual pins                                ; 0                    ;
; I/O pins                                    ; 28 / 116 ( 24 % )    ;
;     -- Clock pins                           ; 2 / 4 ( 50 % )       ;
; Global signals                              ; 1                    ;
; UFM blocks                                  ; 0 / 1 ( 0 % )        ;
; Global clocks                               ; 1 / 4 ( 25 % )       ;
; JTAGs                                       ; 0 / 1 ( 0 % )        ;
; Average interconnect usage (total/H/V)      ; 8% / 10% / 7%        ;
; Peak interconnect usage (total/H/V)         ; 9% / 11% / 7%        ;
; Maximum fan-out node                        ; clk1Hz               ;
; Maximum fan-out                             ; 44                   ;
; Highest non-global fan-out signal           ; reset                ;
; Highest non-global fan-out                  ; 42                   ;
; Total fan-out                               ; 644                  ;
; Average fan-out                             ; 3.27                 ;
+---------------------------------------------+----------------------+


+-------------------------------------------------------------------------------------------------------------------------------------------------------------------------------------------------------------------+
; Input Pins                                                                                                                                                                                                        ;
+------------+-------+----------+--------------+--------------+-------------+-----------------------+--------------------+--------+-----------------+----------+--------------+--------------+----------------------+
; Name       ; Pin # ; I/O Bank ; X coordinate ; Y coordinate ; Cell number ; Combinational Fan-Out ; Registered Fan-Out ; Global ; PCI I/O Enabled ; Bus Hold ; Weak Pull Up ; I/O Standard ; Location assigned by ;
+------------+-------+----------+--------------+--------------+-------------+-----------------------+--------------------+--------+-----------------+----------+--------------+--------------+----------------------+
; clk1Hz     ; 18    ; 1        ; 0            ; 7            ; 5           ; 44                    ; 0                  ; yes    ; no              ; no       ; Off          ; 3.3-V LVTTL  ; Fitter               ;
; reset      ; 14    ; 1        ; 0            ; 7            ; 2           ; 42                    ; 0                  ; no     ; no              ; no       ; Off          ; 3.3-V LVTTL  ; Fitter               ;
; timeset[0] ; 124   ; 2        ; 9            ; 11           ; 1           ; 14                    ; 0                  ; no     ; no              ; no       ; Off          ; 3.3-V LVTTL  ; Fitter               ;
; timeset[1] ; 134   ; 2        ; 7            ; 11           ; 2           ; 12                    ; 0                  ; no     ; no              ; no       ; Off          ; 3.3-V LVTTL  ; Fitter               ;
; timeset[2] ; 122   ; 2        ; 10           ; 11           ; 2           ; 12                    ; 0                  ; no     ; no              ; no       ; Off          ; 3.3-V LVTTL  ; Fitter               ;
; timeset[3] ; 59    ; 4        ; 9            ; 3            ; 1           ; 11                    ; 0                  ; no     ; no              ; no       ; Off          ; 3.3-V LVTTL  ; Fitter               ;
; timeset[4] ; 58    ; 4        ; 9            ; 3            ; 2           ; 11                    ; 0                  ; no     ; no              ; no       ; Off          ; 3.3-V LVTTL  ; Fitter               ;
; timeset[5] ; 86    ; 3        ; 17           ; 5            ; 4           ; 9                     ; 0                  ; no     ; no              ; no       ; Off          ; 3.3-V LVTTL  ; Fitter               ;
; timeset[6] ; 118   ; 2        ; 11           ; 11           ; 2           ; 9                     ; 0                  ; no     ; no              ; no       ; Off          ; 3.3-V LVTTL  ; Fitter               ;
+------------+-------+----------+--------------+--------------+-------------+-----------------------+--------------------+--------+-----------------+----------+--------------+--------------+----------------------+


+-----------------------------------------------------------------------------------------------------------------------------------------------------------------------------------------------------------------------------------------------------------------------------------------------------------------------------------+
; Output Pins                                                                                                                                                                                                                                                                                                                       ;
+-----------------+-------+----------+--------------+--------------+-------------+-----------------+----------------+-----------------+------------+---------------+----------+--------------+--------------+------------------+------------------------+----------------------+-------+----------------------+---------------------+
; Name            ; Pin # ; I/O Bank ; X coordinate ; Y coordinate ; Cell number ; Output Register ; Slow Slew Rate ; PCI I/O Enabled ; Open Drain ; TRI Primitive ; Bus Hold ; Weak Pull Up ; I/O Standard ; Current Strength ; Fast Output Connection ; Location assigned by ; Load  ; Output Enable Source ; Output Enable Group ;
+-----------------+-------+----------+--------------+--------------+-------------+-----------------+----------------+-----------------+------------+---------------+----------+--------------+--------------+------------------+------------------------+----------------------+-------+----------------------+---------------------+
; close           ; 62    ; 4        ; 10           ; 3            ; 2           ; no              ; no             ; no              ; no         ; no            ; no       ; Off          ; 3.3-V LVTTL  ; 16mA             ; no                     ; Fitter               ; 10 pF ; -                    ; -                   ;
; leftimetemp[0]  ; 24    ; 1        ; 0            ; 6            ; 3           ; no              ; no             ; no              ; no         ; no            ; no       ; Off          ; 3.3-V LVTTL  ; 16mA             ; no                     ; Fitter               ; 10 pF ; -                    ; -                   ;
; leftimetemp[10] ; 12    ; 1        ; 0            ; 7            ; 0           ; no              ; no             ; no              ; no         ; no            ; no       ; Off          ; 3.3-V LVTTL  ; 16mA             ; no                     ; Fitter               ; 10 pF ; -                    ; -                   ;
; leftimetemp[11] ; 80    ; 3        ; 17           ; 3            ; 0           ; no              ; no             ; no              ; no         ; no            ; no       ; Off          ; 3.3-V LVTTL  ; 16mA             ; no                     ; Fitter               ; 10 pF ; -                    ; -                   ;
; leftimetemp[12] ; 27    ; 1        ; 0            ; 6            ; 5           ; no              ; no             ; no              ; no         ; no            ; no       ; Off          ; 3.3-V LVTTL  ; 16mA             ; no                     ; Fitter               ; 10 pF ; -                    ; -                   ;
; leftimetemp[13] ; 5     ; 1        ; 0            ; 9            ; 2           ; no              ; no             ; no              ; no         ; no            ; no       ; Off          ; 3.3-V LVTTL  ; 16mA             ; no                     ; Fitter               ; 10 pF ; -                    ; -                   ;
; leftimetemp[14] ; 30    ; 1        ; 0            ; 5            ; 6           ; no              ; no             ; no              ; no         ; no            ; no       ; Off          ; 3.3-V LVTTL  ; 16mA             ; no                     ; Fitter               ; 10 pF ; -                    ; -                   ;
; leftimetemp[15] ; 8     ; 1        ; 0            ; 8            ; 1           ; no              ; no             ; no              ; no         ; no            ; no       ; Off          ; 3.3-V LVTTL  ; 16mA             ; no                     ; Fitter               ; 10 pF ; -                    ; -                   ;
; leftimetemp[16] ; 15    ; 1        ; 0            ; 7            ; 3           ; no              ; no             ; no              ; no         ; no            ; no       ; Off          ; 3.3-V LVTTL  ; 16mA             ; no                     ; Fitter               ; 10 pF ; -                    ; -                   ;
; leftimetemp[1]  ; 48    ; 4        ; 7            ; 3            ; 3           ; no              ; no             ; no              ; no         ; no            ; no       ; Off          ; 3.3-V LVTTL  ; 16mA             ; no                     ; Fitter               ; 10 pF ; -                    ; -                   ;
; leftimetemp[2]  ; 97    ; 3        ; 17           ; 6            ; 1           ; no              ; no             ; no              ; no         ; no            ; no       ; Off          ; 3.3-V LVTTL  ; 16mA             ; no                     ; Fitter               ; 10 pF ; -                    ; -                   ;
; leftimetemp[3]  ; 11    ; 1        ; 0            ; 8            ; 6           ; no              ; no             ; no              ; no         ; no            ; no       ; Off          ; 3.3-V LVTTL  ; 16mA             ; no                     ; Fitter               ; 10 pF ; -                    ; -                   ;
; leftimetemp[4]  ; 7     ; 1        ; 0            ; 8            ; 0           ; no              ; no             ; no              ; no         ; no            ; no       ; Off          ; 3.3-V LVTTL  ; 16mA             ; no                     ; Fitter               ; 10 pF ; -                    ; -                   ;
; leftimetemp[5]  ; 22    ; 1        ; 0            ; 6            ; 1           ; no              ; no             ; no              ; no         ; no            ; no       ; Off          ; 3.3-V LVTTL  ; 16mA             ; no                     ; Fitter               ; 10 pF ; -                    ; -                   ;
; leftimetemp[6]  ; 13    ; 1        ; 0            ; 7            ; 1           ; no              ; no             ; no              ; no         ; no            ; no       ; Off          ; 3.3-V LVTTL  ; 16mA             ; no                     ; Fitter               ; 10 pF ; -                    ; -                   ;
; leftimetemp[7]  ; 20    ; 1        ; 0            ; 7            ; 6           ; no              ; no             ; no              ; no         ; no            ; no       ; Off          ; 3.3-V LVTTL  ; 16mA             ; no                     ; Fitter               ; 10 pF ; -                    ; -                   ;
; leftimetemp[8]  ; 6     ; 1        ; 0            ; 9            ; 3           ; no              ; no             ; no              ; no         ; no            ; no       ; Off          ; 3.3-V LVTTL  ; 16mA             ; no                     ; Fitter               ; 10 pF ; -                    ; -                   ;
; leftimetemp[9]  ; 137   ; 2        ; 6            ; 11           ; 3           ; no              ; no             ; no              ; no         ; no            ; no       ; Off          ; 3.3-V LVTTL  ; 16mA             ; no                     ; Fitter               ; 10 pF ; -                    ; -                   ;
; timecontrol     ; 4     ; 1        ; 0            ; 9            ; 0           ; no              ; no             ; no              ; no         ; no            ; no       ; Off          ; 3.3-V LVTTL  ; 16mA             ; no                     ; Fitter               ; 10 pF ; -                    ; -                   ;
+-----------------+-------+----------+--------------+--------------+-------------+-----------------+----------------+-----------------+------------+---------------+----------+--------------+--------------+------------------+------------------------+----------------------+-------+----------------------+---------------------+


+------------------------------------------------------------+
; I/O Bank Usage                                             ;
+----------+------------------+---------------+--------------+
; I/O Bank ; Usage            ; VCCIO Voltage ; VREF Voltage ;
+----------+------------------+---------------+--------------+
; 1        ; 16 / 26 ( 62 % ) ; 3.3V          ; --           ;
; 2        ; 5 / 30 ( 17 % )  ; 3.3V          ; --           ;
; 3        ; 3 / 30 ( 10 % )  ; 3.3V          ; --           ;
; 4        ; 4 / 30 ( 13 % )  ; 3.3V          ; --           ;
+----------+------------------+---------------+--------------+


+-------------------------------------------------------------------------------------------------------------------------------------------------+
; All Package Pins                                                                                                                                ;
+----------+------------+----------+-----------------+--------+--------------+-----------+------------+-----------------+----------+--------------+
; Location ; Pad Number ; I/O Bank ; Pin Name/Usage  ; Dir.   ; I/O Standard ; Voltage   ; I/O Type   ; User Assignment ; Bus Hold ; Weak Pull Up ;
+----------+------------+----------+-----------------+--------+--------------+-----------+------------+-----------------+----------+--------------+
; 1        ; 2          ; 1        ; GND*            ;        ;              ;           ; Row I/O    ;                 ; no       ; Off          ;
; 2        ; 3          ; 1        ; GND*            ;        ;              ;           ; Row I/O    ;                 ; no       ; Off          ;
; 3        ; 5          ; 1        ; GND*            ;        ;              ;           ; Row I/O    ;                 ; no       ; Off          ;
; 4        ; 7          ; 1        ; timecontrol     ; output ; 3.3-V LVTTL  ;           ; Row I/O    ; N               ; no       ; Off          ;
; 5        ; 9          ; 1        ; leftimetemp[13] ; output ; 3.3-V LVTTL  ;           ; Row I/O    ; N               ; no       ; Off          ;
; 6        ; 10         ; 1        ; leftimetemp[8]  ; output ; 3.3-V LVTTL  ;           ; Row I/O    ; N               ; no       ; Off          ;
; 7        ; 14         ; 1        ; leftimetemp[4]  ; output ; 3.3-V LVTTL  ;           ; Row I/O    ; N               ; no       ; Off          ;
; 8        ; 15         ; 1        ; leftimetemp[15] ; output ; 3.3-V LVTTL  ;           ; Row I/O    ; N               ; no       ; Off          ;
; 9        ;            ; 1        ; VCCIO1          ; power  ;              ; 3.3V      ; --         ;                 ; --       ; --           ;
; 10       ;            ;          ; GNDIO           ; gnd    ;              ;           ; --         ;                 ; --       ; --           ;
; 11       ; 20         ; 1        ; leftimetemp[3]  ; output ; 3.3-V LVTTL  ;           ; Row I/O    ; N               ; no       ; Off          ;
; 12       ; 21         ; 1        ; leftimetemp[10] ; output ; 3.3-V LVTTL  ;           ; Row I/O    ; N               ; no       ; Off          ;
; 13       ; 22         ; 1        ; leftimetemp[6]  ; output ; 3.3-V LVTTL  ;           ; Row I/O    ; N               ; no       ; Off          ;
; 14       ; 23         ; 1        ; reset           ; input  ; 3.3-V LVTTL  ;           ; Row I/O    ; N               ; no       ; Off          ;
; 15       ; 24         ; 1        ; leftimetemp[16] ; output ; 3.3-V LVTTL  ;           ; Row I/O    ; N               ; no       ; Off          ;
; 16       ; 25         ; 1        ; GND*            ;        ;              ;           ; Row I/O    ;                 ; no       ; Off          ;
; 17       ;            ;          ; GNDINT          ; gnd    ;              ;           ; --         ;                 ; --       ; --           ;
; 18       ; 26         ; 1        ; clk1Hz          ; input  ; 3.3-V LVTTL  ;           ; Row I/O    ; N               ; no       ; Off          ;
; 19       ;            ;          ; VCCINT          ; power  ;              ; 2.5V/3.3V ; --         ;                 ; --       ; --           ;
; 20       ; 27         ; 1        ; leftimetemp[7]  ; output ; 3.3-V LVTTL  ;           ; Row I/O    ; N               ; no       ; Off          ;
; 21       ; 28         ; 1        ; GND*            ;        ;              ;           ; Row I/O    ;                 ; no       ; Off          ;
; 22       ; 29         ; 1        ; leftimetemp[5]  ; output ; 3.3-V LVTTL  ;           ; Row I/O    ; N               ; no       ; Off          ;
; 23       ; 30         ; 1        ; GND*            ;        ;              ;           ; Row I/O    ;                 ; no       ; Off          ;
; 24       ; 31         ; 1        ; leftimetemp[0]  ; output ; 3.3-V LVTTL  ;           ; Row I/O    ; N               ; no       ; Off          ;
; 25       ;            ; 1        ; VCCIO1          ; power  ;              ; 3.3V      ; --         ;                 ; --       ; --           ;
; 26       ;            ;          ; GNDIO           ; gnd    ;              ;           ; --         ;                 ; --       ; --           ;
; 27       ; 33         ; 1        ; leftimetemp[12] ; output ; 3.3-V LVTTL  ;           ; Row I/O    ; N               ; no       ; Off          ;
; 28       ; 36         ; 1        ; GND*            ;        ;              ;           ; Row I/O    ;                 ; no       ; Off          ;
; 29       ; 37         ; 1        ; GND*            ;        ;              ;           ; Row I/O    ;                 ; no       ; Off          ;
; 30       ; 41         ; 1        ; leftimetemp[14] ; output ; 3.3-V LVTTL  ;           ; Row I/O    ; N               ; no       ; Off          ;
; 31       ; 44         ; 1        ; GND*            ;        ;              ;           ; Row I/O    ;                 ; no       ; Off          ;
; 32       ; 47         ; 1        ; GND*            ;        ;              ;           ; Row I/O    ;                 ; no       ; Off          ;
; 33       ; 50         ; 1        ; #TMS            ; input  ;              ;           ; --         ;                 ; --       ; --           ;
; 34       ; 51         ; 1        ; #TDI            ; input  ;              ;           ; --         ;                 ; --       ; --           ;
; 35       ; 52         ; 1        ; #TCK            ; input  ;              ;           ; --         ;                 ; --       ; --           ;
; 36       ; 53         ; 1        ; #TDO            ; output ;              ;           ; --         ;                 ; --       ; --           ;
; 37       ; 56         ; 4        ; GND*            ;        ;              ;           ; Column I/O ;                 ; no       ; Off          ;
; 38       ; 57         ; 4        ; GND*            ;        ;              ;           ; Column I/O ;                 ; no       ; Off          ;
; 39       ; 60         ; 4        ; GND*            ;        ;              ;           ; Column I/O ;                 ; no       ; Off          ;
; 40       ; 62         ; 4        ; GND*            ;        ;              ;           ; Column I/O ;                 ; no       ; Off          ;
; 41       ; 63         ; 4        ; GND*            ;        ;              ;           ; Column I/O ;                 ; no       ; Off          ;
; 42       ; 67         ; 4        ; GND*            ;        ;              ;           ; Column I/O ;                 ; no       ; Off          ;
; 43       ; 68         ; 4        ; GND*            ;        ;              ;           ; Column I/O ;                 ; no       ; Off          ;
; 44       ; 69         ; 4        ; GND*            ;        ;              ;           ; Column I/O ;                 ; no       ; Off          ;
; 45       ; 74         ; 4        ; GND*            ;        ;              ;           ; Column I/O ;                 ; no       ; Off          ;
; 46       ;            ; 4        ; VCCIO4          ; power  ;              ; 3.3V      ; --         ;                 ; --       ; --           ;
; 47       ;            ;          ; GNDIO           ; gnd    ;              ;           ; --         ;                 ; --       ; --           ;
; 48       ; 75         ; 4        ; leftimetemp[1]  ; output ; 3.3-V LVTTL  ;           ; Column I/O ; N               ; no       ; Off          ;
; 49       ; 76         ; 4        ; GND*            ;        ;              ;           ; Column I/O ;                 ; no       ; Off          ;
; 50       ; 77         ; 4        ; GND*            ;        ;              ;           ; Column I/O ;                 ; no       ; Off          ;
; 51       ; 78         ; 4        ; GND*            ;        ;              ;           ; Column I/O ;                 ; no       ; Off          ;
; 52       ; 79         ; 4        ; GND*            ;        ;              ;           ; Column I/O ;                 ; no       ; Off          ;
; 53       ; 80         ; 4        ; GND*            ;        ;              ;           ; Column I/O ;                 ; no       ; Off          ;
; 54       ;            ;          ; GNDINT          ; gnd    ;              ;           ; --         ;                 ; --       ; --           ;
; 55       ; 81         ; 4        ; GND*            ;        ;              ;           ; Column I/O ;                 ; no       ; Off          ;
; 56       ;            ;          ; VCCINT          ; power  ;              ; 2.5V/3.3V ; --         ;                 ; --       ; --           ;
; 57       ; 82         ; 4        ; GND*            ;        ;              ;           ; Column I/O ;                 ; no       ; Off          ;
; 58       ; 83         ; 4        ; timeset[4]      ; input  ; 3.3-V LVTTL  ;           ; Column I/O ; N               ; no       ; Off          ;
; 59       ; 84         ; 4        ; timeset[3]      ; input  ; 3.3-V LVTTL  ;           ; Column I/O ; N               ; no       ; Off          ;
; 60       ; 85         ; 4        ; GND*            ;        ;              ;           ; Column I/O ;                 ; no       ; Off          ;
; 61       ; 86         ; 4        ; GND*            ;        ;              ;           ; Column I/O ;                 ; no       ; Off          ;
; 62       ; 87         ; 4        ; close           ; output ; 3.3-V LVTTL  ;           ; Column I/O ; N               ; no       ; Off          ;
; 63       ; 88         ; 4        ; GND*            ;        ;              ;           ; Column I/O ;                 ; no       ; Off          ;
; 64       ;            ; 4        ; VCCIO4          ; power  ;              ; 3.3V      ; --         ;                 ; --       ; --           ;
; 65       ;            ;          ; GNDIO           ; gnd    ;              ;           ; --         ;                 ; --       ; --           ;
; 66       ; 91         ; 4        ; GND*            ;        ;              ;           ; Column I/O ;                 ; no       ; Off          ;
; 67       ; 92         ; 4        ; GND*            ;        ;              ;           ; Column I/O ;                 ; no       ; Off          ;
; 68       ; 95         ; 4        ; GND*            ;        ;              ;           ; Column I/O ;                 ; no       ; Off          ;
; 69       ; 98         ; 4        ; GND*            ;        ;              ;           ; Column I/O ;                 ; no       ; Off          ;
; 70       ; 101        ; 4        ; GND*            ;        ;              ;           ; Column I/O ;                 ; no       ; Off          ;
; 71       ; 104        ; 4        ; GND*            ;        ;              ;           ; Column I/O ;                 ; no       ; Off          ;
; 72       ; 107        ; 4        ; GND*            ;        ;              ;           ; Column I/O ;                 ; no       ; Off          ;
; 73       ; 111        ; 3        ; GND*            ;        ;              ;           ; Row I/O    ;                 ; no       ; Off          ;
; 74       ; 112        ; 3        ; GND*            ;        ;              ;           ; Row I/O    ;                 ; no       ; Off          ;
; 75       ; 113        ; 3        ; GND*            ;        ;              ;           ; Row I/O    ;                 ; no       ; Off          ;
; 76       ; 115        ; 3        ; GND*            ;        ;              ;           ; Row I/O    ;                 ; no       ; Off          ;
; 77       ; 118        ; 3        ; GND*            ;        ;              ;           ; Row I/O    ;                 ; no       ; Off          ;
; 78       ; 122        ; 3        ; GND*            ;        ;              ;           ; Row I/O    ;                 ; no       ; Off          ;
; 79       ; 123        ; 3        ; GND*            ;        ;              ;           ; Row I/O    ;                 ; no       ; Off          ;
; 80       ; 124        ; 3        ; leftimetemp[11] ; output ; 3.3-V LVTTL  ;           ; Row I/O    ; N               ; no       ; Off          ;
; 81       ; 127        ; 3        ; GND*            ;        ;              ;           ; Row I/O    ;                 ; no       ; Off          ;
; 82       ;            ; 3        ; VCCIO3          ; power  ;              ; 3.3V      ; --         ;                 ; --       ; --           ;
; 83       ;            ;          ; GNDIO           ; gnd    ;              ;           ; --         ;                 ; --       ; --           ;
; 84       ; 129        ; 3        ; GND*            ;        ;              ;           ; Row I/O    ;                 ; no       ; Off          ;
; 85       ; 130        ; 3        ; GND*            ;        ;              ;           ; Row I/O    ;                 ; no       ; Off          ;
; 86       ; 131        ; 3        ; timeset[5]      ; input  ; 3.3-V LVTTL  ;           ; Row I/O    ; N               ; no       ; Off          ;
; 87       ; 132        ; 3        ; GND*            ;        ;              ;           ; Row I/O    ;                 ; no       ; Off          ;
; 88       ; 133        ; 3        ; GND*            ;        ;              ;           ; Row I/O    ;                 ; no       ; Off          ;
; 89       ; 134        ; 3        ; GND*            ;        ;              ;           ; Row I/O    ;                 ; no       ; Off          ;
; 90       ;            ;          ; VCCINT          ; power  ;              ; 2.5V/3.3V ; --         ;                 ; --       ; --           ;
; 91       ; 135        ; 3        ; GND*            ;        ;              ;           ; Row I/O    ;                 ; no       ; Off          ;
; 92       ;            ;          ; GNDINT          ; gnd    ;              ;           ; --         ;                 ; --       ; --           ;
; 93       ; 136        ; 3        ; GND*            ;        ;              ;           ; Row I/O    ;                 ; no       ; Off          ;
; 94       ; 137        ; 3        ; GND*            ;        ;              ;           ; Row I/O    ;                 ; no       ; Off          ;
; 95       ; 138        ; 3        ; GND*            ;        ;              ;           ; Row I/O    ;                 ; no       ; Off          ;
; 96       ; 139        ; 3        ; GND*            ;        ;              ;           ; Row I/O    ;                 ; no       ; Off          ;
; 97       ; 140        ; 3        ; leftimetemp[2]  ; output ; 3.3-V LVTTL  ;           ; Row I/O    ; N               ; no       ; Off          ;
; 98       ; 141        ; 3        ; GND*            ;        ;              ;           ; Row I/O    ;                 ; no       ; Off          ;
; 99       ;            ;          ; GNDIO           ; gnd    ;              ;           ; --         ;                 ; --       ; --           ;
; 100      ;            ; 3        ; VCCIO3          ; power  ;              ; 3.3V      ; --         ;                 ; --       ; --           ;
; 101      ; 142        ; 3        ; GND*            ;        ;              ;           ; Row I/O    ;                 ; no       ; Off          ;
; 102      ; 146        ; 3        ; GND*            ;        ;              ;           ; Row I/O    ;                 ; no       ; Off          ;
; 103      ; 147        ; 3        ; GND*            ;        ;              ;           ; Row I/O    ;                 ; no       ; Off          ;
; 104      ; 151        ; 3        ; GND*            ;        ;              ;           ; Row I/O    ;                 ; no       ; Off          ;
; 105      ; 152        ; 3        ; GND*            ;        ;              ;           ; Row I/O    ;                 ; no       ; Off          ;
; 106      ; 154        ; 3        ; GND*            ;        ;              ;           ; Row I/O    ;                 ; no       ; Off          ;
; 107      ; 156        ; 3        ; GND*            ;        ;              ;           ; Row I/O    ;                 ; no       ; Off          ;
; 108      ; 158        ; 3        ; GND*            ;        ;              ;           ; Row I/O    ;                 ; no       ; Off          ;
; 109      ; 164        ; 2        ; GND*            ;        ;              ;           ; Column I/O ;                 ; no       ; Off          ;
; 110      ; 165        ; 2        ; GND*            ;        ;              ;           ; Column I/O ;                 ; no       ; Off          ;
; 111      ; 166        ; 2        ; GND*            ;        ;              ;           ; Column I/O ;                 ; no       ; Off          ;
; 112      ; 171        ; 2        ; GND*            ;        ;              ;           ; Column I/O ;                 ; no       ; Off          ;
; 113      ; 174        ; 2        ; GND*            ;        ;              ;           ; Column I/O ;                 ; no       ; Off          ;
; 114      ; 177        ; 2        ; GND*            ;        ;              ;           ; Column I/O ;                 ; no       ; Off          ;
; 115      ;            ;          ; GNDIO           ; gnd    ;              ;           ; --         ;                 ; --       ; --           ;
; 116      ;            ; 2        ; VCCIO2          ; power  ;              ; 3.3V      ; --         ;                 ; --       ; --           ;
; 117      ; 180        ; 2        ; GND*            ;        ;              ;           ; Column I/O ;                 ; no       ; Off          ;
; 118      ; 181        ; 2        ; timeset[6]      ; input  ; 3.3-V LVTTL  ;           ; Column I/O ; N               ; no       ; Off          ;
; 119      ; 182        ; 2        ; GND*            ;        ;              ;           ; Column I/O ;                 ; no       ; Off          ;
; 120      ; 183        ; 2        ; GND*            ;        ;              ;           ; Column I/O ;                 ; no       ; Off          ;
; 121      ; 184        ; 2        ; GND*            ;        ;              ;           ; Column I/O ;                 ; no       ; Off          ;
; 122      ; 185        ; 2        ; timeset[2]      ; input  ; 3.3-V LVTTL  ;           ; Column I/O ; N               ; no       ; Off          ;
; 123      ; 186        ; 2        ; GND*            ;        ;              ;           ; Column I/O ;                 ; no       ; Off          ;
; 124      ; 187        ; 2        ; timeset[0]      ; input  ; 3.3-V LVTTL  ;           ; Column I/O ; N               ; no       ; Off          ;
; 125      ; 188        ; 2        ; GND*            ;        ;              ;           ; Column I/O ;                 ; no       ; Off          ;
; 126      ;            ;          ; VCCINT          ; power  ;              ; 2.5V/3.3V ; --         ;                 ; --       ; --           ;
; 127      ; 189        ; 2        ; GND*            ;        ;              ;           ; Column I/O ;                 ; no       ; Off          ;
; 128      ;            ;          ; GNDINT          ; gnd    ;              ;           ; --         ;                 ; --       ; --           ;
; 129      ; 190        ; 2        ; GND*            ;        ;              ;           ; Column I/O ;                 ; no       ; Off          ;
; 130      ; 191        ; 2        ; GND*            ;        ;              ;           ; Column I/O ;                 ; no       ; Off          ;
; 131      ; 192        ; 2        ; GND*            ;        ;              ;           ; Column I/O ;                 ; no       ; Off          ;
; 132      ; 193        ; 2        ; GND*            ;        ;              ;           ; Column I/O ;                 ; no       ; Off          ;
; 133      ; 194        ; 2        ; GND*            ;        ;              ;           ; Column I/O ;                 ; no       ; Off          ;
; 134      ; 195        ; 2        ; timeset[1]      ; input  ; 3.3-V LVTTL  ;           ; Column I/O ; N               ; no       ; Off          ;
; 135      ;            ;          ; GNDIO           ; gnd    ;              ;           ; --         ;                 ; --       ; --           ;
; 136      ;            ; 2        ; VCCIO2          ; power  ;              ; 3.3V      ; --         ;                 ; --       ; --           ;
; 137      ; 199        ; 2        ; leftimetemp[9]  ; output ; 3.3-V LVTTL  ;           ; Column I/O ; N               ; no       ; Off          ;
; 138      ; 200        ; 2        ; GND*            ;        ;              ;           ; Column I/O ;                 ; no       ; Off          ;
; 139      ; 201        ; 2        ; GND*            ;        ;              ;           ; Column I/O ;                 ; no       ; Off          ;
; 140      ; 204        ; 2        ; GND*            ;        ;              ;           ; Column I/O ;                 ; no       ; Off          ;
; 141      ; 205        ; 2        ; GND*            ;        ;              ;           ; Column I/O ;                 ; no       ; Off          ;
; 142      ; 208        ; 2        ; GND*            ;        ;              ;           ; Column I/O ;                 ; no       ; Off          ;
; 143      ; 212        ; 2        ; GND*            ;        ;              ;           ; Column I/O ;                 ; no       ; Off          ;
; 144      ; 215        ; 2        ; GND*            ;        ;              ;           ; Column I/O ;                 ; no       ; Off          ;
+----------+------------+----------+-----------------+--------+--------------+-----------+------------+-----------------+----------+--------------+
Note: Pin directions (input, output or bidir) are based on device operating in user mode.


+-------------------------------------------------------------+
; Output Pin Default Load For Reported TCO                    ;
+----------------------------+-------+------------------------+
; I/O Standard               ; Load  ; Termination Resistance ;
+----------------------------+-------+------------------------+
; 3.3-V LVTTL                ; 10 pF ; Not Available          ;
; 3.3-V LVCMOS               ; 10 pF ; Not Available          ;
; 2.5 V                      ; 10 pF ; Not Available          ;
; 1.8 V                      ; 10 pF ; Not Available          ;
; 1.5 V                      ; 10 pF ; Not Available          ;
; 3.3V Schmitt Trigger Input ; 10 pF ; Not Available          ;
; 2.5V Schmitt Trigger Input ; 10 pF ; Not Available          ;
; 3.3-V PCI                  ; 10 pF ; 25 Ohm (Parallel)      ;
+----------------------------+-------+------------------------+
Note: User assignments will override these defaults. The user specified values are listed in the Output Pins and Bidir Pins tables.


+-----------------------------------------------------------------------------------------------------------------------------------------------------------------------------------------------------------------------------------------------------------------------------------------------------------------------------------------+
; Fitter Resource Utilization by Entity                                                                                                                                                                                                                                                                                                   ;
+---------------------------------------------+-------------+--------------+------------+------+--------------+--------------+-------------------+------------------+-----------------+------------+-----------------------------------------------------------------------------------------------------------------------+--------------+
; Compilation Hierarchy Node                  ; Logic Cells ; LC Registers ; UFM Blocks ; Pins ; Virtual Pins ; LUT-Only LCs ; Register-Only LCs ; LUT/Register LCs ; Carry Chain LCs ; Packed LCs ; Full Hierarchy Name                                                                                                   ; Library Name ;
+---------------------------------------------+-------------+--------------+------------+------+--------------+--------------+-------------------+------------------+-----------------+------------+-----------------------------------------------------------------------------------------------------------------------+--------------+
; |decount                                    ; 169 (90)    ; 44           ; 0          ; 28   ; 0            ; 125 (46)     ; 0 (0)             ; 44 (44)          ; 80 (50)         ; 0 (0)      ; |decount                                                                                                              ; work         ;
;    |lpm_mult:Mult0|                         ; 28 (0)      ; 0            ; 0          ; 0    ; 0            ; 28 (0)       ; 0 (0)             ; 0 (0)            ; 10 (0)          ; 0 (0)      ; |decount|lpm_mult:Mult0                                                                                               ; work         ;
;       |multcore:mult_core|                  ; 28 (18)     ; 0            ; 0          ; 0    ; 0            ; 28 (18)      ; 0 (0)             ; 0 (0)            ; 10 (0)          ; 0 (0)      ; |decount|lpm_mult:Mult0|multcore:mult_core                                                                            ; work         ;
;          |mpar_add:padder|                  ; 10 (0)      ; 0            ; 0          ; 0    ; 0            ; 10 (0)       ; 0 (0)             ; 0 (0)            ; 10 (0)          ; 0 (0)      ; |decount|lpm_mult:Mult0|multcore:mult_core|mpar_add:padder                                                            ; work         ;
;             |lpm_add_sub:adder[0]|          ; 10 (0)      ; 0            ; 0          ; 0    ; 0            ; 10 (0)       ; 0 (0)             ; 0 (0)            ; 10 (0)          ; 0 (0)      ; |decount|lpm_mult:Mult0|multcore:mult_core|mpar_add:padder|lpm_add_sub:adder[0]                                       ; work         ;
;                |addcore:adder|              ; 10 (0)      ; 0            ; 0          ; 0    ; 0            ; 10 (0)       ; 0 (0)             ; 0 (0)            ; 10 (0)          ; 0 (0)      ; |decount|lpm_mult:Mult0|multcore:mult_core|mpar_add:padder|lpm_add_sub:adder[0]|addcore:adder                         ; work         ;
;                   |a_csnbuffer:result_node| ; 10 (10)     ; 0            ; 0          ; 0    ; 0            ; 10 (10)      ; 0 (0)             ; 0 (0)            ; 10 (10)         ; 0 (0)      ; |decount|lpm_mult:Mult0|multcore:mult_core|mpar_add:padder|lpm_add_sub:adder[0]|addcore:adder|a_csnbuffer:result_node ; work         ;
;    |lpm_mult:Mult1|                         ; 25 (0)      ; 0            ; 0          ; 0    ; 0            ; 25 (0)       ; 0 (0)             ; 0 (0)            ; 10 (0)          ; 0 (0)      ; |decount|lpm_mult:Mult1                                                                                               ; work         ;
;       |multcore:mult_core|                  ; 25 (15)     ; 0            ; 0          ; 0    ; 0            ; 25 (15)      ; 0 (0)             ; 0 (0)            ; 10 (0)          ; 0 (0)      ; |decount|lpm_mult:Mult1|multcore:mult_core                                                                            ; work         ;
;          |mpar_add:padder|                  ; 10 (0)      ; 0            ; 0          ; 0    ; 0            ; 10 (0)       ; 0 (0)             ; 0 (0)            ; 10 (0)          ; 0 (0)      ; |decount|lpm_mult:Mult1|multcore:mult_core|mpar_add:padder                                                            ; work         ;
;             |lpm_add_sub:adder[0]|          ; 10 (0)      ; 0            ; 0          ; 0    ; 0            ; 10 (0)       ; 0 (0)             ; 0 (0)            ; 10 (0)          ; 0 (0)      ; |decount|lpm_mult:Mult1|multcore:mult_core|mpar_add:padder|lpm_add_sub:adder[0]                                       ; work         ;
;                |addcore:adder|              ; 10 (0)      ; 0            ; 0          ; 0    ; 0            ; 10 (0)       ; 0 (0)             ; 0 (0)            ; 10 (0)          ; 0 (0)      ; |decount|lpm_mult:Mult1|multcore:mult_core|mpar_add:padder|lpm_add_sub:adder[0]|addcore:adder                         ; work         ;
;                   |a_csnbuffer:result_node| ; 10 (10)     ; 0            ; 0          ; 0    ; 0            ; 10 (10)      ; 0 (0)             ; 0 (0)            ; 10 (10)         ; 0 (0)      ; |decount|lpm_mult:Mult1|multcore:mult_core|mpar_add:padder|lpm_add_sub:adder[0]|addcore:adder|a_csnbuffer:result_node ; work         ;
;    |lpm_mult:Mult2|                         ; 26 (0)      ; 0            ; 0          ; 0    ; 0            ; 26 (0)       ; 0 (0)             ; 0 (0)            ; 10 (0)          ; 0 (0)      ; |decount|lpm_mult:Mult2                                                                                               ; work         ;
;       |multcore:mult_core|                  ; 26 (16)     ; 0            ; 0          ; 0    ; 0            ; 26 (16)      ; 0 (0)             ; 0 (0)            ; 10 (0)          ; 0 (0)      ; |decount|lpm_mult:Mult2|multcore:mult_core                                                                            ; work         ;
;          |mpar_add:padder|                  ; 10 (0)      ; 0            ; 0          ; 0    ; 0            ; 10 (0)       ; 0 (0)             ; 0 (0)            ; 10 (0)          ; 0 (0)      ; |decount|lpm_mult:Mult2|multcore:mult_core|mpar_add:padder                                                            ; work         ;
;             |lpm_add_sub:adder[0]|          ; 10 (0)      ; 0            ; 0          ; 0    ; 0            ; 10 (0)       ; 0 (0)             ; 0 (0)            ; 10 (0)          ; 0 (0)      ; |decount|lpm_mult:Mult2|multcore:mult_core|mpar_add:padder|lpm_add_sub:adder[0]                                       ; work         ;
;                |addcore:adder|              ; 10 (0)      ; 0            ; 0          ; 0    ; 0            ; 10 (0)       ; 0 (0)             ; 0 (0)            ; 10 (0)          ; 0 (0)      ; |decount|lpm_mult:Mult2|multcore:mult_core|mpar_add:padder|lpm_add_sub:adder[0]|addcore:adder                         ; work         ;
;                   |a_csnbuffer:result_node| ; 10 (10)     ; 0            ; 0          ; 0    ; 0            ; 10 (10)      ; 0 (0)             ; 0 (0)            ; 10 (10)         ; 0 (0)      ; |decount|lpm_mult:Mult2|multcore:mult_core|mpar_add:padder|lpm_add_sub:adder[0]|addcore:adder|a_csnbuffer:result_node ; work         ;
+---------------------------------------------+-------------+--------------+------------+------+--------------+--------------+-------------------+------------------+-----------------+------------+-----------------------------------------------------------------------------------------------------------------------+--------------+
Note: For table entries with two numbers listed, the numbers in parentheses indicate the number of resources of the given type used by the specific entity alone. The numbers listed outside of parentheses indicate the total resources of the given type used by the specific entity and all of its sub-entities in the hierarchy.


+--------------------------------------------+
; Delay Chain Summary                        ;
+-----------------+----------+---------------+
; Name            ; Pin Type ; Pad to Core 0 ;
+-----------------+----------+---------------+
; timeset[6]      ; Input    ; (0)           ;
; timeset[4]      ; Input    ; (0)           ;
; timeset[5]      ; Input    ; (0)           ;
; timeset[0]      ; Input    ; (0)           ;
; timeset[1]      ; Input    ; (0)           ;
; timeset[2]      ; Input    ; (0)           ;
; timeset[3]      ; Input    ; (0)           ;
; clk1Hz          ; Input    ; (0)           ;
; reset           ; Input    ; (0)           ;
; timecontrol     ; Output   ; --            ;
; close           ; Output   ; --            ;
; leftimetemp[0]  ; Output   ; --            ;
; leftimetemp[1]  ; Output   ; --            ;
; leftimetemp[2]  ; Output   ; --            ;
; leftimetemp[3]  ; Output   ; --            ;
; leftimetemp[4]  ; Output   ; --            ;
; leftimetemp[5]  ; Output   ; --            ;
; leftimetemp[6]  ; Output   ; --            ;
; leftimetemp[7]  ; Output   ; --            ;
; leftimetemp[8]  ; Output   ; --            ;
; leftimetemp[9]  ; Output   ; --            ;
; leftimetemp[10] ; Output   ; --            ;
; leftimetemp[11] ; Output   ; --            ;
; leftimetemp[12] ; Output   ; --            ;
; leftimetemp[13] ; Output   ; --            ;
; leftimetemp[14] ; Output   ; --            ;
; leftimetemp[15] ; Output   ; --            ;
; leftimetemp[16] ; Output   ; --            ;
+-----------------+----------+---------------+


+---------------------------------------------------------------------------------------------------+
; Control Signals                                                                                   ;
+----------+-------------+---------+-------------+--------+----------------------+------------------+
; Name     ; Location    ; Fan-Out ; Usage       ; Global ; Global Resource Used ; Global Line Name ;
+----------+-------------+---------+-------------+--------+----------------------+------------------+
; Equal1~1 ; LC_X9_Y9_N3 ; 18      ; Sync. clear ; no     ; --                   ; --               ;
; clk1Hz   ; PIN_18      ; 44      ; Clock       ; yes    ; Global Clock         ; GCLK0            ;
; reset    ; PIN_14      ; 42      ; Sync. load  ; no     ; --                   ; --               ;
+----------+-------------+---------+-------------+--------+----------------------+------------------+


+-----------------------------------------------------------------------+
; Global & Other Fast Signals                                           ;
+--------+----------+---------+----------------------+------------------+
; Name   ; Location ; Fan-Out ; Global Resource Used ; Global Line Name ;
+--------+----------+---------+----------------------+------------------+
; clk1Hz ; PIN_18   ; 44      ; Global Clock         ; GCLK0            ;
+--------+----------+---------+----------------------+------------------+


+----------------------------------------------------------------------------------------------------------------------------------------+
; Non-Global High Fan-Out Signals                                                                                                        ;
+------------------------------------------------------------------------------------------------------------------------------+---------+
; Name                                                                                                                         ; Fan-Out ;
+------------------------------------------------------------------------------------------------------------------------------+---------+
; reset                                                                                                                        ; 42      ;
; mask                                                                                                                         ; 37      ;
; Equal1~1                                                                                                                     ; 18      ;
; timeset[0]                                                                                                                   ; 14      ;
; timeset[2]                                                                                                                   ; 12      ;
; timeset[1]                                                                                                                   ; 12      ;
; timeset[3]                                                                                                                   ; 11      ;
; timeset[4]                                                                                                                   ; 11      ;
; timesetemp~0                                                                                                                 ; 11      ;
; timesetemp~3                                                                                                                 ; 10      ;
; timesetemp~1                                                                                                                 ; 10      ;
; timeset[5]                                                                                                                   ; 9       ;
; timeset[6]                                                                                                                   ; 9       ;
; timesetemp~4                                                                                                                 ; 9       ;
; timesetemp~2                                                                                                                 ; 9       ;
; timesetemp~9                                                                                                                 ; 8       ;
; timesetemp~8                                                                                                                 ; 8       ;
; timesetemp~7                                                                                                                 ; 8       ;
; timesetemp~6                                                                                                                 ; 8       ;
; timesetemp~5                                                                                                                 ; 8       ;
; timesetemp~13                                                                                                                ; 7       ;
; timesetemp~12                                                                                                                ; 7       ;
; timesetemp~11                                                                                                                ; 7       ;
; timesetemp~10                                                                                                                ; 7       ;
; LessThan0~62                                                                                                                 ; 5       ;
; LessThan0~37                                                                                                                 ; 5       ;
; lpm_mult:Mult2|multcore:mult_core|mpar_add:padder|lpm_add_sub:adder[0]|addcore:adder|a_csnbuffer:result_node|cs_buffer[0]~27 ; 5       ;
; Add0~82                                                                                                                      ; 5       ;
; lpm_mult:Mult1|multcore:mult_core|mpar_add:padder|lpm_add_sub:adder[0]|addcore:adder|a_csnbuffer:result_node|cs_buffer[0]~22 ; 5       ;
; lpm_mult:Mult0|multcore:mult_core|mpar_add:padder|lpm_add_sub:adder[0]|addcore:adder|a_csnbuffer:result_node|cs_buffer[0]~22 ; 5       ;
; Add0~22                                                                                                                      ; 5       ;
; leftimetemp[13]~21                                                                                                           ; 5       ;
; leftimetemp[8]~11                                                                                                            ; 5       ;
; leftimetemp[3]~1                                                                                                             ; 5       ;
; Add0~47                                                                                                                      ; 4       ;
; Equal0~0                                                                                                                     ; 4       ;
; timesetemp[0]                                                                                                                ; 3       ;
; lpm_mult:Mult2|multcore:mult_core|romout[1][9]                                                                               ; 2       ;
; LessThan0~12                                                                                                                 ; 2       ;
; lpm_mult:Mult0|multcore:mult_core|romout[1][8]                                                                               ; 2       ;
; lpm_mult:Mult0|multcore:mult_core|romout[0][9]~12                                                                            ; 2       ;
; Add0~80                                                                                                                      ; 2       ;
; Add0~75                                                                                                                      ; 2       ;
; Add0~70                                                                                                                      ; 2       ;
; Add0~65                                                                                                                      ; 2       ;
; Add0~60                                                                                                                      ; 2       ;
; Add0~55                                                                                                                      ; 2       ;
; Add0~50                                                                                                                      ; 2       ;
; Add0~45                                                                                                                      ; 2       ;
; Add0~40                                                                                                                      ; 2       ;
+------------------------------------------------------------------------------------------------------------------------------+---------+


+---------------------------------------------------+
; Interconnect Usage Summary                        ;
+----------------------------+----------------------+
; Interconnect Resource Type ; Usage                ;
+----------------------------+----------------------+
; C4s                        ; 165 / 2,870 ( 6 % )  ;
; Direct links               ; 21 / 3,938 ( < 1 % ) ;
; Global clocks              ; 1 / 4 ( 25 % )       ;
; LAB clocks                 ; 8 / 72 ( 11 % )      ;
; LUT chains                 ; 4 / 1,143 ( < 1 % )  ;
; Local interconnects        ; 269 / 3,938 ( 7 % )  ;
; R4s                        ; 248 / 2,832 ( 9 % )  ;
+----------------------------+----------------------+


+---------------------------------------------------------------------------+
; LAB Logic Elements                                                        ;
+--------------------------------------------+------------------------------+
; Number of Logic Elements  (Average = 8.45) ; Number of LABs  (Total = 20) ;
+--------------------------------------------+------------------------------+
; 1                                          ; 0                            ;
; 2                                          ; 1                            ;
; 3                                          ; 1                            ;
; 4                                          ; 0                            ;
; 5                                          ; 2                            ;
; 6                                          ; 1                            ;
; 7                                          ; 0                            ;
; 8                                          ; 1                            ;
; 9                                          ; 0                            ;
; 10                                         ; 14                           ;
+--------------------------------------------+------------------------------+


+-------------------------------------------------------------------+
; LAB-wide Signals                                                  ;
+------------------------------------+------------------------------+
; LAB-wide Signals  (Average = 0.70) ; Number of LABs  (Total = 20) ;
+------------------------------------+------------------------------+
; 1 Clock                            ; 10                           ;
; 1 Sync. clear                      ; 2                            ;
; 1 Sync. load                       ; 2                            ;
+------------------------------------+------------------------------+


+----------------------------------------------------------------------------+
; LAB Signals Sourced                                                        ;
+---------------------------------------------+------------------------------+
; Number of Signals Sourced  (Average = 8.60) ; Number of LABs  (Total = 20) ;
+---------------------------------------------+------------------------------+
; 0                                           ; 0                            ;
; 1                                           ; 0                            ;
; 2                                           ; 1                            ;
; 3                                           ; 1                            ;
; 4                                           ; 0                            ;
; 5                                           ; 3                            ;
; 6                                           ; 2                            ;
; 7                                           ; 1                            ;
; 8                                           ; 0                            ;
; 9                                           ; 0                            ;
; 10                                          ; 6                            ;
; 11                                          ; 2                            ;
; 12                                          ; 2                            ;
; 13                                          ; 1                            ;
; 14                                          ; 1                            ;
+---------------------------------------------+------------------------------+


+--------------------------------------------------------------------------------+
; LAB Signals Sourced Out                                                        ;
+-------------------------------------------------+------------------------------+
; Number of Signals Sourced Out  (Average = 8.20) ; Number of LABs  (Total = 20) ;
+-------------------------------------------------+------------------------------+
; 0                                               ; 0                            ;
; 1                                               ; 0                            ;
; 2                                               ; 1                            ;
; 3                                               ; 3                            ;
; 4                                               ; 0                            ;
; 5                                               ; 2                            ;
; 6                                               ; 1                            ;
; 7                                               ; 1                            ;
; 8                                               ; 0                            ;
; 9                                               ; 1                            ;
; 10                                              ; 6                            ;
; 11                                              ; 1                            ;
; 12                                              ; 2                            ;
; 13                                              ; 2                            ;
+-------------------------------------------------+------------------------------+


+-----------------------------------------------------------------------------+
; LAB Distinct Inputs                                                         ;
+----------------------------------------------+------------------------------+
; Number of Distinct Inputs  (Average = 11.50) ; Number of LABs  (Total = 20) ;
+----------------------------------------------+------------------------------+
; 0                                            ; 0                            ;
; 1                                            ; 0                            ;
; 2                                            ; 0                            ;
; 3                                            ; 2                            ;
; 4                                            ; 2                            ;
; 5                                            ; 0                            ;
; 6                                            ; 0                            ;
; 7                                            ; 4                            ;
; 8                                            ; 1                            ;
; 9                                            ; 1                            ;
; 10                                           ; 0                            ;
; 11                                           ; 1                            ;
; 12                                           ; 1                            ;
; 13                                           ; 0                            ;
; 14                                           ; 0                            ;
; 15                                           ; 1                            ;
; 16                                           ; 4                            ;
; 17                                           ; 0                            ;
; 18                                           ; 0                            ;
; 19                                           ; 0                            ;
; 20                                           ; 1                            ;
; 21                                           ; 0                            ;
; 22                                           ; 0                            ;
; 23                                           ; 0                            ;
; 24                                           ; 1                            ;
; 25                                           ; 1                            ;
+----------------------------------------------+------------------------------+


+-------------------------------------------------------------------------+
; Fitter Device Options                                                   ;
+----------------------------------------------+--------------------------+
; Option                                       ; Setting                  ;
+----------------------------------------------+--------------------------+
; Enable user-supplied start-up clock (CLKUSR) ; Off                      ;
; Enable device-wide reset (DEV_CLRn)          ; Off                      ;
; Enable device-wide output enable (DEV_OE)    ; Off                      ;
; Enable INIT_DONE output                      ; Off                      ;
; Configuration scheme                         ; Passive Serial           ;
; Reserve all unused pins                      ; As output driving ground ;
; Base pin-out file on sameframe device        ; Off                      ;
+----------------------------------------------+--------------------------+


+------------------------------------------------------------+
; Estimated Delay Added for Hold Timing                      ;
+-----------------+----------------------+-------------------+
; Source Clock(s) ; Destination Clock(s) ; Delay Added in ns ;
+-----------------+----------------------+-------------------+


+-----------------+
; Fitter Messages ;
+-----------------+
Info: *******************************************************************
Info: Running Quartus II Fitter
    Info: Version 9.1 Build 222 10/21/2009 SJ Full Version
    Info: Processing started: Thu Oct 03 08:53:32 2013
Info: Command: quartus_fit --read_settings_files=off --write_settings_files=off decount -c decount
Info: Parallel compilation is enabled and will use 2 of the 2 processors detected
Info: Selected device EPM1270T144C5 for design "decount"
Info: Low junction temperature is 0 degrees C
Info: High junction temperature is 85 degrees C
Info: Fitter is performing an Auto Fit compilation, which may decrease Fitter effort to reduce compilation time
Info: Device migration not selected. If you intend to use device migration later, you may need to change the pin assignments as they may be incompatible with other devices
    Info: Device EPM570T144C5 is compatible
    Info: Device EPM570T144I5 is compatible
    Info: Device EPM570T144A5 is compatible
    Info: Device EPM1270T144I5 is compatible
    Info: Device EPM1270T144A5 is compatible
Critical Warning: No exact pin location assignment(s) for 28 pins of 28 total pins
    Info: Pin timecontrol not assigned to an exact location on the device
    Info: Pin close not assigned to an exact location on the device
    Info: Pin leftimetemp[0] not assigned to an exact location on the device
    Info: Pin leftimetemp[1] not assigned to an exact location on the device
    Info: Pin leftimetemp[2] not assigned to an exact location on the device
    Info: Pin leftimetemp[3] not assigned to an exact location on the device
    Info: Pin leftimetemp[4] not assigned to an exact location on the device
    Info: Pin leftimetemp[5] not assigned to an exact location on the device
    Info: Pin leftimetemp[6] not assigned to an exact location on the device
    Info: Pin leftimetemp[7] not assigned to an exact location on the device
    Info: Pin leftimetemp[8] not assigned to an exact location on the device
    Info: Pin leftimetemp[9] not assigned to an exact location on the device
    Info: Pin leftimetemp[10] not assigned to an exact location on the device
    Info: Pin leftimetemp[11] not assigned to an exact location on the device
    Info: Pin leftimetemp[12] not assigned to an exact location on the device
    Info: Pin leftimetemp[13] not assigned to an exact location on the device
    Info: Pin leftimetemp[14] not assigned to an exact location on the device
    Info: Pin leftimetemp[15] not assigned to an exact location on the device
    Info: Pin leftimetemp[16] not assigned to an exact location on the device
    Info: Pin timeset[6] not assigned to an exact location on the device
    Info: Pin timeset[4] not assigned to an exact location on the device
    Info: Pin timeset[5] not assigned to an exact location on the device
    Info: Pin timeset[0] not assigned to an exact location on the device
    Info: Pin timeset[1] not assigned to an exact location on the device
    Info: Pin timeset[2] not assigned to an exact location on the device
    Info: Pin timeset[3] not assigned to an exact location on the device
    Info: Pin clk1Hz not assigned to an exact location on the device
    Info: Pin reset not assigned to an exact location on the device
Info: Timing-driven compilation is using the Classic Timing Analyzer
Info: Timing requirements not specified -- optimizing circuit to achieve the following default global requirements
    Info: Assuming a global fmax requirement of 1000 MHz
    Info: Assuming a global tsu requirement of 2.0 ns
    Info: Assuming a global tco requirement of 1.0 ns
    Info: Assuming a global tpd requirement of 1.0 ns
Info: Completed User Assigned Global Signals Promotion Operation
Info: Automatically promoted signal "clk1Hz" to use Global clock in PIN 18
Info: Completed Auto Global Promotion Operation
Info: Starting register packing
Info: Fitter is using Normal packing mode for logic elements with Auto setting for Auto Packed Registers logic option
Info: Started processing fast register assignments
Info: Finished processing fast register assignments
Info: Finished register packing
Info: Statistics of I/O pins that need to be placed that use the same VCCIO and VREF, before I/O pin placement
    Info: Number of I/O pins in group: 27 (unused VREF, 3.3V VCCIO, 8 input, 19 output, 0 bidirectional)
        Info: I/O standards used: 3.3-V LVTTL.
Info: I/O bank details before I/O pin placement
    Info: Statistics of I/O banks
        Info: I/O bank number 1 does not use VREF pins and has undetermined VCCIO pins. 1 total pin(s) used --  25 pins available
        Info: I/O bank number 2 does not use VREF pins and has undetermined VCCIO pins. 0 total pin(s) used --  30 pins available
        Info: I/O bank number 3 does not use VREF pins and has undetermined VCCIO pins. 0 total pin(s) used --  30 pins available
        Info: I/O bank number 4 does not use VREF pins and has undetermined VCCIO pins. 0 total pin(s) used --  30 pins available
Info: Fitter preparation operations ending: elapsed time is 00:00:00
Info: Fitter placement preparation operations beginning
Info: Carry-chain of 16 logic cells and starting on logic cell "leftimetemp[3]~38" could not be split into legal LABs.  Carry feedthrough logic cells will be inserted into the chain in order to make it legal
    Info: LAB legality constraint that was not satisfied: LAB requires more input signals requiring LAB lines than are available.  Resources used: 26. Resources available: 25.
    Info: List of logic cells in the chain (ordered from chain start to end)
        Info: Node "leftimetemp[3]~38"
        Info: Node "leftimetemp[3]~33"
        Info: Node "leftimetemp[3]~reg0"
        Info: Node "leftimetemp[4]~reg0"
        Info: Node "leftimetemp[5]~reg0"
        Info: Node "leftimetemp[6]~reg0"
        Info: Node "leftimetemp[7]~reg0"
        Info: Node "leftimetemp[8]~reg0"
        Info: Node "leftimetemp[9]~reg0"
        Info: Node "leftimetemp[10]~reg0"
        Info: Node "leftimetemp[11]~reg0"
        Info: Node "leftimetemp[12]~reg0"
        Info: Node "leftimetemp[13]~reg0"
        Info: Node "leftimetemp[14]~reg0"
        Info: Node "leftimetemp[15]~reg0"
        Info: Node "leftimetemp[16]~reg0"
Info: Fitter placement preparation operations ending: elapsed time is 00:00:00
Info: Fitter placement operations beginning
Info: Fitter placement was successful
Info: Fitter placement operations ending: elapsed time is 00:00:00
Info: Estimated most critical path is register to register delay of 15.829 ns
    Info: 1: + IC(0.000 ns) + CELL(0.000 ns) = 0.000 ns; Loc. = LAB_X10_Y10; Fanout = 73; REG Node = 'mask'
    Info: 2: + IC(2.278 ns) + CELL(0.200 ns) = 2.478 ns; Loc. = LAB_X10_Y9; Fanout = 8; COMB Node = 'timesetemp~9'
    Info: 3: + IC(1.820 ns) + CELL(0.511 ns) = 4.809 ns; Loc. = LAB_X10_Y7; Fanout = 3; COMB Node = 'lpm_mult:Mult0|multcore:mult_core|romout[0][7]~9'
    Info: 4: + IC(1.997 ns) + CELL(0.747 ns) = 7.553 ns; Loc. = LAB_X12_Y7; Fanout = 2; COMB Node = 'lpm_mult:Mult0|multcore:mult_core|mpar_add:padder|lpm_add_sub:adder[0]|addcore:adder|a_csnbuffer:result_node|cs_buffer[0]~2'
    Info: 5: + IC(0.000 ns) + CELL(0.123 ns) = 7.676 ns; Loc. = LAB_X12_Y7; Fanout = 2; COMB Node = 'lpm_mult:Mult0|multcore:mult_core|mpar_add:padder|lpm_add_sub:adder[0]|addcore:adder|a_csnbuffer:result_node|cs_buffer[0]~7'
    Info: 6: + IC(0.000 ns) + CELL(0.123 ns) = 7.799 ns; Loc. = LAB_X12_Y7; Fanout = 2; COMB Node = 'lpm_mult:Mult0|multcore:mult_core|mpar_add:padder|lpm_add_sub:adder[0]|addcore:adder|a_csnbuffer:result_node|cs_buffer[0]~12'
    Info: 7: + IC(0.000 ns) + CELL(0.123 ns) = 7.922 ns; Loc. = LAB_X12_Y7; Fanout = 2; COMB Node = 'lpm_mult:Mult0|multcore:mult_core|mpar_add:padder|lpm_add_sub:adder[0]|addcore:adder|a_csnbuffer:result_node|cs_buffer[0]~17'
    Info: 8: + IC(0.000 ns) + CELL(0.399 ns) = 8.321 ns; Loc. = LAB_X12_Y7; Fanout = 5; COMB Node = 'lpm_mult:Mult0|multcore:mult_core|mpar_add:padder|lpm_add_sub:adder[0]|addcore:adder|a_csnbuffer:result_node|cs_buffer[0]~22'
    Info: 9: + IC(0.000 ns) + CELL(1.234 ns) = 9.555 ns; Loc. = LAB_X12_Y7; Fanout = 3; COMB Node = 'lpm_mult:Mult0|multcore:mult_core|mpar_add:padder|lpm_add_sub:adder[0]|addcore:adder|a_csnbuffer:result_node|cs_buffer[0]~35'
    Info: 10: + IC(2.711 ns) + CELL(0.747 ns) = 13.013 ns; Loc. = LAB_X8_Y9; Fanout = 2; COMB Node = 'leftimetemp[14]~23'
    Info: 11: + IC(0.000 ns) + CELL(0.123 ns) = 13.136 ns; Loc. = LAB_X8_Y9; Fanout = 1; COMB Node = 'leftimetemp[15]~25'
    Info: 12: + IC(0.000 ns) + CELL(0.243 ns) = 13.379 ns; Loc. = LAB_X8_Y9; Fanout = 1; COMB Node = 'leftimetemp[15]~reg0_ins_coutCOUT0_94'
    Info: 13: + IC(0.000 ns) + CELL(0.243 ns) = 13.622 ns; Loc. = LAB_X8_Y9; Fanout = 1; COMB Node = 'leftimetemp[15]~reg0_ins_cout_ins_coutCOUT0_97'
    Info: 14: + IC(0.000 ns) + CELL(0.581 ns) = 14.203 ns; Loc. = LAB_X8_Y9; Fanout = 1; COMB Node = 'leftimetemp[15]~reg0_ins_cout_ins_cout_ins_cout'
    Info: 15: + IC(0.000 ns) + CELL(1.626 ns) = 15.829 ns; Loc. = LAB_X9_Y9; Fanout = 1; REG Node = 'leftimetemp[16]~reg0'
    Info: Total cell delay = 7.023 ns ( 44.37 % )
    Info: Total interconnect delay = 8.806 ns ( 55.63 % )
Info: Fitter routing operations beginning
Info: Average interconnect usage is 7% of the available device resources
    Info: Peak interconnect usage is 7% of the available device resources in the region that extends from location X9_Y0 to location X17_Y11
Info: Fitter routing operations ending: elapsed time is 00:00:00
Info: The Fitter performed an Auto Fit compilation.  Optimizations were skipped to reduce compilation time.
    Info: Optimizations that may affect the design's routability were skipped
    Info: Optimizations that may affect the design's timing were skipped
Warning: The Reserve All Unused Pins setting has not been specified, and will default to 'As output driving ground'.
Info: Generated suppressed messages file C:/Documents and Settings/admin/×ÀÃæ/wave_final/decount.fit.smsg
Info: Quartus II Fitter was successful. 0 errors, 2 warnings
    Info: Peak virtual memory: 185 megabytes
    Info: Processing ended: Thu Oct 03 08:53:34 2013
    Info: Elapsed time: 00:00:02
    Info: Total CPU time (on all processors): 00:00:01


+----------------------------+
; Fitter Suppressed Messages ;
+----------------------------+
The suppressed messages can be found in C:/Documents and Settings/admin/×ÀÃæ/wave_final/decount.fit.smsg.


