Classic Timing Analyzer report for div_10
Sun Oct 27 21:25:36 2013
Quartus II Version 9.0 Build 132 02/25/2009 SJ Full Version


---------------------
; Table of Contents ;
---------------------
  1. Legal Notice
  2. Timing Analyzer Summary
  3. Timing Analyzer Settings
  4. Clock Settings Summary
  5. Parallel Compilation
  6. Clock Setup: 'clk1kHz'
  7. tco
  8. Timing Analyzer Messages



----------------
; Legal Notice ;
----------------
Copyright (C) 1991-2009 Altera Corporation
Your use of Altera Corporation's design tools, logic functions 
and other software and tools, and its AMPP partner logic 
functions, and any output files from any of the foregoing 
(including device programming or simulation files), and any 
associated documentation or information are expressly subject 
to the terms and conditions of the Altera Program License 
Subscription Agreement, Altera MegaCore Function License 
Agreement, or other applicable license agreement, including, 
without limitation, that your use is for the sole purpose of 
programming logic devices manufactured by Altera and sold by 
Altera or its authorized distributors.  Please refer to the 
applicable agreement for further details.



+-----------------------------------------------------------------------------------------------------------------------------------------------------------+
; Timing Analyzer Summary                                                                                                                                   ;
+------------------------------+-------+---------------+----------------------------------+---------------+----------+------------+----------+--------------+
; Type                         ; Slack ; Required Time ; Actual Time                      ; From          ; To       ; From Clock ; To Clock ; Failed Paths ;
+------------------------------+-------+---------------+----------------------------------+---------------+----------+------------+----------+--------------+
; Worst-case tco               ; N/A   ; None          ; 7.290 ns                         ; clk100Hz~reg0 ; clk100Hz ; clk1kHz    ; --       ; 0            ;
; Clock Setup: 'clk1kHz'       ; N/A   ; None          ; 274.12 MHz ( period = 3.648 ns ) ; tmp[1]        ; tmp[3]   ; clk1kHz    ; clk1kHz  ; 0            ;
; Total number of failed paths ;       ;               ;                                  ;               ;          ;            ;          ; 0            ;
+------------------------------+-------+---------------+----------------------------------+---------------+----------+------------+----------+--------------+


+--------------------------------------------------------------------------------------------------------------------+
; Timing Analyzer Settings                                                                                           ;
+---------------------------------------------------------------------+--------------------+------+----+-------------+
; Option                                                              ; Setting            ; From ; To ; Entity Name ;
+---------------------------------------------------------------------+--------------------+------+----+-------------+
; Device Name                                                         ; EPM1270T144C5      ;      ;    ;             ;
; Timing Models                                                       ; Final              ;      ;    ;             ;
; Default hold multicycle                                             ; Same as Multicycle ;      ;    ;             ;
; Cut paths between unrelated clock domains                           ; On                 ;      ;    ;             ;
; Cut off read during write signal paths                              ; On                 ;      ;    ;             ;
; Cut off feedback from I/O pins                                      ; On                 ;      ;    ;             ;
; Report Combined Fast/Slow Timing                                    ; Off                ;      ;    ;             ;
; Ignore Clock Settings                                               ; Off                ;      ;    ;             ;
; Analyze latches as synchronous elements                             ; On                 ;      ;    ;             ;
; Enable Recovery/Removal analysis                                    ; Off                ;      ;    ;             ;
; Enable Clock Latency                                                ; Off                ;      ;    ;             ;
; Use TimeQuest Timing Analyzer                                       ; Off                ;      ;    ;             ;
; Minimum Core Junction Temperature                                   ; 0                  ;      ;    ;             ;
; Maximum Core Junction Temperature                                   ; 85                 ;      ;    ;             ;
; Number of source nodes to report per destination node               ; 10                 ;      ;    ;             ;
; Number of destination nodes to report                               ; 10                 ;      ;    ;             ;
; Number of paths to report                                           ; 200                ;      ;    ;             ;
; Report Minimum Timing Checks                                        ; Off                ;      ;    ;             ;
; Use Fast Timing Models                                              ; Off                ;      ;    ;             ;
; Report IO Paths Separately                                          ; Off                ;      ;    ;             ;
; Perform Multicorner Analysis                                        ; Off                ;      ;    ;             ;
; Reports the worst-case path for each clock domain and analysis      ; Off                ;      ;    ;             ;
; Removes common clock path pessimism (CCPP) during slack computation ; Off                ;      ;    ;             ;
; Output I/O Timing Endpoint                                          ; Near End           ;      ;    ;             ;
+---------------------------------------------------------------------+--------------------+------+----+-------------+


+------------------------------------------------------------------------------------------------------------------------------------------------------------------------------------+
; Clock Settings Summary                                                                                                                                                             ;
+-----------------+--------------------+----------+------------------+---------------+--------------+----------+-----------------------+---------------------+--------+--------------+
; Clock Node Name ; Clock Setting Name ; Type     ; Fmax Requirement ; Early Latency ; Late Latency ; Based on ; Multiply Base Fmax by ; Divide Base Fmax by ; Offset ; Phase offset ;
+-----------------+--------------------+----------+------------------+---------------+--------------+----------+-----------------------+---------------------+--------+--------------+
; clk1kHz         ;                    ; User Pin ; None             ; 0.000 ns      ; 0.000 ns     ; --       ; N/A                   ; N/A                 ; N/A    ;              ;
+-----------------+--------------------+----------+------------------+---------------+--------------+----------+-----------------------+---------------------+--------+--------------+


+------------------------------------------+
; Parallel Compilation                     ;
+----------------------------+-------------+
; Processors                 ; Number      ;
+----------------------------+-------------+
; Number detected on machine ; 2           ;
; Maximum allowed            ; 2           ;
;                            ;             ;
; Average used               ; 1.00        ;
; Maximum used               ; 1           ;
;                            ;             ;
; Usage by Processor         ; % Time Used ;
;     1 processor            ; 100.0%      ;
;     2 processors           ;   0.0%      ;
+----------------------------+-------------+


+---------------------------------------------------------------------------------------------------------------------------------------------------------------------------------------------+
; Clock Setup: 'clk1kHz'                                                                                                                                                                      ;
+-------+------------------------------------------------+--------+---------------+------------+----------+-----------------------------+---------------------------+-------------------------+
; Slack ; Actual fmax (period)                           ; From   ; To            ; From Clock ; To Clock ; Required Setup Relationship ; Required Longest P2P Time ; Actual Longest P2P Time ;
+-------+------------------------------------------------+--------+---------------+------------+----------+-----------------------------+---------------------------+-------------------------+
; N/A   ; 274.12 MHz ( period = 3.648 ns )               ; tmp[1] ; tmp[3]        ; clk1kHz    ; clk1kHz  ; None                        ; None                      ; 2.939 ns                ;
; N/A   ; 274.65 MHz ( period = 3.641 ns )               ; tmp[1] ; tmp[1]        ; clk1kHz    ; clk1kHz  ; None                        ; None                      ; 2.932 ns                ;
; N/A   ; Restricted to 304.04 MHz ( period = 3.289 ns ) ; tmp[3] ; tmp[1]        ; clk1kHz    ; clk1kHz  ; None                        ; None                      ; 2.153 ns                ;
; N/A   ; Restricted to 304.04 MHz ( period = 3.289 ns ) ; tmp[3] ; clk100Hz~reg0 ; clk1kHz    ; clk1kHz  ; None                        ; None                      ; 2.152 ns                ;
; N/A   ; Restricted to 304.04 MHz ( period = 3.289 ns ) ; tmp[3] ; tmp[3]        ; clk1kHz    ; clk1kHz  ; None                        ; None                      ; 2.136 ns                ;
; N/A   ; Restricted to 304.04 MHz ( period = 3.289 ns ) ; tmp[1] ; tmp[2]        ; clk1kHz    ; clk1kHz  ; None                        ; None                      ; 2.083 ns                ;
; N/A   ; Restricted to 304.04 MHz ( period = 3.289 ns ) ; tmp[0] ; clk100Hz~reg0 ; clk1kHz    ; clk1kHz  ; None                        ; None                      ; 2.032 ns                ;
; N/A   ; Restricted to 304.04 MHz ( period = 3.289 ns ) ; tmp[2] ; tmp[1]        ; clk1kHz    ; clk1kHz  ; None                        ; None                      ; 1.835 ns                ;
; N/A   ; Restricted to 304.04 MHz ( period = 3.289 ns ) ; tmp[2] ; clk100Hz~reg0 ; clk1kHz    ; clk1kHz  ; None                        ; None                      ; 1.834 ns                ;
; N/A   ; Restricted to 304.04 MHz ( period = 3.289 ns ) ; tmp[2] ; tmp[3]        ; clk1kHz    ; clk1kHz  ; None                        ; None                      ; 1.823 ns                ;
; N/A   ; Restricted to 304.04 MHz ( period = 3.289 ns ) ; tmp[2] ; tmp[2]        ; clk1kHz    ; clk1kHz  ; None                        ; None                      ; 1.822 ns                ;
; N/A   ; Restricted to 304.04 MHz ( period = 3.289 ns ) ; tmp[0] ; tmp[1]        ; clk1kHz    ; clk1kHz  ; None                        ; None                      ; 1.563 ns                ;
; N/A   ; Restricted to 304.04 MHz ( period = 3.289 ns ) ; tmp[0] ; tmp[2]        ; clk1kHz    ; clk1kHz  ; None                        ; None                      ; 1.562 ns                ;
; N/A   ; Restricted to 304.04 MHz ( period = 3.289 ns ) ; tmp[0] ; tmp[3]        ; clk1kHz    ; clk1kHz  ; None                        ; None                      ; 1.562 ns                ;
; N/A   ; Restricted to 304.04 MHz ( period = 3.289 ns ) ; tmp[0] ; tmp[0]        ; clk1kHz    ; clk1kHz  ; None                        ; None                      ; 1.558 ns                ;
; N/A   ; Restricted to 304.04 MHz ( period = 3.289 ns ) ; tmp[1] ; clk100Hz~reg0 ; clk1kHz    ; clk1kHz  ; None                        ; None                      ; 1.506 ns                ;
+-------+------------------------------------------------+--------+---------------+------------+----------+-----------------------------+---------------------------+-------------------------+


+---------------------------------------------------------------------------+
; tco                                                                       ;
+-------+--------------+------------+---------------+----------+------------+
; Slack ; Required tco ; Actual tco ; From          ; To       ; From Clock ;
+-------+--------------+------------+---------------+----------+------------+
; N/A   ; None         ; 7.290 ns   ; clk100Hz~reg0 ; clk100Hz ; clk1kHz    ;
+-------+--------------+------------+---------------+----------+------------+


+--------------------------+
; Timing Analyzer Messages ;
+--------------------------+
Info: *******************************************************************
Info: Running Quartus II Classic Timing Analyzer
    Info: Version 9.0 Build 132 02/25/2009 SJ Full Version
    Info: Processing started: Sun Oct 27 21:25:36 2013
Info: Command: quartus_tan --read_settings_files=off --write_settings_files=off div_10 -c div_10
Info: Parallel compilation is enabled and will use 2 of the 2 processors detected
Info: Started post-fitting delay annotation
Info: Delay annotation completed successfully
Warning: Found pins functioning as undefined clocks and/or memory enables
    Info: Assuming node "clk1kHz" is an undefined clock
Info: Clock "clk1kHz" has Internal fmax of 274.12 MHz between source register "tmp[1]" and destination register "tmp[3]" (period= 3.648 ns)
    Info: + Longest register to register delay is 2.939 ns
        Info: 1: + IC(0.000 ns) + CELL(0.000 ns) = 0.000 ns; Loc. = LC_X1_Y9_N3; Fanout = 4; REG Node = 'tmp[1]'
        Info: 2: + IC(1.878 ns) + CELL(1.061 ns) = 2.939 ns; Loc. = LC_X1_Y9_N5; Fanout = 3; REG Node = 'tmp[3]'
        Info: Total cell delay = 1.061 ns ( 36.10 % )
        Info: Total interconnect delay = 1.878 ns ( 63.90 % )
    Info: - Smallest clock skew is 0.000 ns
        Info: + Shortest clock path from clock "clk1kHz" to destination register is 3.819 ns
            Info: 1: + IC(0.000 ns) + CELL(1.163 ns) = 1.163 ns; Loc. = PIN_18; Fanout = 5; CLK Node = 'clk1kHz'
            Info: 2: + IC(1.738 ns) + CELL(0.918 ns) = 3.819 ns; Loc. = LC_X1_Y9_N5; Fanout = 3; REG Node = 'tmp[3]'
            Info: Total cell delay = 2.081 ns ( 54.49 % )
            Info: Total interconnect delay = 1.738 ns ( 45.51 % )
        Info: - Longest clock path from clock "clk1kHz" to source register is 3.819 ns
            Info: 1: + IC(0.000 ns) + CELL(1.163 ns) = 1.163 ns; Loc. = PIN_18; Fanout = 5; CLK Node = 'clk1kHz'
            Info: 2: + IC(1.738 ns) + CELL(0.918 ns) = 3.819 ns; Loc. = LC_X1_Y9_N3; Fanout = 4; REG Node = 'tmp[1]'
            Info: Total cell delay = 2.081 ns ( 54.49 % )
            Info: Total interconnect delay = 1.738 ns ( 45.51 % )
    Info: + Micro clock to output delay of source is 0.376 ns
    Info: + Micro setup delay of destination is 0.333 ns
Info: tco from clock "clk1kHz" to destination pin "clk100Hz" through register "clk100Hz~reg0" is 7.290 ns
    Info: + Longest clock path from clock "clk1kHz" to source register is 3.819 ns
        Info: 1: + IC(0.000 ns) + CELL(1.163 ns) = 1.163 ns; Loc. = PIN_18; Fanout = 5; CLK Node = 'clk1kHz'
        Info: 2: + IC(1.738 ns) + CELL(0.918 ns) = 3.819 ns; Loc. = LC_X1_Y9_N4; Fanout = 1; REG Node = 'clk100Hz~reg0'
        Info: Total cell delay = 2.081 ns ( 54.49 % )
        Info: Total interconnect delay = 1.738 ns ( 45.51 % )
    Info: + Micro clock to output delay of source is 0.376 ns
    Info: + Longest register to pin delay is 3.095 ns
        Info: 1: + IC(0.000 ns) + CELL(0.000 ns) = 0.000 ns; Loc. = LC_X1_Y9_N4; Fanout = 1; REG Node = 'clk100Hz~reg0'
        Info: 2: + IC(0.773 ns) + CELL(2.322 ns) = 3.095 ns; Loc. = PIN_5; Fanout = 0; PIN Node = 'clk100Hz'
        Info: Total cell delay = 2.322 ns ( 75.02 % )
        Info: Total interconnect delay = 0.773 ns ( 24.98 % )
Info: Quartus II Classic Timing Analyzer was successful. 0 errors, 1 warning
    Info: Peak virtual memory: 180 megabytes
    Info: Processing ended: Sun Oct 27 21:25:36 2013
    Info: Elapsed time: 00:00:00
    Info: Total CPU time (on all processors): 00:00:00


