Classic Timing Analyzer report for fangdou
Mon Oct 28 14:58:50 2013
Quartus II Version 9.0 Build 132 02/25/2009 SJ Full Version


---------------------
; Table of Contents ;
---------------------
  1. Legal Notice
  2. Timing Analyzer Summary
  3. Timing Analyzer Settings
  4. Clock Settings Summary
  5. Parallel Compilation
  6. Clock Setup: 'clk100Hz'
  7. tsu
  8. tco
  9. tpd
 10. th
 11. Timing Analyzer Messages



----------------
; Legal Notice ;
----------------
Copyright (C) 1991-2009 Altera Corporation
Your use of Altera Corporation's design tools, logic functions 
and other software and tools, and its AMPP partner logic 
functions, and any output files from any of the foregoing 
(including device programming or simulation files), and any 
associated documentation or information are expressly subject 
to the terms and conditions of the Altera Program License 
Subscription Agreement, Altera MegaCore Function License 
Agreement, or other applicable license agreement, including, 
without limitation, that your use is for the sole purpose of 
programming logic devices manufactured by Altera and sold by 
Altera or its authorized distributors.  Please refer to the 
applicable agreement for further details.



+----------------------------------------------------------------------------------------------------------------------------------------------------------------------+
; Timing Analyzer Summary                                                                                                                                              ;
+------------------------------+-------+---------------+------------------------------------------------+-----------+-----------+------------+----------+--------------+
; Type                         ; Slack ; Required Time ; Actual Time                                    ; From      ; To        ; From Clock ; To Clock ; Failed Paths ;
+------------------------------+-------+---------------+------------------------------------------------+-----------+-----------+------------+----------+--------------+
; Worst-case tsu               ; N/A   ; None          ; 1.323 ns                                       ; input     ; inputemp1 ; --         ; clk100Hz ; 0            ;
; Worst-case tco               ; N/A   ; None          ; 8.224 ns                                       ; inputemp1 ; output    ; clk100Hz   ; --       ; 0            ;
; Worst-case tpd               ; N/A   ; None          ; 7.345 ns                                       ; clk100Hz  ; output    ; --         ; --       ; 0            ;
; Worst-case th                ; N/A   ; None          ; -0.769 ns                                      ; input     ; inputemp1 ; --         ; clk100Hz ; 0            ;
; Clock Setup: 'clk100Hz'      ; N/A   ; None          ; Restricted to 304.04 MHz ( period = 3.289 ns ) ; inputemp1 ; inputemp2 ; clk100Hz   ; clk100Hz ; 0            ;
; Total number of failed paths ;       ;               ;                                                ;           ;           ;            ;          ; 0            ;
+------------------------------+-------+---------------+------------------------------------------------+-----------+-----------+------------+----------+--------------+


+--------------------------------------------------------------------------------------------------------------------+
; Timing Analyzer Settings                                                                                           ;
+---------------------------------------------------------------------+--------------------+------+----+-------------+
; Option                                                              ; Setting            ; From ; To ; Entity Name ;
+---------------------------------------------------------------------+--------------------+------+----+-------------+
; Device Name                                                         ; EPM1270T144C5      ;      ;    ;             ;
; Timing Models                                                       ; Final              ;      ;    ;             ;
; Default hold multicycle                                             ; Same as Multicycle ;      ;    ;             ;
; Cut paths between unrelated clock domains                           ; On                 ;      ;    ;             ;
; Cut off read during write signal paths                              ; On                 ;      ;    ;             ;
; Cut off feedback from I/O pins                                      ; On                 ;      ;    ;             ;
; Report Combined Fast/Slow Timing                                    ; Off                ;      ;    ;             ;
; Ignore Clock Settings                                               ; Off                ;      ;    ;             ;
; Analyze latches as synchronous elements                             ; On                 ;      ;    ;             ;
; Enable Recovery/Removal analysis                                    ; Off                ;      ;    ;             ;
; Enable Clock Latency                                                ; Off                ;      ;    ;             ;
; Use TimeQuest Timing Analyzer                                       ; Off                ;      ;    ;             ;
; Minimum Core Junction Temperature                                   ; 0                  ;      ;    ;             ;
; Maximum Core Junction Temperature                                   ; 85                 ;      ;    ;             ;
; Number of source nodes to report per destination node               ; 10                 ;      ;    ;             ;
; Number of destination nodes to report                               ; 10                 ;      ;    ;             ;
; Number of paths to report                                           ; 200                ;      ;    ;             ;
; Report Minimum Timing Checks                                        ; Off                ;      ;    ;             ;
; Use Fast Timing Models                                              ; Off                ;      ;    ;             ;
; Report IO Paths Separately                                          ; Off                ;      ;    ;             ;
; Perform Multicorner Analysis                                        ; Off                ;      ;    ;             ;
; Reports the worst-case path for each clock domain and analysis      ; Off                ;      ;    ;             ;
; Removes common clock path pessimism (CCPP) during slack computation ; Off                ;      ;    ;             ;
; Output I/O Timing Endpoint                                          ; Near End           ;      ;    ;             ;
+---------------------------------------------------------------------+--------------------+------+----+-------------+


+------------------------------------------------------------------------------------------------------------------------------------------------------------------------------------+
; Clock Settings Summary                                                                                                                                                             ;
+-----------------+--------------------+----------+------------------+---------------+--------------+----------+-----------------------+---------------------+--------+--------------+
; Clock Node Name ; Clock Setting Name ; Type     ; Fmax Requirement ; Early Latency ; Late Latency ; Based on ; Multiply Base Fmax by ; Divide Base Fmax by ; Offset ; Phase offset ;
+-----------------+--------------------+----------+------------------+---------------+--------------+----------+-----------------------+---------------------+--------+--------------+
; clk100Hz        ;                    ; User Pin ; None             ; 0.000 ns      ; 0.000 ns     ; --       ; N/A                   ; N/A                 ; N/A    ;              ;
+-----------------+--------------------+----------+------------------+---------------+--------------+----------+-----------------------+---------------------+--------+--------------+


+------------------------------------------+
; Parallel Compilation                     ;
+----------------------------+-------------+
; Processors                 ; Number      ;
+----------------------------+-------------+
; Number detected on machine ; 2           ;
; Maximum allowed            ; 2           ;
;                            ;             ;
; Average used               ; 1.00        ;
; Maximum used               ; 1           ;
;                            ;             ;
; Usage by Processor         ; % Time Used ;
;     1 processor            ; 100.0%      ;
;     2 processors           ;   0.0%      ;
+----------------------------+-------------+


+--------------------------------------------------------------------------------------------------------------------------------------------------------------------------------------------+
; Clock Setup: 'clk100Hz'                                                                                                                                                                    ;
+-------+------------------------------------------------+-----------+-----------+------------+----------+-----------------------------+---------------------------+-------------------------+
; Slack ; Actual fmax (period)                           ; From      ; To        ; From Clock ; To Clock ; Required Setup Relationship ; Required Longest P2P Time ; Actual Longest P2P Time ;
+-------+------------------------------------------------+-----------+-----------+------------+----------+-----------------------------+---------------------------+-------------------------+
; N/A   ; Restricted to 304.04 MHz ( period = 3.289 ns ) ; inputemp1 ; inputemp2 ; clk100Hz   ; clk100Hz ; None                        ; None                      ; 1.594 ns                ;
+-------+------------------------------------------------+-----------+-----------+------------+----------+-----------------------------+---------------------------+-------------------------+


+------------------------------------------------------------------+
; tsu                                                              ;
+-------+--------------+------------+-------+-----------+----------+
; Slack ; Required tsu ; Actual tsu ; From  ; To        ; To Clock ;
+-------+--------------+------------+-------+-----------+----------+
; N/A   ; None         ; 1.323 ns   ; input ; inputemp1 ; clk100Hz ;
+-------+--------------+------------+-------+-----------+----------+


+---------------------------------------------------------------------+
; tco                                                                 ;
+-------+--------------+------------+-----------+--------+------------+
; Slack ; Required tco ; Actual tco ; From      ; To     ; From Clock ;
+-------+--------------+------------+-----------+--------+------------+
; N/A   ; None         ; 8.224 ns   ; inputemp1 ; output ; clk100Hz   ;
; N/A   ; None         ; 7.722 ns   ; inputemp2 ; output ; clk100Hz   ;
+-------+--------------+------------+-----------+--------+------------+


+-----------------------------------------------------------------+
; tpd                                                             ;
+-------+-------------------+-----------------+----------+--------+
; Slack ; Required P2P Time ; Actual P2P Time ; From     ; To     ;
+-------+-------------------+-----------------+----------+--------+
; N/A   ; None              ; 7.345 ns        ; clk100Hz ; output ;
+-------+-------------------+-----------------+----------+--------+


+------------------------------------------------------------------------+
; th                                                                     ;
+---------------+-------------+-----------+-------+-----------+----------+
; Minimum Slack ; Required th ; Actual th ; From  ; To        ; To Clock ;
+---------------+-------------+-----------+-------+-----------+----------+
; N/A           ; None        ; -0.769 ns ; input ; inputemp1 ; clk100Hz ;
+---------------+-------------+-----------+-------+-----------+----------+


+--------------------------+
; Timing Analyzer Messages ;
+--------------------------+
Info: *******************************************************************
Info: Running Quartus II Classic Timing Analyzer
    Info: Version 9.0 Build 132 02/25/2009 SJ Full Version
    Info: Processing started: Mon Oct 28 14:58:50 2013
Info: Command: quartus_tan --read_settings_files=off --write_settings_files=off fangdou -c fangdou
Info: Parallel compilation is enabled and will use 2 of the 2 processors detected
Info: Started post-fitting delay annotation
Info: Delay annotation completed successfully
Warning: Found pins functioning as undefined clocks and/or memory enables
    Info: Assuming node "clk100Hz" is an undefined clock
Info: Clock "clk100Hz" Internal fmax is restricted to 304.04 MHz between source register "inputemp1" and destination register "inputemp2"
    Info: fmax restricted to clock pin edge rate 3.289 ns. Expand message to see actual delay path.
        Info: + Longest register to register delay is 1.594 ns
            Info: 1: + IC(0.000 ns) + CELL(0.000 ns) = 0.000 ns; Loc. = LC_X1_Y8_N9; Fanout = 2; REG Node = 'inputemp1'
            Info: 2: + IC(1.314 ns) + CELL(0.280 ns) = 1.594 ns; Loc. = LC_X1_Y8_N3; Fanout = 1; REG Node = 'inputemp2'
            Info: Total cell delay = 0.280 ns ( 17.57 % )
            Info: Total interconnect delay = 1.314 ns ( 82.43 % )
        Info: - Smallest clock skew is 0.000 ns
            Info: + Shortest clock path from clock "clk100Hz" to destination register is 3.819 ns
                Info: 1: + IC(0.000 ns) + CELL(1.163 ns) = 1.163 ns; Loc. = PIN_18; Fanout = 3; CLK Node = 'clk100Hz'
                Info: 2: + IC(1.738 ns) + CELL(0.918 ns) = 3.819 ns; Loc. = LC_X1_Y8_N3; Fanout = 1; REG Node = 'inputemp2'
                Info: Total cell delay = 2.081 ns ( 54.49 % )
                Info: Total interconnect delay = 1.738 ns ( 45.51 % )
            Info: - Longest clock path from clock "clk100Hz" to source register is 3.819 ns
                Info: 1: + IC(0.000 ns) + CELL(1.163 ns) = 1.163 ns; Loc. = PIN_18; Fanout = 3; CLK Node = 'clk100Hz'
                Info: 2: + IC(1.738 ns) + CELL(0.918 ns) = 3.819 ns; Loc. = LC_X1_Y8_N9; Fanout = 2; REG Node = 'inputemp1'
                Info: Total cell delay = 2.081 ns ( 54.49 % )
                Info: Total interconnect delay = 1.738 ns ( 45.51 % )
        Info: + Micro clock to output delay of source is 0.376 ns
        Info: + Micro setup delay of destination is 0.333 ns
Info: tsu for register "inputemp1" (data pin = "input", clock pin = "clk100Hz") is 1.323 ns
    Info: + Longest pin to register delay is 4.809 ns
        Info: 1: + IC(0.000 ns) + CELL(1.132 ns) = 1.132 ns; Loc. = PIN_7; Fanout = 1; PIN Node = 'input'
        Info: 2: + IC(3.086 ns) + CELL(0.591 ns) = 4.809 ns; Loc. = LC_X1_Y8_N9; Fanout = 2; REG Node = 'inputemp1'
        Info: Total cell delay = 1.723 ns ( 35.83 % )
        Info: Total interconnect delay = 3.086 ns ( 64.17 % )
    Info: + Micro setup delay of destination is 0.333 ns
    Info: - Shortest clock path from clock "clk100Hz" to destination register is 3.819 ns
        Info: 1: + IC(0.000 ns) + CELL(1.163 ns) = 1.163 ns; Loc. = PIN_18; Fanout = 3; CLK Node = 'clk100Hz'
        Info: 2: + IC(1.738 ns) + CELL(0.918 ns) = 3.819 ns; Loc. = LC_X1_Y8_N9; Fanout = 2; REG Node = 'inputemp1'
        Info: Total cell delay = 2.081 ns ( 54.49 % )
        Info: Total interconnect delay = 1.738 ns ( 45.51 % )
Info: tco from clock "clk100Hz" to destination pin "output" through register "inputemp1" is 8.224 ns
    Info: + Longest clock path from clock "clk100Hz" to source register is 3.819 ns
        Info: 1: + IC(0.000 ns) + CELL(1.163 ns) = 1.163 ns; Loc. = PIN_18; Fanout = 3; CLK Node = 'clk100Hz'
        Info: 2: + IC(1.738 ns) + CELL(0.918 ns) = 3.819 ns; Loc. = LC_X1_Y8_N9; Fanout = 2; REG Node = 'inputemp1'
        Info: Total cell delay = 2.081 ns ( 54.49 % )
        Info: Total interconnect delay = 1.738 ns ( 45.51 % )
    Info: + Micro clock to output delay of source is 0.376 ns
    Info: + Longest register to pin delay is 4.029 ns
        Info: 1: + IC(0.000 ns) + CELL(0.000 ns) = 0.000 ns; Loc. = LC_X1_Y8_N9; Fanout = 2; REG Node = 'inputemp1'
        Info: 2: + IC(0.897 ns) + CELL(0.200 ns) = 1.097 ns; Loc. = LC_X1_Y8_N3; Fanout = 1; COMB Node = 'output~2'
        Info: 3: + IC(0.610 ns) + CELL(2.322 ns) = 4.029 ns; Loc. = PIN_8; Fanout = 0; PIN Node = 'output'
        Info: Total cell delay = 2.522 ns ( 62.60 % )
        Info: Total interconnect delay = 1.507 ns ( 37.40 % )
Info: Longest tpd from source pin "clk100Hz" to destination pin "output" is 7.345 ns
    Info: 1: + IC(0.000 ns) + CELL(1.163 ns) = 1.163 ns; Loc. = PIN_18; Fanout = 3; CLK Node = 'clk100Hz'
    Info: 2: + IC(2.510 ns) + CELL(0.740 ns) = 4.413 ns; Loc. = LC_X1_Y8_N3; Fanout = 1; COMB Node = 'output~2'
    Info: 3: + IC(0.610 ns) + CELL(2.322 ns) = 7.345 ns; Loc. = PIN_8; Fanout = 0; PIN Node = 'output'
    Info: Total cell delay = 4.225 ns ( 57.52 % )
    Info: Total interconnect delay = 3.120 ns ( 42.48 % )
Info: th for register "inputemp1" (data pin = "input", clock pin = "clk100Hz") is -0.769 ns
    Info: + Longest clock path from clock "clk100Hz" to destination register is 3.819 ns
        Info: 1: + IC(0.000 ns) + CELL(1.163 ns) = 1.163 ns; Loc. = PIN_18; Fanout = 3; CLK Node = 'clk100Hz'
        Info: 2: + IC(1.738 ns) + CELL(0.918 ns) = 3.819 ns; Loc. = LC_X1_Y8_N9; Fanout = 2; REG Node = 'inputemp1'
        Info: Total cell delay = 2.081 ns ( 54.49 % )
        Info: Total interconnect delay = 1.738 ns ( 45.51 % )
    Info: + Micro hold delay of destination is 0.221 ns
    Info: - Shortest pin to register delay is 4.809 ns
        Info: 1: + IC(0.000 ns) + CELL(1.132 ns) = 1.132 ns; Loc. = PIN_7; Fanout = 1; PIN Node = 'input'
        Info: 2: + IC(3.086 ns) + CELL(0.591 ns) = 4.809 ns; Loc. = LC_X1_Y8_N9; Fanout = 2; REG Node = 'inputemp1'
        Info: Total cell delay = 1.723 ns ( 35.83 % )
        Info: Total interconnect delay = 3.086 ns ( 64.17 % )
Info: Quartus II Classic Timing Analyzer was successful. 0 errors, 1 warning
    Info: Peak virtual memory: 180 megabytes
    Info: Processing ended: Mon Oct 28 14:58:50 2013
    Info: Elapsed time: 00:00:00
    Info: Total CPU time (on all processors): 00:00:00


