Classic Timing Analyzer report for mode
Sun Oct 27 22:05:55 2013
Quartus II Version 9.0 Build 132 02/25/2009 SJ Full Version


---------------------
; Table of Contents ;
---------------------
  1. Legal Notice
  2. Timing Analyzer Summary
  3. Timing Analyzer Settings
  4. Clock Settings Summary
  5. Parallel Compilation
  6. Clock Setup: 'clk1kHz'
  7. tsu
  8. tco
  9. th
 10. Timing Analyzer Messages



----------------
; Legal Notice ;
----------------
Copyright (C) 1991-2009 Altera Corporation
Your use of Altera Corporation's design tools, logic functions 
and other software and tools, and its AMPP partner logic 
functions, and any output files from any of the foregoing 
(including device programming or simulation files), and any 
associated documentation or information are expressly subject 
to the terms and conditions of the Altera Program License 
Subscription Agreement, Altera MegaCore Function License 
Agreement, or other applicable license agreement, including, 
without limitation, that your use is for the sole purpose of 
programming logic devices manufactured by Altera and sold by 
Altera or its authorized distributors.  Please refer to the 
applicable agreement for further details.



+--------------------------------------------------------------------------------------------------------------------------------------------------------------------+
; Timing Analyzer Summary                                                                                                                                            ;
+------------------------------+-------+---------------+----------------------------------+-----------------+-----------------+------------+----------+--------------+
; Type                         ; Slack ; Required Time ; Actual Time                      ; From            ; To              ; From Clock ; To Clock ; Failed Paths ;
+------------------------------+-------+---------------+----------------------------------+-----------------+-----------------+------------+----------+--------------+
; Worst-case tsu               ; N/A   ; None          ; 2.810 ns                         ; timecontrol     ; present_state.B ; --         ; clk1kHz  ; 0            ;
; Worst-case tco               ; N/A   ; None          ; 12.432 ns                        ; present_state.B ; state[1]        ; clk1kHz    ; --       ; 0            ;
; Worst-case th                ; N/A   ; None          ; -1.191 ns                        ; reset           ; present_state.C ; --         ; clk1kHz  ; 0            ;
; Clock Setup: 'clk1kHz'       ; N/A   ; None          ; 232.45 MHz ( period = 4.302 ns ) ; present_state.Z ; present_state.H ; clk1kHz    ; clk1kHz  ; 0            ;
; Total number of failed paths ;       ;               ;                                  ;                 ;                 ;            ;          ; 0            ;
+------------------------------+-------+---------------+----------------------------------+-----------------+-----------------+------------+----------+--------------+


+--------------------------------------------------------------------------------------------------------------------+
; Timing Analyzer Settings                                                                                           ;
+---------------------------------------------------------------------+--------------------+------+----+-------------+
; Option                                                              ; Setting            ; From ; To ; Entity Name ;
+---------------------------------------------------------------------+--------------------+------+----+-------------+
; Device Name                                                         ; EPM1270T144C5      ;      ;    ;             ;
; Timing Models                                                       ; Final              ;      ;    ;             ;
; Default hold multicycle                                             ; Same as Multicycle ;      ;    ;             ;
; Cut paths between unrelated clock domains                           ; On                 ;      ;    ;             ;
; Cut off read during write signal paths                              ; On                 ;      ;    ;             ;
; Cut off feedback from I/O pins                                      ; On                 ;      ;    ;             ;
; Report Combined Fast/Slow Timing                                    ; Off                ;      ;    ;             ;
; Ignore Clock Settings                                               ; Off                ;      ;    ;             ;
; Analyze latches as synchronous elements                             ; On                 ;      ;    ;             ;
; Enable Recovery/Removal analysis                                    ; Off                ;      ;    ;             ;
; Enable Clock Latency                                                ; Off                ;      ;    ;             ;
; Use TimeQuest Timing Analyzer                                       ; Off                ;      ;    ;             ;
; Minimum Core Junction Temperature                                   ; 0                  ;      ;    ;             ;
; Maximum Core Junction Temperature                                   ; 85                 ;      ;    ;             ;
; Number of source nodes to report per destination node               ; 10                 ;      ;    ;             ;
; Number of destination nodes to report                               ; 10                 ;      ;    ;             ;
; Number of paths to report                                           ; 200                ;      ;    ;             ;
; Report Minimum Timing Checks                                        ; Off                ;      ;    ;             ;
; Use Fast Timing Models                                              ; Off                ;      ;    ;             ;
; Report IO Paths Separately                                          ; Off                ;      ;    ;             ;
; Perform Multicorner Analysis                                        ; Off                ;      ;    ;             ;
; Reports the worst-case path for each clock domain and analysis      ; Off                ;      ;    ;             ;
; Removes common clock path pessimism (CCPP) during slack computation ; Off                ;      ;    ;             ;
; Output I/O Timing Endpoint                                          ; Near End           ;      ;    ;             ;
+---------------------------------------------------------------------+--------------------+------+----+-------------+


+------------------------------------------------------------------------------------------------------------------------------------------------------------------------------------+
; Clock Settings Summary                                                                                                                                                             ;
+-----------------+--------------------+----------+------------------+---------------+--------------+----------+-----------------------+---------------------+--------+--------------+
; Clock Node Name ; Clock Setting Name ; Type     ; Fmax Requirement ; Early Latency ; Late Latency ; Based on ; Multiply Base Fmax by ; Divide Base Fmax by ; Offset ; Phase offset ;
+-----------------+--------------------+----------+------------------+---------------+--------------+----------+-----------------------+---------------------+--------+--------------+
; clk1kHz         ;                    ; User Pin ; None             ; 0.000 ns      ; 0.000 ns     ; --       ; N/A                   ; N/A                 ; N/A    ;              ;
+-----------------+--------------------+----------+------------------+---------------+--------------+----------+-----------------------+---------------------+--------+--------------+


+------------------------------------------+
; Parallel Compilation                     ;
+----------------------------+-------------+
; Processors                 ; Number      ;
+----------------------------+-------------+
; Number detected on machine ; 2           ;
; Maximum allowed            ; 2           ;
;                            ;             ;
; Average used               ; 1.00        ;
; Maximum used               ; 1           ;
;                            ;             ;
; Usage by Processor         ; % Time Used ;
;     1 processor            ; 100.0%      ;
;     2 processors           ;   0.0%      ;
+----------------------------+-------------+


+--------------------------------------------------------------------------------------------------------------------------------------------------------------------------------------------------------+
; Clock Setup: 'clk1kHz'                                                                                                                                                                                 ;
+-------+------------------------------------------------+-----------------+-----------------+------------+----------+-----------------------------+---------------------------+-------------------------+
; Slack ; Actual fmax (period)                           ; From            ; To              ; From Clock ; To Clock ; Required Setup Relationship ; Required Longest P2P Time ; Actual Longest P2P Time ;
+-------+------------------------------------------------+-----------------+-----------------+------------+----------+-----------------------------+---------------------------+-------------------------+
; N/A   ; 232.45 MHz ( period = 4.302 ns )               ; present_state.Z ; present_state.H ; clk1kHz    ; clk1kHz  ; None                        ; None                      ; 3.593 ns                ;
; N/A   ; 278.47 MHz ( period = 3.591 ns )               ; present_state.B ; present_state.B ; clk1kHz    ; clk1kHz  ; None                        ; None                      ; 2.882 ns                ;
; N/A   ; 300.30 MHz ( period = 3.330 ns )               ; present_state.C ; present_state.H ; clk1kHz    ; clk1kHz  ; None                        ; None                      ; 2.621 ns                ;
; N/A   ; Restricted to 304.04 MHz ( period = 3.289 ns ) ; present_state.B ; present_state.J ; clk1kHz    ; clk1kHz  ; None                        ; None                      ; 2.423 ns                ;
; N/A   ; Restricted to 304.04 MHz ( period = 3.289 ns ) ; present_state.J ; present_state.J ; clk1kHz    ; clk1kHz  ; None                        ; None                      ; 2.055 ns                ;
; N/A   ; Restricted to 304.04 MHz ( period = 3.289 ns ) ; present_state.J ; present_state.B ; clk1kHz    ; clk1kHz  ; None                        ; None                      ; 2.023 ns                ;
; N/A   ; Restricted to 304.04 MHz ( period = 3.289 ns ) ; present_state.B ; present_state.T ; clk1kHz    ; clk1kHz  ; None                        ; None                      ; 1.815 ns                ;
; N/A   ; Restricted to 304.04 MHz ( period = 3.289 ns ) ; present_state.T ; present_state.Z ; clk1kHz    ; clk1kHz  ; None                        ; None                      ; 1.808 ns                ;
; N/A   ; Restricted to 304.04 MHz ( period = 3.289 ns ) ; present_state.H ; present_state.J ; clk1kHz    ; clk1kHz  ; None                        ; None                      ; 1.750 ns                ;
; N/A   ; Restricted to 304.04 MHz ( period = 3.289 ns ) ; present_state.C ; present_state.C ; clk1kHz    ; clk1kHz  ; None                        ; None                      ; 1.744 ns                ;
+-------+------------------------------------------------+-----------------+-----------------+------------+----------+-----------------------------+---------------------------+-------------------------+


+------------------------------------------------------------------------------+
; tsu                                                                          ;
+-------+--------------+------------+-------------+-----------------+----------+
; Slack ; Required tsu ; Actual tsu ; From        ; To              ; To Clock ;
+-------+--------------+------------+-------------+-----------------+----------+
; N/A   ; None         ; 2.810 ns   ; timecontrol ; present_state.B ; clk1kHz  ;
; N/A   ; None         ; 2.770 ns   ; modecontrol ; present_state.H ; clk1kHz  ;
; N/A   ; None         ; 2.770 ns   ; modecontrol ; present_state.T ; clk1kHz  ;
; N/A   ; None         ; 2.770 ns   ; modecontrol ; present_state.Z ; clk1kHz  ;
; N/A   ; None         ; 2.713 ns   ; reset       ; present_state.H ; clk1kHz  ;
; N/A   ; None         ; 2.713 ns   ; reset       ; present_state.T ; clk1kHz  ;
; N/A   ; None         ; 2.713 ns   ; reset       ; present_state.Z ; clk1kHz  ;
; N/A   ; None         ; 2.506 ns   ; modecontrol ; present_state.B ; clk1kHz  ;
; N/A   ; None         ; 2.488 ns   ; modecontrol ; present_state.J ; clk1kHz  ;
; N/A   ; None         ; 2.447 ns   ; reset       ; present_state.J ; clk1kHz  ;
; N/A   ; None         ; 2.355 ns   ; timecontrol ; present_state.J ; clk1kHz  ;
; N/A   ; None         ; 2.139 ns   ; reset       ; present_state.B ; clk1kHz  ;
; N/A   ; None         ; 1.831 ns   ; modecontrol ; present_state.C ; clk1kHz  ;
; N/A   ; None         ; 1.745 ns   ; reset       ; present_state.C ; clk1kHz  ;
+-------+--------------+------------+-------------+-----------------+----------+


+-----------------------------------------------------------------------------+
; tco                                                                         ;
+-------+--------------+------------+-----------------+----------+------------+
; Slack ; Required tco ; Actual tco ; From            ; To       ; From Clock ;
+-------+--------------+------------+-----------------+----------+------------+
; N/A   ; None         ; 12.432 ns  ; present_state.B ; state[1] ; clk1kHz    ;
; N/A   ; None         ; 12.067 ns  ; present_state.J ; state[1] ; clk1kHz    ;
; N/A   ; None         ; 11.800 ns  ; present_state.C ; state[0] ; clk1kHz    ;
; N/A   ; None         ; 11.273 ns  ; present_state.J ; state[0] ; clk1kHz    ;
; N/A   ; None         ; 11.087 ns  ; present_state.T ; state[0] ; clk1kHz    ;
; N/A   ; None         ; 10.086 ns  ; present_state.T ; state[2] ; clk1kHz    ;
; N/A   ; None         ; 9.745 ns   ; present_state.Z ; state[2] ; clk1kHz    ;
+-------+--------------+------------+-----------------+----------+------------+


+------------------------------------------------------------------------------------+
; th                                                                                 ;
+---------------+-------------+-----------+-------------+-----------------+----------+
; Minimum Slack ; Required th ; Actual th ; From        ; To              ; To Clock ;
+---------------+-------------+-----------+-------------+-----------------+----------+
; N/A           ; None        ; -1.191 ns ; reset       ; present_state.C ; clk1kHz  ;
; N/A           ; None        ; -1.277 ns ; modecontrol ; present_state.C ; clk1kHz  ;
; N/A           ; None        ; -1.460 ns ; modecontrol ; present_state.Z ; clk1kHz  ;
; N/A           ; None        ; -1.466 ns ; modecontrol ; present_state.T ; clk1kHz  ;
; N/A           ; None        ; -1.585 ns ; reset       ; present_state.B ; clk1kHz  ;
; N/A           ; None        ; -1.801 ns ; timecontrol ; present_state.J ; clk1kHz  ;
; N/A           ; None        ; -1.893 ns ; reset       ; present_state.J ; clk1kHz  ;
; N/A           ; None        ; -1.931 ns ; modecontrol ; present_state.H ; clk1kHz  ;
; N/A           ; None        ; -1.934 ns ; modecontrol ; present_state.J ; clk1kHz  ;
; N/A           ; None        ; -1.952 ns ; modecontrol ; present_state.B ; clk1kHz  ;
; N/A           ; None        ; -2.159 ns ; reset       ; present_state.H ; clk1kHz  ;
; N/A           ; None        ; -2.159 ns ; reset       ; present_state.T ; clk1kHz  ;
; N/A           ; None        ; -2.159 ns ; reset       ; present_state.Z ; clk1kHz  ;
; N/A           ; None        ; -2.256 ns ; timecontrol ; present_state.B ; clk1kHz  ;
+---------------+-------------+-----------+-------------+-----------------+----------+


+--------------------------+
; Timing Analyzer Messages ;
+--------------------------+
Info: *******************************************************************
Info: Running Quartus II Classic Timing Analyzer
    Info: Version 9.0 Build 132 02/25/2009 SJ Full Version
    Info: Processing started: Sun Oct 27 22:05:55 2013
Info: Command: quartus_tan --read_settings_files=off --write_settings_files=off mode -c mode
Info: Parallel compilation is enabled and will use 2 of the 2 processors detected
Info: Started post-fitting delay annotation
Info: Delay annotation completed successfully
Warning: Found pins functioning as undefined clocks and/or memory enables
    Info: Assuming node "clk1kHz" is an undefined clock
Info: Clock "clk1kHz" has Internal fmax of 232.45 MHz between source register "present_state.Z" and destination register "present_state.H" (period= 4.302 ns)
    Info: + Longest register to register delay is 3.593 ns
        Info: 1: + IC(0.000 ns) + CELL(0.000 ns) = 0.000 ns; Loc. = LC_X1_Y7_N2; Fanout = 2; REG Node = 'present_state.Z'
        Info: 2: + IC(2.410 ns) + CELL(1.183 ns) = 3.593 ns; Loc. = LC_X1_Y7_N0; Fanout = 1; REG Node = 'present_state.H'
        Info: Total cell delay = 1.183 ns ( 32.93 % )
        Info: Total interconnect delay = 2.410 ns ( 67.07 % )
    Info: - Smallest clock skew is 0.000 ns
        Info: + Shortest clock path from clock "clk1kHz" to destination register is 3.819 ns
            Info: 1: + IC(0.000 ns) + CELL(1.163 ns) = 1.163 ns; Loc. = PIN_18; Fanout = 6; CLK Node = 'clk1kHz'
            Info: 2: + IC(1.738 ns) + CELL(0.918 ns) = 3.819 ns; Loc. = LC_X1_Y7_N0; Fanout = 1; REG Node = 'present_state.H'
            Info: Total cell delay = 2.081 ns ( 54.49 % )
            Info: Total interconnect delay = 1.738 ns ( 45.51 % )
        Info: - Longest clock path from clock "clk1kHz" to source register is 3.819 ns
            Info: 1: + IC(0.000 ns) + CELL(1.163 ns) = 1.163 ns; Loc. = PIN_18; Fanout = 6; CLK Node = 'clk1kHz'
            Info: 2: + IC(1.738 ns) + CELL(0.918 ns) = 3.819 ns; Loc. = LC_X1_Y7_N2; Fanout = 2; REG Node = 'present_state.Z'
            Info: Total cell delay = 2.081 ns ( 54.49 % )
            Info: Total interconnect delay = 1.738 ns ( 45.51 % )
    Info: + Micro clock to output delay of source is 0.376 ns
    Info: + Micro setup delay of destination is 0.333 ns
Info: tsu for register "present_state.B" (data pin = "timecontrol", clock pin = "clk1kHz") is 2.810 ns
    Info: + Longest pin to register delay is 6.296 ns
        Info: 1: + IC(0.000 ns) + CELL(1.132 ns) = 1.132 ns; Loc. = PIN_11; Fanout = 2; PIN Node = 'timecontrol'
        Info: 2: + IC(3.078 ns) + CELL(0.740 ns) = 4.950 ns; Loc. = LC_X1_Y7_N1; Fanout = 1; COMB Node = 'Selector3~1'
        Info: 3: + IC(0.755 ns) + CELL(0.591 ns) = 6.296 ns; Loc. = LC_X1_Y7_N5; Fanout = 4; REG Node = 'present_state.B'
        Info: Total cell delay = 2.463 ns ( 39.12 % )
        Info: Total interconnect delay = 3.833 ns ( 60.88 % )
    Info: + Micro setup delay of destination is 0.333 ns
    Info: - Shortest clock path from clock "clk1kHz" to destination register is 3.819 ns
        Info: 1: + IC(0.000 ns) + CELL(1.163 ns) = 1.163 ns; Loc. = PIN_18; Fanout = 6; CLK Node = 'clk1kHz'
        Info: 2: + IC(1.738 ns) + CELL(0.918 ns) = 3.819 ns; Loc. = LC_X1_Y7_N5; Fanout = 4; REG Node = 'present_state.B'
        Info: Total cell delay = 2.081 ns ( 54.49 % )
        Info: Total interconnect delay = 1.738 ns ( 45.51 % )
Info: tco from clock "clk1kHz" to destination pin "state[1]" through register "present_state.B" is 12.432 ns
    Info: + Longest clock path from clock "clk1kHz" to source register is 3.819 ns
        Info: 1: + IC(0.000 ns) + CELL(1.163 ns) = 1.163 ns; Loc. = PIN_18; Fanout = 6; CLK Node = 'clk1kHz'
        Info: 2: + IC(1.738 ns) + CELL(0.918 ns) = 3.819 ns; Loc. = LC_X1_Y7_N5; Fanout = 4; REG Node = 'present_state.B'
        Info: Total cell delay = 2.081 ns ( 54.49 % )
        Info: Total interconnect delay = 1.738 ns ( 45.51 % )
    Info: + Micro clock to output delay of source is 0.376 ns
    Info: + Longest register to pin delay is 8.237 ns
        Info: 1: + IC(0.000 ns) + CELL(0.000 ns) = 0.000 ns; Loc. = LC_X1_Y7_N5; Fanout = 4; REG Node = 'present_state.B'
        Info: 2: + IC(1.014 ns) + CELL(0.511 ns) = 1.525 ns; Loc. = LC_X1_Y7_N7; Fanout = 1; COMB Node = 'state~1'
        Info: 3: + IC(4.390 ns) + CELL(2.322 ns) = 8.237 ns; Loc. = PIN_106; Fanout = 0; PIN Node = 'state[1]'
        Info: Total cell delay = 2.833 ns ( 34.39 % )
        Info: Total interconnect delay = 5.404 ns ( 65.61 % )
Info: th for register "present_state.C" (data pin = "reset", clock pin = "clk1kHz") is -1.191 ns
    Info: + Longest clock path from clock "clk1kHz" to destination register is 3.819 ns
        Info: 1: + IC(0.000 ns) + CELL(1.163 ns) = 1.163 ns; Loc. = PIN_18; Fanout = 6; CLK Node = 'clk1kHz'
        Info: 2: + IC(1.738 ns) + CELL(0.918 ns) = 3.819 ns; Loc. = LC_X1_Y8_N7; Fanout = 3; REG Node = 'present_state.C'
        Info: Total cell delay = 2.081 ns ( 54.49 % )
        Info: Total interconnect delay = 1.738 ns ( 45.51 % )
    Info: + Micro hold delay of destination is 0.221 ns
    Info: - Shortest pin to register delay is 5.231 ns
        Info: 1: + IC(0.000 ns) + CELL(1.132 ns) = 1.132 ns; Loc. = PIN_13; Fanout = 4; PIN Node = 'reset'
        Info: 2: + IC(2.916 ns) + CELL(1.183 ns) = 5.231 ns; Loc. = LC_X1_Y8_N7; Fanout = 3; REG Node = 'present_state.C'
        Info: Total cell delay = 2.315 ns ( 44.26 % )
        Info: Total interconnect delay = 2.916 ns ( 55.74 % )
Info: Quartus II Classic Timing Analyzer was successful. 0 errors, 1 warning
    Info: Peak virtual memory: 180 megabytes
    Info: Processing ended: Sun Oct 27 22:05:55 2013
    Info: Elapsed time: 00:00:00
    Info: Total CPU time (on all processors): 00:00:00


