Analysis & Synthesis report for ordermode
Fri Nov 08 22:20:49 2013
Quartus II Version 9.0 Build 132 02/25/2009 SJ Full Version


---------------------
; Table of Contents ;
---------------------
  1. Legal Notice
  2. Analysis & Synthesis Summary
  3. Analysis & Synthesis Settings
  4. Analysis & Synthesis Source Files Read
  5. Analysis & Synthesis Resource Usage Summary
  6. Analysis & Synthesis Resource Utilization by Entity
  7. State Machine - |ordermode|order:inst|present_state
  8. Registers Removed During Synthesis
  9. General Register Statistics
 10. Multiplexer Restructuring Statistics (Restructuring Performed)
 11. Source assignments for decount:inst2|lpm_mult:Mult0|multcore:mult_core|mpar_add:padder|lpm_add_sub:adder[0]|addcore:adder
 12. Source assignments for decount:inst2|lpm_mult:Mult1|multcore:mult_core|mpar_add:padder|lpm_add_sub:adder[0]|addcore:adder
 13. Source assignments for decount:inst2|lpm_mult:Mult2|multcore:mult_core|mpar_add:padder|lpm_add_sub:adder[0]|addcore:adder
 14. Parameter Settings for Inferred Entity Instance: div:inst3|lpm_divide:Div0
 15. Parameter Settings for Inferred Entity Instance: div:inst3|lpm_divide:Div1
 16. Parameter Settings for Inferred Entity Instance: div:inst3|lpm_divide:Mod0
 17. Parameter Settings for Inferred Entity Instance: decount:inst2|lpm_mult:Mult0
 18. Parameter Settings for Inferred Entity Instance: decount:inst2|lpm_mult:Mult1
 19. Parameter Settings for Inferred Entity Instance: decount:inst2|lpm_mult:Mult2
 20. lpm_mult Parameter Settings by Entity Instance
 21. Analysis & Synthesis Messages



----------------
; Legal Notice ;
----------------
Copyright (C) 1991-2009 Altera Corporation
Your use of Altera Corporation's design tools, logic functions 
and other software and tools, and its AMPP partner logic 
functions, and any output files from any of the foregoing 
(including device programming or simulation files), and any 
associated documentation or information are expressly subject 
to the terms and conditions of the Altera Program License 
Subscription Agreement, Altera MegaCore Function License 
Agreement, or other applicable license agreement, including, 
without limitation, that your use is for the sole purpose of 
programming logic devices manufactured by Altera and sold by 
Altera or its authorized distributors.  Please refer to the 
applicable agreement for further details.



+------------------------------------------------------------------------+
; Analysis & Synthesis Summary                                           ;
+-----------------------------+------------------------------------------+
; Analysis & Synthesis Status ; Successful - Fri Nov 08 22:20:49 2013    ;
; Quartus II Version          ; 9.0 Build 132 02/25/2009 SJ Full Version ;
; Revision Name               ; ordermode                                ;
; Top-level Entity Name       ; ordermode                                ;
; Family                      ; MAX II                                   ;
; Total logic elements        ; 485                                      ;
; Total pins                  ; 17                                       ;
; Total virtual pins          ; 0                                        ;
; UFM blocks                  ; 0 / 1 ( 0 % )                            ;
+-----------------------------+------------------------------------------+


+----------------------------------------------------------------------------------------------------------+
; Analysis & Synthesis Settings                                                                            ;
+----------------------------------------------------------------+--------------------+--------------------+
; Option                                                         ; Setting            ; Default Value      ;
+----------------------------------------------------------------+--------------------+--------------------+
; Device                                                         ; EPM1270T144C5      ;                    ;
; Top-level entity name                                          ; ordermode          ; ordermode          ;
; Family name                                                    ; MAX II             ; Stratix II         ;
; Use Generated Physical Constraints File                        ; Off                ;                    ;
; Use smart compilation                                          ; Off                ; Off                ;
; Restructure Multiplexers                                       ; Auto               ; Auto               ;
; Create Debugging Nodes for IP Cores                            ; Off                ; Off                ;
; Preserve fewer node names                                      ; On                 ; On                 ;
; Disable OpenCore Plus hardware evaluation                      ; Off                ; Off                ;
; Verilog Version                                                ; Verilog_2001       ; Verilog_2001       ;
; VHDL Version                                                   ; VHDL93             ; VHDL93             ;
; State Machine Processing                                       ; Auto               ; Auto               ;
; Safe State Machine                                             ; Off                ; Off                ;
; Extract Verilog State Machines                                 ; On                 ; On                 ;
; Extract VHDL State Machines                                    ; On                 ; On                 ;
; Ignore Verilog initial constructs                              ; Off                ; Off                ;
; Iteration limit for constant Verilog loops                     ; 5000               ; 5000               ;
; Iteration limit for non-constant Verilog loops                 ; 250                ; 250                ;
; Add Pass-Through Logic to Inferred RAMs                        ; On                 ; On                 ;
; Parallel Synthesis                                             ; Off                ; Off                ;
; NOT Gate Push-Back                                             ; On                 ; On                 ;
; Power-Up Don't Care                                            ; On                 ; On                 ;
; Remove Redundant Logic Cells                                   ; Off                ; Off                ;
; Remove Duplicate Registers                                     ; On                 ; On                 ;
; Ignore CARRY Buffers                                           ; Off                ; Off                ;
; Ignore CASCADE Buffers                                         ; Off                ; Off                ;
; Ignore GLOBAL Buffers                                          ; Off                ; Off                ;
; Ignore ROW GLOBAL Buffers                                      ; Off                ; Off                ;
; Ignore LCELL Buffers                                           ; Off                ; Off                ;
; Ignore SOFT Buffers                                            ; On                 ; On                 ;
; Limit AHDL Integers to 32 Bits                                 ; Off                ; Off                ;
; Optimization Technique                                         ; Balanced           ; Balanced           ;
; Carry Chain Length                                             ; 70                 ; 70                 ;
; Auto Carry Chains                                              ; On                 ; On                 ;
; Auto Open-Drain Pins                                           ; On                 ; On                 ;
; Perform WYSIWYG Primitive Resynthesis                          ; Off                ; Off                ;
; Auto Shift Register Replacement                                ; Auto               ; Auto               ;
; Auto Clock Enable Replacement                                  ; On                 ; On                 ;
; Allow Synchronous Control Signals                              ; On                 ; On                 ;
; Force Use of Synchronous Clear Signals                         ; Off                ; Off                ;
; Auto Resource Sharing                                          ; Off                ; Off                ;
; Use LogicLock Constraints during Resource Balancing            ; On                 ; On                 ;
; Ignore translate_off and synthesis_off directives              ; Off                ; Off                ;
; Show Parameter Settings Tables in Synthesis Report             ; On                 ; On                 ;
; Ignore Maximum Fan-Out Assignments                             ; Off                ; Off                ;
; Synchronization Register Chain Length                          ; 2                  ; 2                  ;
; PowerPlay Power Optimization                                   ; Normal compilation ; Normal compilation ;
; HDL message level                                              ; Level2             ; Level2             ;
; Suppress Register Optimization Related Messages                ; Off                ; Off                ;
; Number of Removed Registers Reported in Synthesis Report       ; 100                ; 100                ;
; Number of Inverted Registers Reported in Synthesis Report      ; 100                ; 100                ;
; Clock MUX Protection                                           ; On                 ; On                 ;
; Block Design Naming                                            ; Auto               ; Auto               ;
; Synthesis Effort                                               ; Auto               ; Auto               ;
; Allows Asynchronous Clear Usage For Shift Register Replacement ; On                 ; On                 ;
; Analysis & Synthesis Message Level                             ; Medium             ; Medium             ;
+----------------------------------------------------------------+--------------------+--------------------+


+------------------------------------------------------------------------------------------------------------------------------------------------------------------------------+
; Analysis & Synthesis Source Files Read                                                                                                                                       ;
+----------------------------------+-----------------+------------------------------------+------------------------------------------------------------------------------------+
; File Name with User-Entered Path ; Used in Netlist ; File Type                          ; File Name with Absolute Path                                                       ;
+----------------------------------+-----------------+------------------------------------+------------------------------------------------------------------------------------+
; ordermode.bdf                    ; yes             ; User Block Diagram/Schematic File  ; G:/学习/大三学习资料/大三上/学习资料/数电综合实验/final/ordermode.bdf              ;
; decount.vhd                      ; yes             ; Auto-Found VHDL File               ; G:/学习/大三学习资料/大三上/学习资料/数电综合实验/final/decount.vhd                ;
; norder.vhd                       ; yes             ; Auto-Found VHDL File               ; G:/学习/大三学习资料/大三上/学习资料/数电综合实验/final/norder.vhd                 ;
; order.vhd                        ; yes             ; Auto-Found VHDL File               ; G:/学习/大三学习资料/大三上/学习资料/数电综合实验/final/order.vhd                  ;
; div.vhd                          ; yes             ; Auto-Found VHDL File               ; G:/学习/大三学习资料/大三上/学习资料/数电综合实验/final/div.vhd                    ;
; lpm_divide.tdf                   ; yes             ; Megafunction                       ; e:/quartus/quartus/libraries/megafunctions/lpm_divide.tdf                          ;
; abs_divider.inc                  ; yes             ; Megafunction                       ; e:/quartus/quartus/libraries/megafunctions/abs_divider.inc                         ;
; sign_div_unsign.inc              ; yes             ; Megafunction                       ; e:/quartus/quartus/libraries/megafunctions/sign_div_unsign.inc                     ;
; aglobal90.inc                    ; yes             ; Megafunction                       ; e:/quartus/quartus/libraries/megafunctions/aglobal90.inc                           ;
; db/lpm_divide_n2m.tdf            ; yes             ; Auto-Generated Megafunction        ; G:/学习/大三学习资料/大三上/学习资料/数电综合实验/final/db/lpm_divide_n2m.tdf      ;
; db/sign_div_unsign_8nh.tdf       ; yes             ; Auto-Generated Megafunction        ; G:/学习/大三学习资料/大三上/学习资料/数电综合实验/final/db/sign_div_unsign_8nh.tdf ;
; db/alt_u_div_boe.tdf             ; yes             ; Auto-Generated Megafunction        ; G:/学习/大三学习资料/大三上/学习资料/数电综合实验/final/db/alt_u_div_boe.tdf       ;
; db/add_sub_e7c.tdf               ; yes             ; Auto-Generated Megafunction        ; G:/学习/大三学习资料/大三上/学习资料/数电综合实验/final/db/add_sub_e7c.tdf         ;
; db/add_sub_f7c.tdf               ; yes             ; Auto-Generated Megafunction        ; G:/学习/大三学习资料/大三上/学习资料/数电综合实验/final/db/add_sub_f7c.tdf         ;
; db/add_sub_v8c.tdf               ; yes             ; Auto-Generated Megafunction        ; G:/学习/大三学习资料/大三上/学习资料/数电综合实验/final/db/add_sub_v8c.tdf         ;
; db/add_sub_g7c.tdf               ; yes             ; Auto-Generated Megafunction        ; G:/学习/大三学习资料/大三上/学习资料/数电综合实验/final/db/add_sub_g7c.tdf         ;
; db/add_sub_h7c.tdf               ; yes             ; Auto-Generated Megafunction        ; G:/学习/大三学习资料/大三上/学习资料/数电综合实验/final/db/add_sub_h7c.tdf         ;
; db/add_sub_i7c.tdf               ; yes             ; Auto-Generated Megafunction        ; G:/学习/大三学习资料/大三上/学习资料/数电综合实验/final/db/add_sub_i7c.tdf         ;
; db/add_sub_j7c.tdf               ; yes             ; Auto-Generated Megafunction        ; G:/学习/大三学习资料/大三上/学习资料/数电综合实验/final/db/add_sub_j7c.tdf         ;
; db/add_sub_k7c.tdf               ; yes             ; Auto-Generated Megafunction        ; G:/学习/大三学习资料/大三上/学习资料/数电综合实验/final/db/add_sub_k7c.tdf         ;
; db/add_sub_l7c.tdf               ; yes             ; Auto-Generated Megafunction        ; G:/学习/大三学习资料/大三上/学习资料/数电综合实验/final/db/add_sub_l7c.tdf         ;
; db/add_sub_m7c.tdf               ; yes             ; Auto-Generated Megafunction        ; G:/学习/大三学习资料/大三上/学习资料/数电综合实验/final/db/add_sub_m7c.tdf         ;
; db/add_sub_u8c.tdf               ; yes             ; Auto-Generated Megafunction        ; G:/学习/大三学习资料/大三上/学习资料/数电综合实验/final/db/add_sub_u8c.tdf         ;
; db/lpm_divide_pvl.tdf            ; yes             ; Auto-Generated Megafunction        ; G:/学习/大三学习资料/大三上/学习资料/数电综合实验/final/db/lpm_divide_pvl.tdf      ;
; db/sign_div_unsign_akh.tdf       ; yes             ; Auto-Generated Megafunction        ; G:/学习/大三学习资料/大三上/学习资料/数电综合实验/final/db/sign_div_unsign_akh.tdf ;
; db/alt_u_div_fie.tdf             ; yes             ; Auto-Generated Megafunction        ; G:/学习/大三学习资料/大三上/学习资料/数电综合实验/final/db/alt_u_div_fie.tdf       ;
; db/lpm_divide_vnl.tdf            ; yes             ; Auto-Generated Megafunction        ; G:/学习/大三学习资料/大三上/学习资料/数电综合实验/final/db/lpm_divide_vnl.tdf      ;
; db/sign_div_unsign_dkh.tdf       ; yes             ; Auto-Generated Megafunction        ; G:/学习/大三学习资料/大三上/学习资料/数电综合实验/final/db/sign_div_unsign_dkh.tdf ;
; db/alt_u_div_lie.tdf             ; yes             ; Auto-Generated Megafunction        ; G:/学习/大三学习资料/大三上/学习资料/数电综合实验/final/db/alt_u_div_lie.tdf       ;
; lpm_mult.tdf                     ; yes             ; Megafunction                       ; e:/quartus/quartus/libraries/megafunctions/lpm_mult.tdf                            ;
; lpm_add_sub.inc                  ; yes             ; Megafunction                       ; e:/quartus/quartus/libraries/megafunctions/lpm_add_sub.inc                         ;
; multcore.inc                     ; yes             ; Megafunction                       ; e:/quartus/quartus/libraries/megafunctions/multcore.inc                            ;
; bypassff.inc                     ; yes             ; Megafunction                       ; e:/quartus/quartus/libraries/megafunctions/bypassff.inc                            ;
; altshift.inc                     ; yes             ; Megafunction                       ; e:/quartus/quartus/libraries/megafunctions/altshift.inc                            ;
; multcore.tdf                     ; yes             ; Megafunction                       ; e:/quartus/quartus/libraries/megafunctions/multcore.tdf                            ;
; csa_add.inc                      ; yes             ; Megafunction                       ; e:/quartus/quartus/libraries/megafunctions/csa_add.inc                             ;
; mpar_add.inc                     ; yes             ; Megafunction                       ; e:/quartus/quartus/libraries/megafunctions/mpar_add.inc                            ;
; muleabz.inc                      ; yes             ; Megafunction                       ; e:/quartus/quartus/libraries/megafunctions/muleabz.inc                             ;
; mul_lfrg.inc                     ; yes             ; Megafunction                       ; e:/quartus/quartus/libraries/megafunctions/mul_lfrg.inc                            ;
; mul_boothc.inc                   ; yes             ; Megafunction                       ; e:/quartus/quartus/libraries/megafunctions/mul_boothc.inc                          ;
; alt_ded_mult.inc                 ; yes             ; Megafunction                       ; e:/quartus/quartus/libraries/megafunctions/alt_ded_mult.inc                        ;
; alt_ded_mult_y.inc               ; yes             ; Megafunction                       ; e:/quartus/quartus/libraries/megafunctions/alt_ded_mult_y.inc                      ;
; dffpipe.inc                      ; yes             ; Megafunction                       ; e:/quartus/quartus/libraries/megafunctions/dffpipe.inc                             ;
; mpar_add.tdf                     ; yes             ; Megafunction                       ; e:/quartus/quartus/libraries/megafunctions/mpar_add.tdf                            ;
; lpm_add_sub.tdf                  ; yes             ; Megafunction                       ; e:/quartus/quartus/libraries/megafunctions/lpm_add_sub.tdf                         ;
; addcore.inc                      ; yes             ; Megafunction                       ; e:/quartus/quartus/libraries/megafunctions/addcore.inc                             ;
; look_add.inc                     ; yes             ; Megafunction                       ; e:/quartus/quartus/libraries/megafunctions/look_add.inc                            ;
; alt_stratix_add_sub.inc          ; yes             ; Megafunction                       ; e:/quartus/quartus/libraries/megafunctions/alt_stratix_add_sub.inc                 ;
; alt_mercury_add_sub.inc          ; yes             ; Megafunction                       ; e:/quartus/quartus/libraries/megafunctions/alt_mercury_add_sub.inc                 ;
; addcore.tdf                      ; yes             ; Megafunction                       ; e:/quartus/quartus/libraries/megafunctions/addcore.tdf                             ;
; a_csnbuffer.inc                  ; yes             ; Megafunction                       ; e:/quartus/quartus/libraries/megafunctions/a_csnbuffer.inc                         ;
; a_csnbuffer.tdf                  ; yes             ; Megafunction                       ; e:/quartus/quartus/libraries/megafunctions/a_csnbuffer.tdf                         ;
; altshift.tdf                     ; yes             ; Megafunction                       ; e:/quartus/quartus/libraries/megafunctions/altshift.tdf                            ;
+----------------------------------+-----------------+------------------------------------+------------------------------------------------------------------------------------+


+-------------------------------------------------------+
; Analysis & Synthesis Resource Usage Summary           ;
+---------------------------------------------+---------+
; Resource                                    ; Usage   ;
+---------------------------------------------+---------+
; Total logic elements                        ; 485     ;
;     -- Combinational with no register       ; 439     ;
;     -- Register only                        ; 21      ;
;     -- Combinational with a register        ; 25      ;
;                                             ;         ;
; Logic element usage by number of LUT inputs ;         ;
;     -- 4 input functions                    ; 103     ;
;     -- 3 input functions                    ; 166     ;
;     -- 2 input functions                    ; 140     ;
;     -- 1 input functions                    ; 55      ;
;     -- 0 input functions                    ; 0       ;
;                                             ;         ;
; Logic elements by mode                      ;         ;
;     -- normal mode                          ; 308     ;
;     -- arithmetic mode                      ; 177     ;
;     -- qfbk mode                            ; 0       ;
;     -- register cascade mode                ; 0       ;
;     -- synchronous clear/load mode          ; 14      ;
;     -- asynchronous clear/load mode         ; 0       ;
;                                             ;         ;
; Total registers                             ; 46      ;
; Total logic cells in carry chains           ; 211     ;
; I/O pins                                    ; 17      ;
; Maximum fan-out node                        ; clk1kHz ;
; Maximum fan-out                             ; 46      ;
; Total fan-out                               ; 1364    ;
; Average fan-out                             ; 2.72    ;
+---------------------------------------------+---------+


+------------------------------------------------------------------------------------------------------------------------------------------------------------------------------------------------------------------------------------------------------------------------------------------------------------------------------------------------------------------+
; Analysis & Synthesis Resource Utilization by Entity                                                                                                                                                                                                                                                                                                              ;
+------------------------------------------------+-------------+--------------+------------+------+--------------+--------------+-------------------+------------------+-----------------+------------+---------------------------------------------------------------------------------------------------------------------------------------------+--------------+
; Compilation Hierarchy Node                     ; Logic Cells ; LC Registers ; UFM Blocks ; Pins ; Virtual Pins ; LUT-Only LCs ; Register-Only LCs ; LUT/Register LCs ; Carry Chain LCs ; Packed LCs ; Full Hierarchy Name                                                                                                                         ; Library Name ;
+------------------------------------------------+-------------+--------------+------------+------+--------------+--------------+-------------------+------------------+-----------------+------------+---------------------------------------------------------------------------------------------------------------------------------------------+--------------+
; |ordermode                                     ; 485 (10)    ; 46           ; 0          ; 17   ; 0            ; 439 (10)     ; 21 (0)            ; 25 (0)           ; 211 (0)         ; 0 (0)      ; |ordermode                                                                                                                                  ; work         ;
;    |decount:inst2|                             ; 186 (107)   ; 41           ; 0          ; 0    ; 0            ; 145 (66)     ; 21 (21)           ; 20 (20)          ; 77 (47)         ; 0 (0)      ; |ordermode|decount:inst2                                                                                                                    ; work         ;
;       |lpm_mult:Mult0|                         ; 26 (0)      ; 0            ; 0          ; 0    ; 0            ; 26 (0)       ; 0 (0)             ; 0 (0)            ; 10 (0)          ; 0 (0)      ; |ordermode|decount:inst2|lpm_mult:Mult0                                                                                                     ; work         ;
;          |multcore:mult_core|                  ; 26 (16)     ; 0            ; 0          ; 0    ; 0            ; 26 (16)      ; 0 (0)             ; 0 (0)            ; 10 (0)          ; 0 (0)      ; |ordermode|decount:inst2|lpm_mult:Mult0|multcore:mult_core                                                                                  ; work         ;
;             |mpar_add:padder|                  ; 10 (0)      ; 0            ; 0          ; 0    ; 0            ; 10 (0)       ; 0 (0)             ; 0 (0)            ; 10 (0)          ; 0 (0)      ; |ordermode|decount:inst2|lpm_mult:Mult0|multcore:mult_core|mpar_add:padder                                                                  ; work         ;
;                |lpm_add_sub:adder[0]|          ; 10 (0)      ; 0            ; 0          ; 0    ; 0            ; 10 (0)       ; 0 (0)             ; 0 (0)            ; 10 (0)          ; 0 (0)      ; |ordermode|decount:inst2|lpm_mult:Mult0|multcore:mult_core|mpar_add:padder|lpm_add_sub:adder[0]                                             ; work         ;
;                   |addcore:adder|              ; 10 (0)      ; 0            ; 0          ; 0    ; 0            ; 10 (0)       ; 0 (0)             ; 0 (0)            ; 10 (0)          ; 0 (0)      ; |ordermode|decount:inst2|lpm_mult:Mult0|multcore:mult_core|mpar_add:padder|lpm_add_sub:adder[0]|addcore:adder                               ; work         ;
;                      |a_csnbuffer:result_node| ; 10 (10)     ; 0            ; 0          ; 0    ; 0            ; 10 (10)      ; 0 (0)             ; 0 (0)            ; 10 (10)         ; 0 (0)      ; |ordermode|decount:inst2|lpm_mult:Mult0|multcore:mult_core|mpar_add:padder|lpm_add_sub:adder[0]|addcore:adder|a_csnbuffer:result_node       ; work         ;
;       |lpm_mult:Mult1|                         ; 27 (0)      ; 0            ; 0          ; 0    ; 0            ; 27 (0)       ; 0 (0)             ; 0 (0)            ; 10 (0)          ; 0 (0)      ; |ordermode|decount:inst2|lpm_mult:Mult1                                                                                                     ; work         ;
;          |multcore:mult_core|                  ; 27 (17)     ; 0            ; 0          ; 0    ; 0            ; 27 (17)      ; 0 (0)             ; 0 (0)            ; 10 (0)          ; 0 (0)      ; |ordermode|decount:inst2|lpm_mult:Mult1|multcore:mult_core                                                                                  ; work         ;
;             |mpar_add:padder|                  ; 10 (0)      ; 0            ; 0          ; 0    ; 0            ; 10 (0)       ; 0 (0)             ; 0 (0)            ; 10 (0)          ; 0 (0)      ; |ordermode|decount:inst2|lpm_mult:Mult1|multcore:mult_core|mpar_add:padder                                                                  ; work         ;
;                |lpm_add_sub:adder[0]|          ; 10 (0)      ; 0            ; 0          ; 0    ; 0            ; 10 (0)       ; 0 (0)             ; 0 (0)            ; 10 (0)          ; 0 (0)      ; |ordermode|decount:inst2|lpm_mult:Mult1|multcore:mult_core|mpar_add:padder|lpm_add_sub:adder[0]                                             ; work         ;
;                   |addcore:adder|              ; 10 (0)      ; 0            ; 0          ; 0    ; 0            ; 10 (0)       ; 0 (0)             ; 0 (0)            ; 10 (0)          ; 0 (0)      ; |ordermode|decount:inst2|lpm_mult:Mult1|multcore:mult_core|mpar_add:padder|lpm_add_sub:adder[0]|addcore:adder                               ; work         ;
;                      |a_csnbuffer:result_node| ; 10 (10)     ; 0            ; 0          ; 0    ; 0            ; 10 (10)      ; 0 (0)             ; 0 (0)            ; 10 (10)         ; 0 (0)      ; |ordermode|decount:inst2|lpm_mult:Mult1|multcore:mult_core|mpar_add:padder|lpm_add_sub:adder[0]|addcore:adder|a_csnbuffer:result_node       ; work         ;
;       |lpm_mult:Mult2|                         ; 26 (0)      ; 0            ; 0          ; 0    ; 0            ; 26 (0)       ; 0 (0)             ; 0 (0)            ; 10 (0)          ; 0 (0)      ; |ordermode|decount:inst2|lpm_mult:Mult2                                                                                                     ; work         ;
;          |multcore:mult_core|                  ; 26 (16)     ; 0            ; 0          ; 0    ; 0            ; 26 (16)      ; 0 (0)             ; 0 (0)            ; 10 (0)          ; 0 (0)      ; |ordermode|decount:inst2|lpm_mult:Mult2|multcore:mult_core                                                                                  ; work         ;
;             |mpar_add:padder|                  ; 10 (0)      ; 0            ; 0          ; 0    ; 0            ; 10 (0)       ; 0 (0)             ; 0 (0)            ; 10 (0)          ; 0 (0)      ; |ordermode|decount:inst2|lpm_mult:Mult2|multcore:mult_core|mpar_add:padder                                                                  ; work         ;
;                |lpm_add_sub:adder[0]|          ; 10 (0)      ; 0            ; 0          ; 0    ; 0            ; 10 (0)       ; 0 (0)             ; 0 (0)            ; 10 (0)          ; 0 (0)      ; |ordermode|decount:inst2|lpm_mult:Mult2|multcore:mult_core|mpar_add:padder|lpm_add_sub:adder[0]                                             ; work         ;
;                   |addcore:adder|              ; 10 (0)      ; 0            ; 0          ; 0    ; 0            ; 10 (0)       ; 0 (0)             ; 0 (0)            ; 10 (0)          ; 0 (0)      ; |ordermode|decount:inst2|lpm_mult:Mult2|multcore:mult_core|mpar_add:padder|lpm_add_sub:adder[0]|addcore:adder                               ; work         ;
;                      |a_csnbuffer:result_node| ; 10 (10)     ; 0            ; 0          ; 0    ; 0            ; 10 (10)      ; 0 (0)             ; 0 (0)            ; 10 (10)         ; 0 (0)      ; |ordermode|decount:inst2|lpm_mult:Mult2|multcore:mult_core|mpar_add:padder|lpm_add_sub:adder[0]|addcore:adder|a_csnbuffer:result_node       ; work         ;
;    |div:inst3|                                 ; 281 (0)     ; 0            ; 0          ; 0    ; 0            ; 281 (0)      ; 0 (0)             ; 0 (0)            ; 134 (0)         ; 0 (0)      ; |ordermode|div:inst3                                                                                                                        ; work         ;
;       |lpm_divide:Div0|                        ; 186 (0)     ; 0            ; 0          ; 0    ; 0            ; 186 (0)      ; 0 (0)             ; 0 (0)            ; 85 (0)          ; 0 (0)      ; |ordermode|div:inst3|lpm_divide:Div0                                                                                                        ; work         ;
;          |lpm_divide_n2m:auto_generated|       ; 186 (0)     ; 0            ; 0          ; 0    ; 0            ; 186 (0)      ; 0 (0)             ; 0 (0)            ; 85 (0)          ; 0 (0)      ; |ordermode|div:inst3|lpm_divide:Div0|lpm_divide_n2m:auto_generated                                                                          ; work         ;
;             |sign_div_unsign_8nh:divider|      ; 186 (0)     ; 0            ; 0          ; 0    ; 0            ; 186 (0)      ; 0 (0)             ; 0 (0)            ; 85 (0)          ; 0 (0)      ; |ordermode|div:inst3|lpm_divide:Div0|lpm_divide_n2m:auto_generated|sign_div_unsign_8nh:divider                                              ; work         ;
;                |alt_u_div_boe:divider|         ; 186 (101)   ; 0            ; 0          ; 0    ; 0            ; 186 (101)    ; 0 (0)             ; 0 (0)            ; 85 (0)          ; 0 (0)      ; |ordermode|div:inst3|lpm_divide:Div0|lpm_divide_n2m:auto_generated|sign_div_unsign_8nh:divider|alt_u_div_boe:divider                        ; work         ;
;                   |add_sub_u8c:add_sub_9|      ; 10 (10)     ; 0            ; 0          ; 0    ; 0            ; 10 (10)      ; 0 (0)             ; 0 (0)            ; 10 (10)         ; 0 (0)      ; |ordermode|div:inst3|lpm_divide:Div0|lpm_divide_n2m:auto_generated|sign_div_unsign_8nh:divider|alt_u_div_boe:divider|add_sub_u8c:add_sub_9  ; work         ;
;                   |add_sub_v8c:add_sub_10|     ; 11 (11)     ; 0            ; 0          ; 0    ; 0            ; 11 (11)      ; 0 (0)             ; 0 (0)            ; 11 (11)         ; 0 (0)      ; |ordermode|div:inst3|lpm_divide:Div0|lpm_divide_n2m:auto_generated|sign_div_unsign_8nh:divider|alt_u_div_boe:divider|add_sub_v8c:add_sub_10 ; work         ;
;                   |add_sub_v8c:add_sub_11|     ; 11 (11)     ; 0            ; 0          ; 0    ; 0            ; 11 (11)      ; 0 (0)             ; 0 (0)            ; 11 (11)         ; 0 (0)      ; |ordermode|div:inst3|lpm_divide:Div0|lpm_divide_n2m:auto_generated|sign_div_unsign_8nh:divider|alt_u_div_boe:divider|add_sub_v8c:add_sub_11 ; work         ;
;                   |add_sub_v8c:add_sub_12|     ; 11 (11)     ; 0            ; 0          ; 0    ; 0            ; 11 (11)      ; 0 (0)             ; 0 (0)            ; 11 (11)         ; 0 (0)      ; |ordermode|div:inst3|lpm_divide:Div0|lpm_divide_n2m:auto_generated|sign_div_unsign_8nh:divider|alt_u_div_boe:divider|add_sub_v8c:add_sub_12 ; work         ;
;                   |add_sub_v8c:add_sub_13|     ; 11 (11)     ; 0            ; 0          ; 0    ; 0            ; 11 (11)      ; 0 (0)             ; 0 (0)            ; 11 (11)         ; 0 (0)      ; |ordermode|div:inst3|lpm_divide:Div0|lpm_divide_n2m:auto_generated|sign_div_unsign_8nh:divider|alt_u_div_boe:divider|add_sub_v8c:add_sub_13 ; work         ;
;                   |add_sub_v8c:add_sub_14|     ; 11 (11)     ; 0            ; 0          ; 0    ; 0            ; 11 (11)      ; 0 (0)             ; 0 (0)            ; 11 (11)         ; 0 (0)      ; |ordermode|div:inst3|lpm_divide:Div0|lpm_divide_n2m:auto_generated|sign_div_unsign_8nh:divider|alt_u_div_boe:divider|add_sub_v8c:add_sub_14 ; work         ;
;                   |add_sub_v8c:add_sub_15|     ; 11 (11)     ; 0            ; 0          ; 0    ; 0            ; 11 (11)      ; 0 (0)             ; 0 (0)            ; 11 (11)         ; 0 (0)      ; |ordermode|div:inst3|lpm_divide:Div0|lpm_divide_n2m:auto_generated|sign_div_unsign_8nh:divider|alt_u_div_boe:divider|add_sub_v8c:add_sub_15 ; work         ;
;                   |add_sub_v8c:add_sub_16|     ; 9 (9)       ; 0            ; 0          ; 0    ; 0            ; 9 (9)        ; 0 (0)             ; 0 (0)            ; 9 (9)           ; 0 (0)      ; |ordermode|div:inst3|lpm_divide:Div0|lpm_divide_n2m:auto_generated|sign_div_unsign_8nh:divider|alt_u_div_boe:divider|add_sub_v8c:add_sub_16 ; work         ;
;       |lpm_divide:Div1|                        ; 42 (0)      ; 0            ; 0          ; 0    ; 0            ; 42 (0)       ; 0 (0)             ; 0 (0)            ; 22 (0)          ; 0 (0)      ; |ordermode|div:inst3|lpm_divide:Div1                                                                                                        ; work         ;
;          |lpm_divide_pvl:auto_generated|       ; 42 (0)      ; 0            ; 0          ; 0    ; 0            ; 42 (0)       ; 0 (0)             ; 0 (0)            ; 22 (0)          ; 0 (0)      ; |ordermode|div:inst3|lpm_divide:Div1|lpm_divide_pvl:auto_generated                                                                          ; work         ;
;             |sign_div_unsign_akh:divider|      ; 42 (0)      ; 0            ; 0          ; 0    ; 0            ; 42 (0)       ; 0 (0)             ; 0 (0)            ; 22 (0)          ; 0 (0)      ; |ordermode|div:inst3|lpm_divide:Div1|lpm_divide_pvl:auto_generated|sign_div_unsign_akh:divider                                              ; work         ;
;                |alt_u_div_fie:divider|         ; 42 (19)     ; 0            ; 0          ; 0    ; 0            ; 42 (19)      ; 0 (0)             ; 0 (0)            ; 22 (0)          ; 0 (0)      ; |ordermode|div:inst3|lpm_divide:Div1|lpm_divide_pvl:auto_generated|sign_div_unsign_akh:divider|alt_u_div_fie:divider                        ; work         ;
;                   |add_sub_h7c:add_sub_3|      ; 4 (4)       ; 0            ; 0          ; 0    ; 0            ; 4 (4)        ; 0 (0)             ; 0 (0)            ; 3 (3)           ; 0 (0)      ; |ordermode|div:inst3|lpm_divide:Div1|lpm_divide_pvl:auto_generated|sign_div_unsign_akh:divider|alt_u_div_fie:divider|add_sub_h7c:add_sub_3  ; work         ;
;                   |add_sub_i7c:add_sub_4|      ; 7 (7)       ; 0            ; 0          ; 0    ; 0            ; 7 (7)        ; 0 (0)             ; 0 (0)            ; 7 (7)           ; 0 (0)      ; |ordermode|div:inst3|lpm_divide:Div1|lpm_divide_pvl:auto_generated|sign_div_unsign_akh:divider|alt_u_div_fie:divider|add_sub_i7c:add_sub_4  ; work         ;
;                   |add_sub_i7c:add_sub_5|      ; 7 (7)       ; 0            ; 0          ; 0    ; 0            ; 7 (7)        ; 0 (0)             ; 0 (0)            ; 7 (7)           ; 0 (0)      ; |ordermode|div:inst3|lpm_divide:Div1|lpm_divide_pvl:auto_generated|sign_div_unsign_akh:divider|alt_u_div_fie:divider|add_sub_i7c:add_sub_5  ; work         ;
;                   |add_sub_i7c:add_sub_6|      ; 5 (5)       ; 0            ; 0          ; 0    ; 0            ; 5 (5)        ; 0 (0)             ; 0 (0)            ; 5 (5)           ; 0 (0)      ; |ordermode|div:inst3|lpm_divide:Div1|lpm_divide_pvl:auto_generated|sign_div_unsign_akh:divider|alt_u_div_fie:divider|add_sub_i7c:add_sub_6  ; work         ;
;       |lpm_divide:Mod0|                        ; 53 (0)      ; 0            ; 0          ; 0    ; 0            ; 53 (0)       ; 0 (0)             ; 0 (0)            ; 27 (0)          ; 0 (0)      ; |ordermode|div:inst3|lpm_divide:Mod0                                                                                                        ; work         ;
;          |lpm_divide_vnl:auto_generated|       ; 53 (0)      ; 0            ; 0          ; 0    ; 0            ; 53 (0)       ; 0 (0)             ; 0 (0)            ; 27 (0)          ; 0 (0)      ; |ordermode|div:inst3|lpm_divide:Mod0|lpm_divide_vnl:auto_generated                                                                          ; work         ;
;             |sign_div_unsign_dkh:divider|      ; 53 (0)      ; 0            ; 0          ; 0    ; 0            ; 53 (0)       ; 0 (0)             ; 0 (0)            ; 27 (0)          ; 0 (0)      ; |ordermode|div:inst3|lpm_divide:Mod0|lpm_divide_vnl:auto_generated|sign_div_unsign_dkh:divider                                              ; work         ;
;                |alt_u_div_lie:divider|         ; 53 (26)     ; 0            ; 0          ; 0    ; 0            ; 53 (26)      ; 0 (0)             ; 0 (0)            ; 27 (0)          ; 0 (0)      ; |ordermode|div:inst3|lpm_divide:Mod0|lpm_divide_vnl:auto_generated|sign_div_unsign_dkh:divider|alt_u_div_lie:divider                        ; work         ;
;                   |add_sub_h7c:add_sub_3|      ; 3 (3)       ; 0            ; 0          ; 0    ; 0            ; 3 (3)        ; 0 (0)             ; 0 (0)            ; 3 (3)           ; 0 (0)      ; |ordermode|div:inst3|lpm_divide:Mod0|lpm_divide_vnl:auto_generated|sign_div_unsign_dkh:divider|alt_u_div_lie:divider|add_sub_h7c:add_sub_3  ; work         ;
;                   |add_sub_i7c:add_sub_4|      ; 7 (7)       ; 0            ; 0          ; 0    ; 0            ; 7 (7)        ; 0 (0)             ; 0 (0)            ; 7 (7)           ; 0 (0)      ; |ordermode|div:inst3|lpm_divide:Mod0|lpm_divide_vnl:auto_generated|sign_div_unsign_dkh:divider|alt_u_div_lie:divider|add_sub_i7c:add_sub_4  ; work         ;
;                   |add_sub_j7c:add_sub_5|      ; 8 (8)       ; 0            ; 0          ; 0    ; 0            ; 8 (8)        ; 0 (0)             ; 0 (0)            ; 8 (8)           ; 0 (0)      ; |ordermode|div:inst3|lpm_divide:Mod0|lpm_divide_vnl:auto_generated|sign_div_unsign_dkh:divider|alt_u_div_lie:divider|add_sub_j7c:add_sub_5  ; work         ;
;                   |add_sub_k7c:add_sub_6|      ; 9 (9)       ; 0            ; 0          ; 0    ; 0            ; 9 (9)        ; 0 (0)             ; 0 (0)            ; 9 (9)           ; 0 (0)      ; |ordermode|div:inst3|lpm_divide:Mod0|lpm_divide_vnl:auto_generated|sign_div_unsign_dkh:divider|alt_u_div_lie:divider|add_sub_k7c:add_sub_6  ; work         ;
;    |norder:inst1|                              ; 3 (3)       ; 0            ; 0          ; 0    ; 0            ; 3 (3)        ; 0 (0)             ; 0 (0)            ; 0 (0)           ; 0 (0)      ; |ordermode|norder:inst1                                                                                                                     ; work         ;
;    |order:inst|                                ; 5 (5)       ; 5            ; 0          ; 0    ; 0            ; 0 (0)        ; 0 (0)             ; 5 (5)            ; 0 (0)           ; 0 (0)      ; |ordermode|order:inst                                                                                                                       ; work         ;
+------------------------------------------------+-------------+--------------+------------+------+--------------+--------------+-------------------+------------------+-----------------+------------+---------------------------------------------------------------------------------------------------------------------------------------------+--------------+
Note: For table entries with two numbers listed, the numbers in parentheses indicate the number of resources of the given type used by the specific entity alone. The numbers listed outside of parentheses indicate the total resources of the given type used by the specific entity and all of its sub-entities in the hierarchy.


Encoding Type:  One-Hot
+---------------------------------------------------------------------------------------------------------------------+
; State Machine - |ordermode|order:inst|present_state                                                                 ;
+-------------------+-------------------+-------------------+-------------------+------------------+------------------+
; Name              ; present_state.s60 ; present_state.s30 ; present_state.s10 ; present_state.s5 ; present_state.s0 ;
+-------------------+-------------------+-------------------+-------------------+------------------+------------------+
; present_state.s0  ; 0                 ; 0                 ; 0                 ; 0                ; 0                ;
; present_state.s5  ; 0                 ; 0                 ; 0                 ; 1                ; 1                ;
; present_state.s10 ; 0                 ; 0                 ; 1                 ; 0                ; 1                ;
; present_state.s30 ; 0                 ; 1                 ; 0                 ; 0                ; 1                ;
; present_state.s60 ; 1                 ; 0                 ; 0                 ; 0                ; 1                ;
+-------------------+-------------------+-------------------+-------------------+------------------+------------------+


+------------------------------------------------------------+
; Registers Removed During Synthesis                         ;
+---------------------------------------+--------------------+
; Register name                         ; Reason for Removal ;
+---------------------------------------+--------------------+
; decount:inst2|leftimetemp[0..2]       ; Lost fanout        ;
; Total Number of Removed Registers = 3 ;                    ;
+---------------------------------------+--------------------+


+------------------------------------------------------+
; General Register Statistics                          ;
+----------------------------------------------+-------+
; Statistic                                    ; Value ;
+----------------------------------------------+-------+
; Total registers                              ; 46    ;
; Number of registers using Synchronous Clear  ; 14    ;
; Number of registers using Synchronous Load   ; 14    ;
; Number of registers using Asynchronous Clear ; 0     ;
; Number of registers using Asynchronous Load  ; 0     ;
; Number of registers using Clock Enable       ; 0     ;
; Number of registers using Preset             ; 0     ;
+----------------------------------------------+-------+


+--------------------------------------------------------------------------------------------------------------------------------------------------------+
; Multiplexer Restructuring Statistics (Restructuring Performed)                                                                                         ;
+--------------------+-----------+---------------+----------------------+------------------------+------------+------------------------------------------+
; Multiplexer Inputs ; Bus Width ; Baseline Area ; Area if Restructured ; Saving if Restructured ; Registered ; Example Multiplexer Output               ;
+--------------------+-----------+---------------+----------------------+------------------------+------------+------------------------------------------+
; 3:1                ; 3 bits    ; 6 LEs         ; 3 LEs                ; 3 LEs                  ; Yes        ; |ordermode|decount:inst2|leftimetemp[2]  ;
; 3:1                ; 14 bits   ; 28 LEs        ; 28 LEs               ; 0 LEs                  ; Yes        ; |ordermode|decount:inst2|leftimetemp[15] ;
; 3:1                ; 5 bits    ; 10 LEs        ; 10 LEs               ; 0 LEs                  ; No         ; |ordermode|order:inst|present_state~0    ;
+--------------------+-----------+---------------+----------------------+------------------------+------------+------------------------------------------+


+---------------------------------------------------------------------------------------------------------------------------+
; Source assignments for decount:inst2|lpm_mult:Mult0|multcore:mult_core|mpar_add:padder|lpm_add_sub:adder[0]|addcore:adder ;
+---------------------------+-------+------+--------------------------------------------------------------------------------+
; Assignment                ; Value ; From ; To                                                                             ;
+---------------------------+-------+------+--------------------------------------------------------------------------------+
; SUPPRESS_DA_RULE_INTERNAL ; A103  ; -    ; -                                                                              ;
+---------------------------+-------+------+--------------------------------------------------------------------------------+


+---------------------------------------------------------------------------------------------------------------------------+
; Source assignments for decount:inst2|lpm_mult:Mult1|multcore:mult_core|mpar_add:padder|lpm_add_sub:adder[0]|addcore:adder ;
+---------------------------+-------+------+--------------------------------------------------------------------------------+
; Assignment                ; Value ; From ; To                                                                             ;
+---------------------------+-------+------+--------------------------------------------------------------------------------+
; SUPPRESS_DA_RULE_INTERNAL ; A103  ; -    ; -                                                                              ;
+---------------------------+-------+------+--------------------------------------------------------------------------------+


+---------------------------------------------------------------------------------------------------------------------------+
; Source assignments for decount:inst2|lpm_mult:Mult2|multcore:mult_core|mpar_add:padder|lpm_add_sub:adder[0]|addcore:adder ;
+---------------------------+-------+------+--------------------------------------------------------------------------------+
; Assignment                ; Value ; From ; To                                                                             ;
+---------------------------+-------+------+--------------------------------------------------------------------------------+
; SUPPRESS_DA_RULE_INTERNAL ; A103  ; -    ; -                                                                              ;
+---------------------------+-------+------+--------------------------------------------------------------------------------+


+----------------------------------------------------------------------------+
; Parameter Settings for Inferred Entity Instance: div:inst3|lpm_divide:Div0 ;
+------------------------+----------------+----------------------------------+
; Parameter Name         ; Value          ; Type                             ;
+------------------------+----------------+----------------------------------+
; LPM_WIDTHN             ; 17             ; Untyped                          ;
; LPM_WIDTHD             ; 10             ; Untyped                          ;
; LPM_NREPRESENTATION    ; UNSIGNED       ; Untyped                          ;
; LPM_DREPRESENTATION    ; UNSIGNED       ; Untyped                          ;
; LPM_PIPELINE           ; 0              ; Untyped                          ;
; LPM_REMAINDERPOSITIVE  ; TRUE           ; Untyped                          ;
; MAXIMIZE_SPEED         ; 5              ; Untyped                          ;
; CBXI_PARAMETER         ; lpm_divide_n2m ; Untyped                          ;
; CARRY_CHAIN            ; MANUAL         ; Untyped                          ;
; OPTIMIZE_FOR_SPEED     ; 5              ; Untyped                          ;
; AUTO_CARRY_CHAINS      ; ON             ; AUTO_CARRY                       ;
; IGNORE_CARRY_BUFFERS   ; OFF            ; IGNORE_CARRY                     ;
; AUTO_CASCADE_CHAINS    ; ON             ; AUTO_CASCADE                     ;
; IGNORE_CASCADE_BUFFERS ; OFF            ; IGNORE_CASCADE                   ;
+------------------------+----------------+----------------------------------+
Note: In order to hide this table in the UI and the text report file, please set the "Show Parameter Settings Tables in Synthesis Report" option in "Analysis and Synthesis Settings -> More Settings" to "Off".


+----------------------------------------------------------------------------+
; Parameter Settings for Inferred Entity Instance: div:inst3|lpm_divide:Div1 ;
+------------------------+----------------+----------------------------------+
; Parameter Name         ; Value          ; Type                             ;
+------------------------+----------------+----------------------------------+
; LPM_WIDTHN             ; 7              ; Untyped                          ;
; LPM_WIDTHD             ; 4              ; Untyped                          ;
; LPM_NREPRESENTATION    ; UNSIGNED       ; Untyped                          ;
; LPM_DREPRESENTATION    ; UNSIGNED       ; Untyped                          ;
; LPM_PIPELINE           ; 0              ; Untyped                          ;
; LPM_REMAINDERPOSITIVE  ; TRUE           ; Untyped                          ;
; MAXIMIZE_SPEED         ; 5              ; Untyped                          ;
; CBXI_PARAMETER         ; lpm_divide_pvl ; Untyped                          ;
; CARRY_CHAIN            ; MANUAL         ; Untyped                          ;
; OPTIMIZE_FOR_SPEED     ; 5              ; Untyped                          ;
; AUTO_CARRY_CHAINS      ; ON             ; AUTO_CARRY                       ;
; IGNORE_CARRY_BUFFERS   ; OFF            ; IGNORE_CARRY                     ;
; AUTO_CASCADE_CHAINS    ; ON             ; AUTO_CASCADE                     ;
; IGNORE_CASCADE_BUFFERS ; OFF            ; IGNORE_CASCADE                   ;
+------------------------+----------------+----------------------------------+
Note: In order to hide this table in the UI and the text report file, please set the "Show Parameter Settings Tables in Synthesis Report" option in "Analysis and Synthesis Settings -> More Settings" to "Off".


+----------------------------------------------------------------------------+
; Parameter Settings for Inferred Entity Instance: div:inst3|lpm_divide:Mod0 ;
+------------------------+----------------+----------------------------------+
; Parameter Name         ; Value          ; Type                             ;
+------------------------+----------------+----------------------------------+
; LPM_WIDTHN             ; 7              ; Untyped                          ;
; LPM_WIDTHD             ; 7              ; Untyped                          ;
; LPM_NREPRESENTATION    ; UNSIGNED       ; Untyped                          ;
; LPM_DREPRESENTATION    ; UNSIGNED       ; Untyped                          ;
; LPM_PIPELINE           ; 0              ; Untyped                          ;
; LPM_REMAINDERPOSITIVE  ; TRUE           ; Untyped                          ;
; MAXIMIZE_SPEED         ; 5              ; Untyped                          ;
; CBXI_PARAMETER         ; lpm_divide_vnl ; Untyped                          ;
; CARRY_CHAIN            ; MANUAL         ; Untyped                          ;
; OPTIMIZE_FOR_SPEED     ; 5              ; Untyped                          ;
; AUTO_CARRY_CHAINS      ; ON             ; AUTO_CARRY                       ;
; IGNORE_CARRY_BUFFERS   ; OFF            ; IGNORE_CARRY                     ;
; AUTO_CASCADE_CHAINS    ; ON             ; AUTO_CASCADE                     ;
; IGNORE_CASCADE_BUFFERS ; OFF            ; IGNORE_CASCADE                   ;
+------------------------+----------------+----------------------------------+
Note: In order to hide this table in the UI and the text report file, please set the "Show Parameter Settings Tables in Synthesis Report" option in "Analysis and Synthesis Settings -> More Settings" to "Off".


+---------------------------------------------------------------------------------+
; Parameter Settings for Inferred Entity Instance: decount:inst2|lpm_mult:Mult0   ;
+------------------------------------------------+----------+---------------------+
; Parameter Name                                 ; Value    ; Type                ;
+------------------------------------------------+----------+---------------------+
; AUTO_CARRY_CHAINS                              ; ON       ; AUTO_CARRY          ;
; IGNORE_CARRY_BUFFERS                           ; OFF      ; IGNORE_CARRY        ;
; AUTO_CASCADE_CHAINS                            ; ON       ; AUTO_CASCADE        ;
; IGNORE_CASCADE_BUFFERS                         ; OFF      ; IGNORE_CASCADE      ;
; LPM_WIDTHA                                     ; 7        ; Untyped             ;
; LPM_WIDTHB                                     ; 10       ; Untyped             ;
; LPM_WIDTHP                                     ; 17       ; Untyped             ;
; LPM_WIDTHR                                     ; 17       ; Untyped             ;
; LPM_WIDTHS                                     ; 1        ; Untyped             ;
; LPM_REPRESENTATION                             ; UNSIGNED ; Untyped             ;
; LPM_PIPELINE                                   ; 0        ; Untyped             ;
; LATENCY                                        ; 0        ; Untyped             ;
; INPUT_A_IS_CONSTANT                            ; NO       ; Untyped             ;
; INPUT_B_IS_CONSTANT                            ; YES      ; Untyped             ;
; USE_EAB                                        ; OFF      ; Untyped             ;
; MAXIMIZE_SPEED                                 ; 6        ; Untyped             ;
; DEVICE_FAMILY                                  ; MAX II   ; Untyped             ;
; CARRY_CHAIN                                    ; MANUAL   ; Untyped             ;
; APEX20K_TECHNOLOGY_MAPPER                      ; LUT      ; TECH_MAPPER_APEX20K ;
; DEDICATED_MULTIPLIER_CIRCUITRY                 ; AUTO     ; Untyped             ;
; DEDICATED_MULTIPLIER_MIN_INPUT_WIDTH_FOR_AUTO  ; 0        ; Untyped             ;
; DEDICATED_MULTIPLIER_MIN_OUTPUT_WIDTH_FOR_AUTO ; 0        ; Untyped             ;
; CBXI_PARAMETER                                 ; NOTHING  ; Untyped             ;
; INPUT_A_FIXED_VALUE                            ; Bx       ; Untyped             ;
; INPUT_B_FIXED_VALUE                            ; Bx       ; Untyped             ;
; USE_AHDL_IMPLEMENTATION                        ; OFF      ; Untyped             ;
+------------------------------------------------+----------+---------------------+
Note: In order to hide this table in the UI and the text report file, please set the "Show Parameter Settings Tables in Synthesis Report" option in "Analysis and Synthesis Settings -> More Settings" to "Off".


+---------------------------------------------------------------------------------+
; Parameter Settings for Inferred Entity Instance: decount:inst2|lpm_mult:Mult1   ;
+------------------------------------------------+----------+---------------------+
; Parameter Name                                 ; Value    ; Type                ;
+------------------------------------------------+----------+---------------------+
; AUTO_CARRY_CHAINS                              ; ON       ; AUTO_CARRY          ;
; IGNORE_CARRY_BUFFERS                           ; OFF      ; IGNORE_CARRY        ;
; AUTO_CASCADE_CHAINS                            ; ON       ; AUTO_CASCADE        ;
; IGNORE_CASCADE_BUFFERS                         ; OFF      ; IGNORE_CASCADE      ;
; LPM_WIDTHA                                     ; 7        ; Untyped             ;
; LPM_WIDTHB                                     ; 10       ; Untyped             ;
; LPM_WIDTHP                                     ; 17       ; Untyped             ;
; LPM_WIDTHR                                     ; 17       ; Untyped             ;
; LPM_WIDTHS                                     ; 1        ; Untyped             ;
; LPM_REPRESENTATION                             ; UNSIGNED ; Untyped             ;
; LPM_PIPELINE                                   ; 0        ; Untyped             ;
; LATENCY                                        ; 0        ; Untyped             ;
; INPUT_A_IS_CONSTANT                            ; NO       ; Untyped             ;
; INPUT_B_IS_CONSTANT                            ; YES      ; Untyped             ;
; USE_EAB                                        ; OFF      ; Untyped             ;
; MAXIMIZE_SPEED                                 ; 6        ; Untyped             ;
; DEVICE_FAMILY                                  ; MAX II   ; Untyped             ;
; CARRY_CHAIN                                    ; MANUAL   ; Untyped             ;
; APEX20K_TECHNOLOGY_MAPPER                      ; LUT      ; TECH_MAPPER_APEX20K ;
; DEDICATED_MULTIPLIER_CIRCUITRY                 ; AUTO     ; Untyped             ;
; DEDICATED_MULTIPLIER_MIN_INPUT_WIDTH_FOR_AUTO  ; 0        ; Untyped             ;
; DEDICATED_MULTIPLIER_MIN_OUTPUT_WIDTH_FOR_AUTO ; 0        ; Untyped             ;
; CBXI_PARAMETER                                 ; NOTHING  ; Untyped             ;
; INPUT_A_FIXED_VALUE                            ; Bx       ; Untyped             ;
; INPUT_B_FIXED_VALUE                            ; Bx       ; Untyped             ;
; USE_AHDL_IMPLEMENTATION                        ; OFF      ; Untyped             ;
+------------------------------------------------+----------+---------------------+
Note: In order to hide this table in the UI and the text report file, please set the "Show Parameter Settings Tables in Synthesis Report" option in "Analysis and Synthesis Settings -> More Settings" to "Off".


+---------------------------------------------------------------------------------+
; Parameter Settings for Inferred Entity Instance: decount:inst2|lpm_mult:Mult2   ;
+------------------------------------------------+----------+---------------------+
; Parameter Name                                 ; Value    ; Type                ;
+------------------------------------------------+----------+---------------------+
; AUTO_CARRY_CHAINS                              ; ON       ; AUTO_CARRY          ;
; IGNORE_CARRY_BUFFERS                           ; OFF      ; IGNORE_CARRY        ;
; AUTO_CASCADE_CHAINS                            ; ON       ; AUTO_CASCADE        ;
; IGNORE_CASCADE_BUFFERS                         ; OFF      ; IGNORE_CASCADE      ;
; LPM_WIDTHA                                     ; 7        ; Untyped             ;
; LPM_WIDTHB                                     ; 10       ; Untyped             ;
; LPM_WIDTHP                                     ; 17       ; Untyped             ;
; LPM_WIDTHR                                     ; 17       ; Untyped             ;
; LPM_WIDTHS                                     ; 1        ; Untyped             ;
; LPM_REPRESENTATION                             ; UNSIGNED ; Untyped             ;
; LPM_PIPELINE                                   ; 0        ; Untyped             ;
; LATENCY                                        ; 0        ; Untyped             ;
; INPUT_A_IS_CONSTANT                            ; NO       ; Untyped             ;
; INPUT_B_IS_CONSTANT                            ; YES      ; Untyped             ;
; USE_EAB                                        ; OFF      ; Untyped             ;
; MAXIMIZE_SPEED                                 ; 6        ; Untyped             ;
; DEVICE_FAMILY                                  ; MAX II   ; Untyped             ;
; CARRY_CHAIN                                    ; MANUAL   ; Untyped             ;
; APEX20K_TECHNOLOGY_MAPPER                      ; LUT      ; TECH_MAPPER_APEX20K ;
; DEDICATED_MULTIPLIER_CIRCUITRY                 ; AUTO     ; Untyped             ;
; DEDICATED_MULTIPLIER_MIN_INPUT_WIDTH_FOR_AUTO  ; 0        ; Untyped             ;
; DEDICATED_MULTIPLIER_MIN_OUTPUT_WIDTH_FOR_AUTO ; 0        ; Untyped             ;
; CBXI_PARAMETER                                 ; NOTHING  ; Untyped             ;
; INPUT_A_FIXED_VALUE                            ; Bx       ; Untyped             ;
; INPUT_B_FIXED_VALUE                            ; Bx       ; Untyped             ;
; USE_AHDL_IMPLEMENTATION                        ; OFF      ; Untyped             ;
+------------------------------------------------+----------+---------------------+
Note: In order to hide this table in the UI and the text report file, please set the "Show Parameter Settings Tables in Synthesis Report" option in "Analysis and Synthesis Settings -> More Settings" to "Off".


+----------------------------------------------------------------------+
; lpm_mult Parameter Settings by Entity Instance                       ;
+---------------------------------------+------------------------------+
; Name                                  ; Value                        ;
+---------------------------------------+------------------------------+
; Number of entity instances            ; 3                            ;
; Entity Instance                       ; decount:inst2|lpm_mult:Mult0 ;
;     -- LPM_WIDTHA                     ; 7                            ;
;     -- LPM_WIDTHB                     ; 10                           ;
;     -- LPM_WIDTHP                     ; 17                           ;
;     -- LPM_REPRESENTATION             ; UNSIGNED                     ;
;     -- INPUT_A_IS_CONSTANT            ; NO                           ;
;     -- INPUT_B_IS_CONSTANT            ; YES                          ;
;     -- USE_EAB                        ; OFF                          ;
;     -- DEDICATED_MULTIPLIER_CIRCUITRY ; AUTO                         ;
;     -- INPUT_A_FIXED_VALUE            ; Bx                           ;
;     -- INPUT_B_FIXED_VALUE            ; Bx                           ;
; Entity Instance                       ; decount:inst2|lpm_mult:Mult1 ;
;     -- LPM_WIDTHA                     ; 7                            ;
;     -- LPM_WIDTHB                     ; 10                           ;
;     -- LPM_WIDTHP                     ; 17                           ;
;     -- LPM_REPRESENTATION             ; UNSIGNED                     ;
;     -- INPUT_A_IS_CONSTANT            ; NO                           ;
;     -- INPUT_B_IS_CONSTANT            ; YES                          ;
;     -- USE_EAB                        ; OFF                          ;
;     -- DEDICATED_MULTIPLIER_CIRCUITRY ; AUTO                         ;
;     -- INPUT_A_FIXED_VALUE            ; Bx                           ;
;     -- INPUT_B_FIXED_VALUE            ; Bx                           ;
; Entity Instance                       ; decount:inst2|lpm_mult:Mult2 ;
;     -- LPM_WIDTHA                     ; 7                            ;
;     -- LPM_WIDTHB                     ; 10                           ;
;     -- LPM_WIDTHP                     ; 17                           ;
;     -- LPM_REPRESENTATION             ; UNSIGNED                     ;
;     -- INPUT_A_IS_CONSTANT            ; NO                           ;
;     -- INPUT_B_IS_CONSTANT            ; YES                          ;
;     -- USE_EAB                        ; OFF                          ;
;     -- DEDICATED_MULTIPLIER_CIRCUITRY ; AUTO                         ;
;     -- INPUT_A_FIXED_VALUE            ; Bx                           ;
;     -- INPUT_B_FIXED_VALUE            ; Bx                           ;
+---------------------------------------+------------------------------+


+-------------------------------+
; Analysis & Synthesis Messages ;
+-------------------------------+
Info: *******************************************************************
Info: Running Quartus II Analysis & Synthesis
    Info: Version 9.0 Build 132 02/25/2009 SJ Full Version
    Info: Processing started: Fri Nov 08 22:20:43 2013
Info: Command: quartus_map --read_settings_files=on --write_settings_files=off ordermode -c ordermode
Info: Found 1 design units, including 1 entities, in source file ordermode.bdf
    Info: Found entity 1: ordermode
Info: Elaborating entity "ordermode" for the top level hierarchy
Warning: Using design file decount.vhd, which is not specified as a design file for the current project, but contains definitions for 2 design units and 1 entities in project
    Info: Found design unit 1: decount-behave
    Info: Found entity 1: decount
Info: Elaborating entity "decount" for hierarchy "decount:inst2"
Warning: Using design file norder.vhd, which is not specified as a design file for the current project, but contains definitions for 2 design units and 1 entities in project
    Info: Found design unit 1: norder-behave
    Info: Found entity 1: norder
Info: Elaborating entity "norder" for hierarchy "norder:inst1"
Warning: Using design file order.vhd, which is not specified as a design file for the current project, but contains definitions for 2 design units and 1 entities in project
    Info: Found design unit 1: order-behave
    Info: Found entity 1: order
Info: Elaborating entity "order" for hierarchy "order:inst"
Warning: Using design file div.vhd, which is not specified as a design file for the current project, but contains definitions for 2 design units and 1 entities in project
    Info: Found design unit 1: div-behave
    Info: Found entity 1: div
Info: Elaborating entity "div" for hierarchy "div:inst3"
Info: Inferred 6 megafunctions from design logic
    Info: Inferred divider/modulo megafunction ("lpm_divide") from the following logic: "div:inst3|Div0"
    Info: Inferred divider/modulo megafunction ("lpm_divide") from the following logic: "div:inst3|Div1"
    Info: Inferred divider/modulo megafunction ("lpm_divide") from the following logic: "div:inst3|Mod0"
    Info: Inferred multiplier megafunction ("lpm_mult") from the following logic: "decount:inst2|Mult0"
    Info: Inferred multiplier megafunction ("lpm_mult") from the following logic: "decount:inst2|Mult1"
    Info: Inferred multiplier megafunction ("lpm_mult") from the following logic: "decount:inst2|Mult2"
Info: Elaborated megafunction instantiation "div:inst3|lpm_divide:Div0"
Info: Instantiated megafunction "div:inst3|lpm_divide:Div0" with the following parameter:
    Info: Parameter "LPM_WIDTHN" = "17"
    Info: Parameter "LPM_WIDTHD" = "10"
    Info: Parameter "LPM_NREPRESENTATION" = "UNSIGNED"
    Info: Parameter "LPM_DREPRESENTATION" = "UNSIGNED"
Info: Found 1 design units, including 1 entities, in source file db/lpm_divide_n2m.tdf
    Info: Found entity 1: lpm_divide_n2m
Info: Found 1 design units, including 1 entities, in source file db/sign_div_unsign_8nh.tdf
    Info: Found entity 1: sign_div_unsign_8nh
Info: Found 1 design units, including 1 entities, in source file db/alt_u_div_boe.tdf
    Info: Found entity 1: alt_u_div_boe
Info: Found 1 design units, including 1 entities, in source file db/add_sub_e7c.tdf
    Info: Found entity 1: add_sub_e7c
Info: Found 1 design units, including 1 entities, in source file db/add_sub_f7c.tdf
    Info: Found entity 1: add_sub_f7c
Info: Found 1 design units, including 1 entities, in source file db/add_sub_v8c.tdf
    Info: Found entity 1: add_sub_v8c
Info: Found 1 design units, including 1 entities, in source file db/add_sub_g7c.tdf
    Info: Found entity 1: add_sub_g7c
Info: Found 1 design units, including 1 entities, in source file db/add_sub_h7c.tdf
    Info: Found entity 1: add_sub_h7c
Info: Found 1 design units, including 1 entities, in source file db/add_sub_i7c.tdf
    Info: Found entity 1: add_sub_i7c
Info: Found 1 design units, including 1 entities, in source file db/add_sub_j7c.tdf
    Info: Found entity 1: add_sub_j7c
Info: Found 1 design units, including 1 entities, in source file db/add_sub_k7c.tdf
    Info: Found entity 1: add_sub_k7c
Info: Found 1 design units, including 1 entities, in source file db/add_sub_l7c.tdf
    Info: Found entity 1: add_sub_l7c
Info: Found 1 design units, including 1 entities, in source file db/add_sub_m7c.tdf
    Info: Found entity 1: add_sub_m7c
Info: Found 1 design units, including 1 entities, in source file db/add_sub_u8c.tdf
    Info: Found entity 1: add_sub_u8c
Info: Elaborated megafunction instantiation "div:inst3|lpm_divide:Div1"
Info: Instantiated megafunction "div:inst3|lpm_divide:Div1" with the following parameter:
    Info: Parameter "LPM_WIDTHN" = "7"
    Info: Parameter "LPM_WIDTHD" = "4"
    Info: Parameter "LPM_NREPRESENTATION" = "UNSIGNED"
    Info: Parameter "LPM_DREPRESENTATION" = "UNSIGNED"
Info: Found 1 design units, including 1 entities, in source file db/lpm_divide_pvl.tdf
    Info: Found entity 1: lpm_divide_pvl
Info: Found 1 design units, including 1 entities, in source file db/sign_div_unsign_akh.tdf
    Info: Found entity 1: sign_div_unsign_akh
Info: Found 1 design units, including 1 entities, in source file db/alt_u_div_fie.tdf
    Info: Found entity 1: alt_u_div_fie
Info: Elaborated megafunction instantiation "div:inst3|lpm_divide:Mod0"
Info: Instantiated megafunction "div:inst3|lpm_divide:Mod0" with the following parameter:
    Info: Parameter "LPM_WIDTHN" = "7"
    Info: Parameter "LPM_WIDTHD" = "7"
    Info: Parameter "LPM_NREPRESENTATION" = "UNSIGNED"
    Info: Parameter "LPM_DREPRESENTATION" = "UNSIGNED"
Info: Found 1 design units, including 1 entities, in source file db/lpm_divide_vnl.tdf
    Info: Found entity 1: lpm_divide_vnl
Info: Found 1 design units, including 1 entities, in source file db/sign_div_unsign_dkh.tdf
    Info: Found entity 1: sign_div_unsign_dkh
Info: Found 1 design units, including 1 entities, in source file db/alt_u_div_lie.tdf
    Info: Found entity 1: alt_u_div_lie
Info: Elaborated megafunction instantiation "decount:inst2|lpm_mult:Mult0"
Info: Instantiated megafunction "decount:inst2|lpm_mult:Mult0" with the following parameter:
    Info: Parameter "LPM_WIDTHA" = "7"
    Info: Parameter "LPM_WIDTHB" = "10"
    Info: Parameter "LPM_WIDTHP" = "17"
    Info: Parameter "LPM_WIDTHR" = "17"
    Info: Parameter "LPM_WIDTHS" = "1"
    Info: Parameter "LPM_REPRESENTATION" = "UNSIGNED"
    Info: Parameter "INPUT_A_IS_CONSTANT" = "NO"
    Info: Parameter "INPUT_B_IS_CONSTANT" = "YES"
    Info: Parameter "MAXIMIZE_SPEED" = "6"
    Info: Parameter "DEDICATED_MULTIPLIER_CIRCUITRY" = "AUTO"
Info: Elaborated megafunction instantiation "decount:inst2|lpm_mult:Mult0|multcore:mult_core", which is child of megafunction instantiation "decount:inst2|lpm_mult:Mult0"
Info: Elaborated megafunction instantiation "decount:inst2|lpm_mult:Mult0|multcore:mult_core|mpar_add:padder", which is child of megafunction instantiation "decount:inst2|lpm_mult:Mult0"
Info: Elaborated megafunction instantiation "decount:inst2|lpm_mult:Mult0|multcore:mult_core|mpar_add:padder|lpm_add_sub:adder[0]", which is child of megafunction instantiation "decount:inst2|lpm_mult:Mult0"
Info: Elaborated megafunction instantiation "decount:inst2|lpm_mult:Mult0|multcore:mult_core|mpar_add:padder|lpm_add_sub:adder[0]|addcore:adder", which is child of megafunction instantiation "decount:inst2|lpm_mult:Mult0"
Info: Elaborated megafunction instantiation "decount:inst2|lpm_mult:Mult0|multcore:mult_core|mpar_add:padder|lpm_add_sub:adder[0]|addcore:adder|a_csnbuffer:oflow_node", which is child of megafunction instantiation "decount:inst2|lpm_mult:Mult0"
Info: Elaborated megafunction instantiation "decount:inst2|lpm_mult:Mult0|multcore:mult_core|mpar_add:padder|lpm_add_sub:adder[0]|addcore:adder|a_csnbuffer:result_node", which is child of megafunction instantiation "decount:inst2|lpm_mult:Mult0"
Info: Elaborated megafunction instantiation "decount:inst2|lpm_mult:Mult0|multcore:mult_core|mpar_add:padder|lpm_add_sub:adder[0]|altshift:result_ext_latency_ffs", which is child of megafunction instantiation "decount:inst2|lpm_mult:Mult0"
Info: Elaborated megafunction instantiation "decount:inst2|lpm_mult:Mult0|multcore:mult_core|mpar_add:padder|lpm_add_sub:adder[0]|altshift:carry_ext_latency_ffs", which is child of megafunction instantiation "decount:inst2|lpm_mult:Mult0"
Info: Elaborated megafunction instantiation "decount:inst2|lpm_mult:Mult0|altshift:external_latency_ffs", which is child of megafunction instantiation "decount:inst2|lpm_mult:Mult0"
Info: 3 registers lost all their fanouts during netlist optimizations. The first 3 are displayed below.
    Info: Register "decount:inst2|leftimetemp[0]" lost all its fanouts during netlist optimizations.
    Info: Register "decount:inst2|leftimetemp[1]" lost all its fanouts during netlist optimizations.
    Info: Register "decount:inst2|leftimetemp[2]" lost all its fanouts during netlist optimizations.
Info: Implemented 502 device resources after synthesis - the final resource count might be different
    Info: Implemented 7 input pins
    Info: Implemented 10 output pins
    Info: Implemented 485 logic cells
Info: Quartus II Analysis & Synthesis was successful. 0 errors, 4 warnings
    Info: Peak virtual memory: 242 megabytes
    Info: Processing ended: Fri Nov 08 22:20:49 2013
    Info: Elapsed time: 00:00:06
    Info: Total CPU time (on all processors): 00:00:05


