Fitter report for select8to1
Mon Oct 28 15:53:22 2013
Quartus II Version 9.0 Build 132 02/25/2009 SJ Full Version


---------------------
; Table of Contents ;
---------------------
  1. Legal Notice
  2. Fitter Summary
  3. Fitter Settings
  4. Parallel Compilation
  5. Pin-Out File
  6. Fitter Resource Usage Summary
  7. Input Pins
  8. Output Pins
  9. I/O Bank Usage
 10. All Package Pins
 11. Output Pin Default Load For Reported TCO
 12. Fitter Resource Utilization by Entity
 13. Delay Chain Summary
 14. Non-Global High Fan-Out Signals
 15. Interconnect Usage Summary
 16. LAB Logic Elements
 17. LAB Signals Sourced
 18. LAB Signals Sourced Out
 19. LAB Distinct Inputs
 20. Fitter Device Options
 21. Estimated Delay Added for Hold Timing
 22. Advanced Data - General
 23. Advanced Data - Placement Preparation
 24. Advanced Data - Placement
 25. Advanced Data - Routing
 26. Fitter Messages
 27. Fitter Suppressed Messages



----------------
; Legal Notice ;
----------------
Copyright (C) 1991-2009 Altera Corporation
Your use of Altera Corporation's design tools, logic functions 
and other software and tools, and its AMPP partner logic 
functions, and any output files from any of the foregoing 
(including device programming or simulation files), and any 
associated documentation or information are expressly subject 
to the terms and conditions of the Altera Program License 
Subscription Agreement, Altera MegaCore Function License 
Agreement, or other applicable license agreement, including, 
without limitation, that your use is for the sole purpose of 
programming logic devices manufactured by Altera and sold by 
Altera or its authorized distributors.  Please refer to the 
applicable agreement for further details.



+------------------------------------------------------------------+
; Fitter Summary                                                   ;
+-----------------------+------------------------------------------+
; Fitter Status         ; Successful - Mon Oct 28 15:53:22 2013    ;
; Quartus II Version    ; 9.0 Build 132 02/25/2009 SJ Full Version ;
; Revision Name         ; select8to1                               ;
; Top-level Entity Name ; select8to1                               ;
; Family                ; MAX II                                   ;
; Device                ; EPM1270T144C5                            ;
; Timing Models         ; Final                                    ;
; Total logic elements  ; 40 / 1,270 ( 3 % )                       ;
; Total pins            ; 83 / 116 ( 72 % )                        ;
; Total virtual pins    ; 0                                        ;
; UFM blocks            ; 0 / 1 ( 0 % )                            ;
+-----------------------+------------------------------------------+


+--------------------------------------------------------------------------------------------------------------------------------------+
; Fitter Settings                                                                                                                      ;
+--------------------------------------------------------------------+--------------------------------+--------------------------------+
; Option                                                             ; Setting                        ; Default Value                  ;
+--------------------------------------------------------------------+--------------------------------+--------------------------------+
; Device                                                             ; EPM1270T144C5                  ;                                ;
; Minimum Core Junction Temperature                                  ; 0                              ;                                ;
; Maximum Core Junction Temperature                                  ; 85                             ;                                ;
; Fit Attempts to Skip                                               ; 0                              ; 0.0                            ;
; Use smart compilation                                              ; Off                            ; Off                            ;
; Use TimeQuest Timing Analyzer                                      ; Off                            ; Off                            ;
; Router Timing Optimization Level                                   ; Normal                         ; Normal                         ;
; Placement Effort Multiplier                                        ; 1.0                            ; 1.0                            ;
; Router Effort Multiplier                                           ; 1.0                            ; 1.0                            ;
; Always Enable Input Buffers                                        ; Off                            ; Off                            ;
; Optimize Hold Timing                                               ; IO Paths and Minimum TPD Paths ; IO Paths and Minimum TPD Paths ;
; Optimize Multi-Corner Timing                                       ; Off                            ; Off                            ;
; Guarantee I/O Paths Have Zero Hold Time at Fast Corner             ; On                             ; On                             ;
; PowerPlay Power Optimization                                       ; Normal compilation             ; Normal compilation             ;
; Optimize Timing                                                    ; Normal compilation             ; Normal compilation             ;
; Optimize Timing for ECOs                                           ; Off                            ; Off                            ;
; Regenerate full fit report during ECO compiles                     ; Off                            ; Off                            ;
; Optimize IOC Register Placement for Timing                         ; On                             ; On                             ;
; Limit to One Fitting Attempt                                       ; Off                            ; Off                            ;
; Final Placement Optimizations                                      ; Automatically                  ; Automatically                  ;
; Fitter Aggressive Routability Optimizations                        ; Automatically                  ; Automatically                  ;
; Fitter Initial Placement Seed                                      ; 1                              ; 1                              ;
; Slow Slew Rate                                                     ; Off                            ; Off                            ;
; PCI I/O                                                            ; Off                            ; Off                            ;
; Weak Pull-Up Resistor                                              ; Off                            ; Off                            ;
; Enable Bus-Hold Circuitry                                          ; Off                            ; Off                            ;
; Auto Delay Chains                                                  ; On                             ; On                             ;
; Perform Physical Synthesis for Combinational Logic for Performance ; Off                            ; Off                            ;
; Perform Register Duplication for Performance                       ; Off                            ; Off                            ;
; Perform Register Retiming for Performance                          ; Off                            ; Off                            ;
; Perform Asynchronous Signal Pipelining                             ; Off                            ; Off                            ;
; Fitter Effort                                                      ; Auto Fit                       ; Auto Fit                       ;
; Physical Synthesis Effort Level                                    ; Normal                         ; Normal                         ;
; Logic Cell Insertion - Logic Duplication                           ; Auto                           ; Auto                           ;
; Auto Register Duplication                                          ; Auto                           ; Auto                           ;
; Auto Global Clock                                                  ; On                             ; On                             ;
; Auto Global Register Control Signals                               ; On                             ; On                             ;
; Stop After Congestion Map Generation                               ; Off                            ; Off                            ;
; Save Intermediate Fitting Results                                  ; Off                            ; Off                            ;
; Force Fitter to Avoid Periphery Placement Warnings                 ; Off                            ; Off                            ;
+--------------------------------------------------------------------+--------------------------------+--------------------------------+


+------------------------------------------+
; Parallel Compilation                     ;
+----------------------------+-------------+
; Processors                 ; Number      ;
+----------------------------+-------------+
; Number detected on machine ; 2           ;
; Maximum allowed            ; 2           ;
;                            ;             ;
; Average used               ; 1.00        ;
; Maximum used               ; 2           ;
;                            ;             ;
; Usage by Processor         ; % Time Used ;
;     1 processor            ; 100.0%      ;
;     2 processors           ; < 0.1%      ;
+----------------------------+-------------+


+--------------+
; Pin-Out File ;
+--------------+
The pin-out file can be found in C:/Users/Jia/Desktop/Î¢²¨Â¯/wave_final/select8to1.pin.


+------------------------------------------------------------------+
; Fitter Resource Usage Summary                                    ;
+---------------------------------------------+--------------------+
; Resource                                    ; Usage              ;
+---------------------------------------------+--------------------+
; Total logic elements                        ; 40 / 1,270 ( 3 % ) ;
;     -- Combinational with no register       ; 40                 ;
;     -- Register only                        ; 0                  ;
;     -- Combinational with a register        ; 0                  ;
;                                             ;                    ;
; Logic element usage by number of LUT inputs ;                    ;
;     -- 4 input functions                    ; 32                 ;
;     -- 3 input functions                    ; 8                  ;
;     -- 2 input functions                    ; 0                  ;
;     -- 1 input functions                    ; 0                  ;
;     -- 0 input functions                    ; 0                  ;
;                                             ;                    ;
; Logic elements by mode                      ;                    ;
;     -- normal mode                          ; 40                 ;
;     -- arithmetic mode                      ; 0                  ;
;     -- qfbk mode                            ; 0                  ;
;     -- register cascade mode                ; 0                  ;
;     -- synchronous clear/load mode          ; 0                  ;
;     -- asynchronous clear/load mode         ; 0                  ;
;                                             ;                    ;
; Total registers                             ; 0 / 1,270 ( 0 % )  ;
; Total LABs                                  ; 4 / 127 ( 3 % )    ;
; Logic elements in carry chains              ; 0                  ;
; User inserted logic elements                ; 0                  ;
; Virtual pins                                ; 0                  ;
; I/O pins                                    ; 83 / 116 ( 72 % )  ;
;     -- Clock pins                           ; 3                  ;
; Global signals                              ; 0                  ;
; UFM blocks                                  ; 0 / 1 ( 0 % )      ;
; Global clocks                               ; 0 / 4 ( 0 % )      ;
; JTAGs                                       ; 0 / 1 ( 0 % )      ;
; Average interconnect usage (total/H/V)      ; 3% / 4% / 3%       ;
; Peak interconnect usage (total/H/V)         ; 5% / 5% / 5%       ;
; Maximum fan-out node                        ; count8in[2]        ;
; Maximum fan-out                             ; 24                 ;
; Highest non-global fan-out signal           ; count8in[2]        ;
; Highest non-global fan-out                  ; 24                 ;
; Total fan-out                               ; 160                ;
; Average fan-out                             ; 1.30               ;
+---------------------------------------------+--------------------+


+--------------------------------------------------------------------------------------------------------------------------------------------------------------------------------------------------------------------+
; Input Pins                                                                                                                                                                                                         ;
+-------------+-------+----------+--------------+--------------+-------------+-----------------------+--------------------+--------+-----------------+----------+--------------+--------------+----------------------+
; Name        ; Pin # ; I/O Bank ; X coordinate ; Y coordinate ; Cell number ; Combinational Fan-Out ; Registered Fan-Out ; Global ; PCI I/O Enabled ; Bus Hold ; Weak Pull Up ; I/O Standard ; Location assigned by ;
+-------------+-------+----------+--------------+--------------+-------------+-----------------------+--------------------+--------+-----------------+----------+--------------+--------------+----------------------+
; count8in[0] ; 120   ; 2        ; 10           ; 11           ; 0           ; 8                     ; 0                  ; no     ; no              ; no       ; Off          ; 3.3-V LVTTL  ; Fitter               ;
; count8in[1] ; 14    ; 1        ; 0            ; 7            ; 2           ; 24                    ; 0                  ; no     ; no              ; no       ; Off          ; 3.3-V LVTTL  ; Fitter               ;
; count8in[2] ; 20    ; 1        ; 0            ; 7            ; 6           ; 24                    ; 0                  ; no     ; no              ; no       ; Off          ; 3.3-V LVTTL  ; Fitter               ;
; s1[0]       ; 98    ; 3        ; 17           ; 6            ; 0           ; 1                     ; 0                  ; no     ; no              ; no       ; Off          ; 3.3-V LVTTL  ; Fitter               ;
; s1[1]       ; 137   ; 2        ; 6            ; 11           ; 3           ; 1                     ; 0                  ; no     ; no              ; no       ; Off          ; 3.3-V LVTTL  ; Fitter               ;
; s1[2]       ; 57    ; 4        ; 8            ; 3            ; 0           ; 1                     ; 0                  ; no     ; no              ; no       ; Off          ; 3.3-V LVTTL  ; Fitter               ;
; s1[3]       ; 117   ; 2        ; 11           ; 11           ; 1           ; 1                     ; 0                  ; no     ; no              ; no       ; Off          ; 3.3-V LVTTL  ; Fitter               ;
; s1[4]       ; 123   ; 2        ; 9            ; 11           ; 0           ; 1                     ; 0                  ; no     ; no              ; no       ; Off          ; 3.3-V LVTTL  ; Fitter               ;
; s1[5]       ; 119   ; 2        ; 11           ; 11           ; 3           ; 1                     ; 0                  ; no     ; no              ; no       ; Off          ; 3.3-V LVTTL  ; Fitter               ;
; s1[6]       ; 24    ; 1        ; 0            ; 6            ; 3           ; 1                     ; 0                  ; no     ; no              ; no       ; Off          ; 3.3-V LVTTL  ; Fitter               ;
; s1[7]       ; 50    ; 4        ; 7            ; 3            ; 1           ; 1                     ; 0                  ; no     ; no              ; no       ; Off          ; 3.3-V LVTTL  ; Fitter               ;
; s2[0]       ; 105   ; 3        ; 17           ; 8            ; 0           ; 1                     ; 0                  ; no     ; no              ; no       ; Off          ; 3.3-V LVTTL  ; Fitter               ;
; s2[1]       ; 6     ; 1        ; 0            ; 9            ; 3           ; 1                     ; 0                  ; no     ; no              ; no       ; Off          ; 3.3-V LVTTL  ; Fitter               ;
; s2[2]       ; 96    ; 3        ; 17           ; 6            ; 2           ; 1                     ; 0                  ; no     ; no              ; no       ; Off          ; 3.3-V LVTTL  ; Fitter               ;
; s2[3]       ; 21    ; 1        ; 0            ; 6            ; 0           ; 1                     ; 0                  ; no     ; no              ; no       ; Off          ; 3.3-V LVTTL  ; Fitter               ;
; s2[4]       ; 63    ; 4        ; 10           ; 3            ; 1           ; 1                     ; 0                  ; no     ; no              ; no       ; Off          ; 3.3-V LVTTL  ; Fitter               ;
; s2[5]       ; 87    ; 3        ; 17           ; 5            ; 3           ; 1                     ; 0                  ; no     ; no              ; no       ; Off          ; 3.3-V LVTTL  ; Fitter               ;
; s2[6]       ; 118   ; 2        ; 11           ; 11           ; 2           ; 1                     ; 0                  ; no     ; no              ; no       ; Off          ; 3.3-V LVTTL  ; Fitter               ;
; s2[7]       ; 59    ; 4        ; 9            ; 3            ; 1           ; 1                     ; 0                  ; no     ; no              ; no       ; Off          ; 3.3-V LVTTL  ; Fitter               ;
; s3[0]       ; 140   ; 2        ; 4            ; 11           ; 1           ; 1                     ; 0                  ; no     ; no              ; no       ; Off          ; 3.3-V LVTTL  ; Fitter               ;
; s3[1]       ; 7     ; 1        ; 0            ; 8            ; 0           ; 1                     ; 0                  ; no     ; no              ; no       ; Off          ; 3.3-V LVTTL  ; Fitter               ;
; s3[2]       ; 113   ; 2        ; 13           ; 11           ; 1           ; 1                     ; 0                  ; no     ; no              ; no       ; Off          ; 3.3-V LVTTL  ; Fitter               ;
; s3[3]       ; 127   ; 2        ; 9            ; 11           ; 3           ; 1                     ; 0                  ; no     ; no              ; no       ; Off          ; 3.3-V LVTTL  ; Fitter               ;
; s3[4]       ; 95    ; 3        ; 17           ; 6            ; 3           ; 1                     ; 0                  ; no     ; no              ; no       ; Off          ; 3.3-V LVTTL  ; Fitter               ;
; s3[5]       ; 37    ; 4        ; 1            ; 3            ; 0           ; 1                     ; 0                  ; no     ; no              ; no       ; Off          ; 3.3-V LVTTL  ; Fitter               ;
; s3[6]       ; 29    ; 1        ; 0            ; 5            ; 2           ; 1                     ; 0                  ; no     ; no              ; no       ; Off          ; 3.3-V LVTTL  ; Fitter               ;
; s3[7]       ; 60    ; 4        ; 9            ; 3            ; 0           ; 1                     ; 0                  ; no     ; no              ; no       ; Off          ; 3.3-V LVTTL  ; Fitter               ;
; s4[0]       ; 106   ; 3        ; 17           ; 9            ; 3           ; 1                     ; 0                  ; no     ; no              ; no       ; Off          ; 3.3-V LVTTL  ; Fitter               ;
; s4[1]       ; 129   ; 2        ; 8            ; 11           ; 0           ; 1                     ; 0                  ; no     ; no              ; no       ; Off          ; 3.3-V LVTTL  ; Fitter               ;
; s4[2]       ; 55    ; 4        ; 8            ; 3            ; 1           ; 1                     ; 0                  ; no     ; no              ; no       ; Off          ; 3.3-V LVTTL  ; Fitter               ;
; s4[3]       ; 16    ; 1        ; 0            ; 7            ; 4           ; 1                     ; 0                  ; no     ; no              ; no       ; Off          ; 3.3-V LVTTL  ; Fitter               ;
; s4[4]       ; 58    ; 4        ; 9            ; 3            ; 2           ; 1                     ; 0                  ; no     ; no              ; no       ; Off          ; 3.3-V LVTTL  ; Fitter               ;
; s4[5]       ; 23    ; 1        ; 0            ; 6            ; 2           ; 1                     ; 0                  ; no     ; no              ; no       ; Off          ; 3.3-V LVTTL  ; Fitter               ;
; s4[6]       ; 101   ; 3        ; 17           ; 7            ; 4           ; 1                     ; 0                  ; no     ; no              ; no       ; Off          ; 3.3-V LVTTL  ; Fitter               ;
; s4[7]       ; 45    ; 4        ; 6            ; 3            ; 0           ; 1                     ; 0                  ; no     ; no              ; no       ; Off          ; 3.3-V LVTTL  ; Fitter               ;
; s5[0]       ; 53    ; 4        ; 8            ; 3            ; 2           ; 1                     ; 0                  ; no     ; no              ; no       ; Off          ; 3.3-V LVTTL  ; Fitter               ;
; s5[1]       ; 139   ; 2        ; 5            ; 11           ; 1           ; 1                     ; 0                  ; no     ; no              ; no       ; Off          ; 3.3-V LVTTL  ; Fitter               ;
; s5[2]       ; 121   ; 2        ; 10           ; 11           ; 1           ; 1                     ; 0                  ; no     ; no              ; no       ; Off          ; 3.3-V LVTTL  ; Fitter               ;
; s5[3]       ; 125   ; 2        ; 9            ; 11           ; 2           ; 1                     ; 0                  ; no     ; no              ; no       ; Off          ; 3.3-V LVTTL  ; Fitter               ;
; s5[4]       ; 132   ; 2        ; 7            ; 11           ; 0           ; 1                     ; 0                  ; no     ; no              ; no       ; Off          ; 3.3-V LVTTL  ; Fitter               ;
; s5[5]       ; 144   ; 2        ; 1            ; 11           ; 2           ; 1                     ; 0                  ; no     ; no              ; no       ; Off          ; 3.3-V LVTTL  ; Fitter               ;
; s5[6]       ; 143   ; 2        ; 2            ; 11           ; 3           ; 1                     ; 0                  ; no     ; no              ; no       ; Off          ; 3.3-V LVTTL  ; Fitter               ;
; s5[7]       ; 51    ; 4        ; 7            ; 3            ; 0           ; 1                     ; 0                  ; no     ; no              ; no       ; Off          ; 3.3-V LVTTL  ; Fitter               ;
; s6[0]       ; 104   ; 3        ; 17           ; 8            ; 1           ; 1                     ; 0                  ; no     ; no              ; no       ; Off          ; 3.3-V LVTTL  ; Fitter               ;
; s6[1]       ; 94    ; 3        ; 17           ; 6            ; 4           ; 1                     ; 0                  ; no     ; no              ; no       ; Off          ; 3.3-V LVTTL  ; Fitter               ;
; s6[2]       ; 52    ; 4        ; 8            ; 3            ; 3           ; 1                     ; 0                  ; no     ; no              ; no       ; Off          ; 3.3-V LVTTL  ; Fitter               ;
; s6[3]       ; 110   ; 2        ; 16           ; 11           ; 2           ; 1                     ; 0                  ; no     ; no              ; no       ; Off          ; 3.3-V LVTTL  ; Fitter               ;
; s6[4]       ; 134   ; 2        ; 7            ; 11           ; 2           ; 1                     ; 0                  ; no     ; no              ; no       ; Off          ; 3.3-V LVTTL  ; Fitter               ;
; s6[5]       ; 107   ; 3        ; 17           ; 9            ; 1           ; 1                     ; 0                  ; no     ; no              ; no       ; Off          ; 3.3-V LVTTL  ; Fitter               ;
; s6[6]       ; 11    ; 1        ; 0            ; 8            ; 6           ; 1                     ; 0                  ; no     ; no              ; no       ; Off          ; 3.3-V LVTTL  ; Fitter               ;
; s6[7]       ; 97    ; 3        ; 17           ; 6            ; 1           ; 1                     ; 0                  ; no     ; no              ; no       ; Off          ; 3.3-V LVTTL  ; Fitter               ;
; s7[0]       ; 5     ; 1        ; 0            ; 9            ; 2           ; 1                     ; 0                  ; no     ; no              ; no       ; Off          ; 3.3-V LVTTL  ; Fitter               ;
; s7[1]       ; 142   ; 2        ; 3            ; 11           ; 2           ; 1                     ; 0                  ; no     ; no              ; no       ; Off          ; 3.3-V LVTTL  ; Fitter               ;
; s7[2]       ; 130   ; 2        ; 8            ; 11           ; 1           ; 1                     ; 0                  ; no     ; no              ; no       ; Off          ; 3.3-V LVTTL  ; Fitter               ;
; s7[3]       ; 131   ; 2        ; 8            ; 11           ; 2           ; 1                     ; 0                  ; no     ; no              ; no       ; Off          ; 3.3-V LVTTL  ; Fitter               ;
; s7[4]       ; 31    ; 1        ; 0            ; 4            ; 2           ; 1                     ; 0                  ; no     ; no              ; no       ; Off          ; 3.3-V LVTTL  ; Fitter               ;
; s7[5]       ; 27    ; 1        ; 0            ; 6            ; 5           ; 1                     ; 0                  ; no     ; no              ; no       ; Off          ; 3.3-V LVTTL  ; Fitter               ;
; s7[6]       ; 39    ; 4        ; 2            ; 3            ; 0           ; 1                     ; 0                  ; no     ; no              ; no       ; Off          ; 3.3-V LVTTL  ; Fitter               ;
; s7[7]       ; 102   ; 3        ; 17           ; 7            ; 0           ; 1                     ; 0                  ; no     ; no              ; no       ; Off          ; 3.3-V LVTTL  ; Fitter               ;
; s8[0]       ; 42    ; 4        ; 4            ; 3            ; 0           ; 1                     ; 0                  ; no     ; no              ; no       ; Off          ; 3.3-V LVTTL  ; Fitter               ;
; s8[1]       ; 111   ; 2        ; 15           ; 11           ; 0           ; 1                     ; 0                  ; no     ; no              ; no       ; Off          ; 3.3-V LVTTL  ; Fitter               ;
; s8[2]       ; 13    ; 1        ; 0            ; 7            ; 1           ; 1                     ; 0                  ; no     ; no              ; no       ; Off          ; 3.3-V LVTTL  ; Fitter               ;
; s8[3]       ; 93    ; 3        ; 17           ; 6            ; 5           ; 1                     ; 0                  ; no     ; no              ; no       ; Off          ; 3.3-V LVTTL  ; Fitter               ;
; s8[4]       ; 49    ; 4        ; 7            ; 3            ; 2           ; 1                     ; 0                  ; no     ; no              ; no       ; Off          ; 3.3-V LVTTL  ; Fitter               ;
; s8[5]       ; 44    ; 4        ; 5            ; 3            ; 2           ; 1                     ; 0                  ; no     ; no              ; no       ; Off          ; 3.3-V LVTTL  ; Fitter               ;
; s8[6]       ; 22    ; 1        ; 0            ; 6            ; 1           ; 1                     ; 0                  ; no     ; no              ; no       ; Off          ; 3.3-V LVTTL  ; Fitter               ;
; s8[7]       ; 2     ; 1        ; 0            ; 10           ; 3           ; 1                     ; 0                  ; no     ; no              ; no       ; Off          ; 3.3-V LVTTL  ; Fitter               ;
+-------------+-------+----------+--------------+--------------+-------------+-----------------------+--------------------+--------+-----------------+----------+--------------+--------------+----------------------+


+-----------------------------------------------------------------------------------------------------------------------------------------------------------------------------------------------------------------------------------------------------------------------------+
; Output Pins                                                                                                                                                                                                                                                                 ;
+--------+-------+----------+--------------+--------------+-------------+-----------------+----------------+-----------------+------------+---------------+----------+--------------+--------------+------------------+------------------------+----------------------+-------+
; Name   ; Pin # ; I/O Bank ; X coordinate ; Y coordinate ; Cell number ; Output Register ; Slow Slew Rate ; PCI I/O Enabled ; Open Drain ; TRI Primitive ; Bus Hold ; Weak Pull Up ; I/O Standard ; Current Strength ; Fast Output Connection ; Location assigned by ; Load  ;
+--------+-------+----------+--------------+--------------+-------------+-----------------+----------------+-----------------+------------+---------------+----------+--------------+--------------+------------------+------------------------+----------------------+-------+
; col[0] ; 141   ; 2        ; 4            ; 11           ; 2           ; no              ; no             ; no              ; no         ; no            ; no       ; Off          ; 3.3-V LVTTL  ; 16mA             ; no                     ; Fitter               ; 10 pF ;
; col[1] ; 18    ; 1        ; 0            ; 7            ; 5           ; no              ; no             ; no              ; no         ; no            ; no       ; Off          ; 3.3-V LVTTL  ; 16mA             ; no                     ; Fitter               ; 10 pF ;
; col[2] ; 122   ; 2        ; 10           ; 11           ; 2           ; no              ; no             ; no              ; no         ; no            ; no       ; Off          ; 3.3-V LVTTL  ; 16mA             ; no                     ; Fitter               ; 10 pF ;
; col[3] ; 124   ; 2        ; 9            ; 11           ; 1           ; no              ; no             ; no              ; no         ; no            ; no       ; Off          ; 3.3-V LVTTL  ; 16mA             ; no                     ; Fitter               ; 10 pF ;
; col[4] ; 133   ; 2        ; 7            ; 11           ; 1           ; no              ; no             ; no              ; no         ; no            ; no       ; Off          ; 3.3-V LVTTL  ; 16mA             ; no                     ; Fitter               ; 10 pF ;
; col[5] ; 15    ; 1        ; 0            ; 7            ; 3           ; no              ; no             ; no              ; no         ; no            ; no       ; Off          ; 3.3-V LVTTL  ; 16mA             ; yes                    ; Fitter               ; 10 pF ;
; col[6] ; 12    ; 1        ; 0            ; 7            ; 0           ; no              ; no             ; no              ; no         ; no            ; no       ; Off          ; 3.3-V LVTTL  ; 16mA             ; yes                    ; Fitter               ; 10 pF ;
; col[7] ; 48    ; 4        ; 7            ; 3            ; 3           ; no              ; no             ; no              ; no         ; no            ; no       ; Off          ; 3.3-V LVTTL  ; 16mA             ; no                     ; Fitter               ; 10 pF ;
; row[0] ; 1     ; 1        ; 0            ; 10           ; 2           ; no              ; no             ; no              ; no         ; no            ; no       ; Off          ; 3.3-V LVTTL  ; 16mA             ; no                     ; Fitter               ; 10 pF ;
; row[1] ; 88    ; 3        ; 17           ; 5            ; 2           ; no              ; no             ; no              ; no         ; no            ; no       ; Off          ; 3.3-V LVTTL  ; 16mA             ; no                     ; Fitter               ; 10 pF ;
; row[2] ; 71    ; 4        ; 16           ; 0            ; 3           ; no              ; no             ; no              ; no         ; no            ; no       ; Off          ; 3.3-V LVTTL  ; 16mA             ; no                     ; Fitter               ; 10 pF ;
; row[3] ; 76    ; 3        ; 17           ; 2            ; 3           ; no              ; no             ; no              ; no         ; no            ; no       ; Off          ; 3.3-V LVTTL  ; 16mA             ; no                     ; Fitter               ; 10 pF ;
; row[4] ; 91    ; 3        ; 17           ; 5            ; 0           ; no              ; no             ; no              ; no         ; no            ; no       ; Off          ; 3.3-V LVTTL  ; 16mA             ; no                     ; Fitter               ; 10 pF ;
; row[5] ; 79    ; 3        ; 17           ; 3            ; 1           ; no              ; no             ; no              ; no         ; no            ; no       ; Off          ; 3.3-V LVTTL  ; 16mA             ; no                     ; Fitter               ; 10 pF ;
; row[6] ; 8     ; 1        ; 0            ; 8            ; 1           ; no              ; no             ; no              ; no         ; no            ; no       ; Off          ; 3.3-V LVTTL  ; 16mA             ; no                     ; Fitter               ; 10 pF ;
; row[7] ; 108   ; 3        ; 17           ; 10           ; 4           ; no              ; no             ; no              ; no         ; no            ; no       ; Off          ; 3.3-V LVTTL  ; 16mA             ; no                     ; Fitter               ; 10 pF ;
+--------+-------+----------+--------------+--------------+-------------+-----------------+----------------+-----------------+------------+---------------+----------+--------------+--------------+------------------+------------------------+----------------------+-------+


+------------------------------------------------------------+
; I/O Bank Usage                                             ;
+----------+------------------+---------------+--------------+
; I/O Bank ; Usage            ; VCCIO Voltage ; VREF Voltage ;
+----------+------------------+---------------+--------------+
; 1        ; 21 / 26 ( 81 % ) ; 3.3V          ; --           ;
; 2        ; 26 / 30 ( 87 % ) ; 3.3V          ; --           ;
; 3        ; 18 / 30 ( 60 % ) ; 3.3V          ; --           ;
; 4        ; 18 / 30 ( 60 % ) ; 3.3V          ; --           ;
+----------+------------------+---------------+--------------+


+------------------------------------------------------------------------------------------------------------------------------------------------+
; All Package Pins                                                                                                                               ;
+----------+------------+----------+----------------+--------+--------------+-----------+------------+-----------------+----------+--------------+
; Location ; Pad Number ; I/O Bank ; Pin Name/Usage ; Dir.   ; I/O Standard ; Voltage   ; I/O Type   ; User Assignment ; Bus Hold ; Weak Pull Up ;
+----------+------------+----------+----------------+--------+--------------+-----------+------------+-----------------+----------+--------------+
; 1        ; 2          ; 1        ; row[0]         ; output ; 3.3-V LVTTL  ;           ; Row I/O    ; N               ; no       ; Off          ;
; 2        ; 3          ; 1        ; s8[7]          ; input  ; 3.3-V LVTTL  ;           ; Row I/O    ; N               ; no       ; Off          ;
; 3        ; 5          ; 1        ; GND*           ;        ;              ;           ; Row I/O    ;                 ; no       ; Off          ;
; 4        ; 7          ; 1        ; GND*           ;        ;              ;           ; Row I/O    ;                 ; no       ; Off          ;
; 5        ; 9          ; 1        ; s7[0]          ; input  ; 3.3-V LVTTL  ;           ; Row I/O    ; N               ; no       ; Off          ;
; 6        ; 10         ; 1        ; s2[1]          ; input  ; 3.3-V LVTTL  ;           ; Row I/O    ; N               ; no       ; Off          ;
; 7        ; 14         ; 1        ; s3[1]          ; input  ; 3.3-V LVTTL  ;           ; Row I/O    ; N               ; no       ; Off          ;
; 8        ; 15         ; 1        ; row[6]         ; output ; 3.3-V LVTTL  ;           ; Row I/O    ; N               ; no       ; Off          ;
; 9        ;            ; 1        ; VCCIO1         ; power  ;              ; 3.3V      ; --         ;                 ; --       ; --           ;
; 10       ;            ;          ; GNDIO          ; gnd    ;              ;           ; --         ;                 ; --       ; --           ;
; 11       ; 20         ; 1        ; s6[6]          ; input  ; 3.3-V LVTTL  ;           ; Row I/O    ; N               ; no       ; Off          ;
; 12       ; 21         ; 1        ; col[6]         ; output ; 3.3-V LVTTL  ;           ; Row I/O    ; N               ; no       ; Off          ;
; 13       ; 22         ; 1        ; s8[2]          ; input  ; 3.3-V LVTTL  ;           ; Row I/O    ; N               ; no       ; Off          ;
; 14       ; 23         ; 1        ; count8in[1]    ; input  ; 3.3-V LVTTL  ;           ; Row I/O    ; N               ; no       ; Off          ;
; 15       ; 24         ; 1        ; col[5]         ; output ; 3.3-V LVTTL  ;           ; Row I/O    ; N               ; no       ; Off          ;
; 16       ; 25         ; 1        ; s4[3]          ; input  ; 3.3-V LVTTL  ;           ; Row I/O    ; N               ; no       ; Off          ;
; 17       ;            ;          ; GNDINT         ; gnd    ;              ;           ; --         ;                 ; --       ; --           ;
; 18       ; 26         ; 1        ; col[1]         ; output ; 3.3-V LVTTL  ;           ; Row I/O    ; N               ; no       ; Off          ;
; 19       ;            ;          ; VCCINT         ; power  ;              ; 2.5V/3.3V ; --         ;                 ; --       ; --           ;
; 20       ; 27         ; 1        ; count8in[2]    ; input  ; 3.3-V LVTTL  ;           ; Row I/O    ; N               ; no       ; Off          ;
; 21       ; 28         ; 1        ; s2[3]          ; input  ; 3.3-V LVTTL  ;           ; Row I/O    ; N               ; no       ; Off          ;
; 22       ; 29         ; 1        ; s8[6]          ; input  ; 3.3-V LVTTL  ;           ; Row I/O    ; N               ; no       ; Off          ;
; 23       ; 30         ; 1        ; s4[5]          ; input  ; 3.3-V LVTTL  ;           ; Row I/O    ; N               ; no       ; Off          ;
; 24       ; 31         ; 1        ; s1[6]          ; input  ; 3.3-V LVTTL  ;           ; Row I/O    ; N               ; no       ; Off          ;
; 25       ;            ; 1        ; VCCIO1         ; power  ;              ; 3.3V      ; --         ;                 ; --       ; --           ;
; 26       ;            ;          ; GNDIO          ; gnd    ;              ;           ; --         ;                 ; --       ; --           ;
; 27       ; 33         ; 1        ; s7[5]          ; input  ; 3.3-V LVTTL  ;           ; Row I/O    ; N               ; no       ; Off          ;
; 28       ; 36         ; 1        ; GND*           ;        ;              ;           ; Row I/O    ;                 ; no       ; Off          ;
; 29       ; 37         ; 1        ; s3[6]          ; input  ; 3.3-V LVTTL  ;           ; Row I/O    ; N               ; no       ; Off          ;
; 30       ; 41         ; 1        ; GND*           ;        ;              ;           ; Row I/O    ;                 ; no       ; Off          ;
; 31       ; 44         ; 1        ; s7[4]          ; input  ; 3.3-V LVTTL  ;           ; Row I/O    ; N               ; no       ; Off          ;
; 32       ; 47         ; 1        ; GND*           ;        ;              ;           ; Row I/O    ;                 ; no       ; Off          ;
; 33       ; 50         ; 1        ; #TMS           ; input  ;              ;           ; --         ;                 ; --       ; --           ;
; 34       ; 51         ; 1        ; #TDI           ; input  ;              ;           ; --         ;                 ; --       ; --           ;
; 35       ; 52         ; 1        ; #TCK           ; input  ;              ;           ; --         ;                 ; --       ; --           ;
; 36       ; 53         ; 1        ; #TDO           ; output ;              ;           ; --         ;                 ; --       ; --           ;
; 37       ; 56         ; 4        ; s3[5]          ; input  ; 3.3-V LVTTL  ;           ; Column I/O ; N               ; no       ; Off          ;
; 38       ; 57         ; 4        ; GND*           ;        ;              ;           ; Column I/O ;                 ; no       ; Off          ;
; 39       ; 60         ; 4        ; s7[6]          ; input  ; 3.3-V LVTTL  ;           ; Column I/O ; N               ; no       ; Off          ;
; 40       ; 62         ; 4        ; GND*           ;        ;              ;           ; Column I/O ;                 ; no       ; Off          ;
; 41       ; 63         ; 4        ; GND*           ;        ;              ;           ; Column I/O ;                 ; no       ; Off          ;
; 42       ; 67         ; 4        ; s8[0]          ; input  ; 3.3-V LVTTL  ;           ; Column I/O ; N               ; no       ; Off          ;
; 43       ; 68         ; 4        ; GND*           ;        ;              ;           ; Column I/O ;                 ; no       ; Off          ;
; 44       ; 69         ; 4        ; s8[5]          ; input  ; 3.3-V LVTTL  ;           ; Column I/O ; N               ; no       ; Off          ;
; 45       ; 74         ; 4        ; s4[7]          ; input  ; 3.3-V LVTTL  ;           ; Column I/O ; N               ; no       ; Off          ;
; 46       ;            ; 4        ; VCCIO4         ; power  ;              ; 3.3V      ; --         ;                 ; --       ; --           ;
; 47       ;            ;          ; GNDIO          ; gnd    ;              ;           ; --         ;                 ; --       ; --           ;
; 48       ; 75         ; 4        ; col[7]         ; output ; 3.3-V LVTTL  ;           ; Column I/O ; N               ; no       ; Off          ;
; 49       ; 76         ; 4        ; s8[4]          ; input  ; 3.3-V LVTTL  ;           ; Column I/O ; N               ; no       ; Off          ;
; 50       ; 77         ; 4        ; s1[7]          ; input  ; 3.3-V LVTTL  ;           ; Column I/O ; N               ; no       ; Off          ;
; 51       ; 78         ; 4        ; s5[7]          ; input  ; 3.3-V LVTTL  ;           ; Column I/O ; N               ; no       ; Off          ;
; 52       ; 79         ; 4        ; s6[2]          ; input  ; 3.3-V LVTTL  ;           ; Column I/O ; N               ; no       ; Off          ;
; 53       ; 80         ; 4        ; s5[0]          ; input  ; 3.3-V LVTTL  ;           ; Column I/O ; N               ; no       ; Off          ;
; 54       ;            ;          ; GNDINT         ; gnd    ;              ;           ; --         ;                 ; --       ; --           ;
; 55       ; 81         ; 4        ; s4[2]          ; input  ; 3.3-V LVTTL  ;           ; Column I/O ; N               ; no       ; Off          ;
; 56       ;            ;          ; VCCINT         ; power  ;              ; 2.5V/3.3V ; --         ;                 ; --       ; --           ;
; 57       ; 82         ; 4        ; s1[2]          ; input  ; 3.3-V LVTTL  ;           ; Column I/O ; N               ; no       ; Off          ;
; 58       ; 83         ; 4        ; s4[4]          ; input  ; 3.3-V LVTTL  ;           ; Column I/O ; N               ; no       ; Off          ;
; 59       ; 84         ; 4        ; s2[7]          ; input  ; 3.3-V LVTTL  ;           ; Column I/O ; N               ; no       ; Off          ;
; 60       ; 85         ; 4        ; s3[7]          ; input  ; 3.3-V LVTTL  ;           ; Column I/O ; N               ; no       ; Off          ;
; 61       ; 86         ; 4        ; GND*           ;        ;              ;           ; Column I/O ;                 ; no       ; Off          ;
; 62       ; 87         ; 4        ; GND*           ;        ;              ;           ; Column I/O ;                 ; no       ; Off          ;
; 63       ; 88         ; 4        ; s2[4]          ; input  ; 3.3-V LVTTL  ;           ; Column I/O ; N               ; no       ; Off          ;
; 64       ;            ; 4        ; VCCIO4         ; power  ;              ; 3.3V      ; --         ;                 ; --       ; --           ;
; 65       ;            ;          ; GNDIO          ; gnd    ;              ;           ; --         ;                 ; --       ; --           ;
; 66       ; 91         ; 4        ; GND*           ;        ;              ;           ; Column I/O ;                 ; no       ; Off          ;
; 67       ; 92         ; 4        ; GND*           ;        ;              ;           ; Column I/O ;                 ; no       ; Off          ;
; 68       ; 95         ; 4        ; GND*           ;        ;              ;           ; Column I/O ;                 ; no       ; Off          ;
; 69       ; 98         ; 4        ; GND*           ;        ;              ;           ; Column I/O ;                 ; no       ; Off          ;
; 70       ; 101        ; 4        ; GND*           ;        ;              ;           ; Column I/O ;                 ; no       ; Off          ;
; 71       ; 104        ; 4        ; row[2]         ; output ; 3.3-V LVTTL  ;           ; Column I/O ; N               ; no       ; Off          ;
; 72       ; 107        ; 4        ; GND*           ;        ;              ;           ; Column I/O ;                 ; no       ; Off          ;
; 73       ; 111        ; 3        ; GND*           ;        ;              ;           ; Row I/O    ;                 ; no       ; Off          ;
; 74       ; 112        ; 3        ; GND*           ;        ;              ;           ; Row I/O    ;                 ; no       ; Off          ;
; 75       ; 113        ; 3        ; GND*           ;        ;              ;           ; Row I/O    ;                 ; no       ; Off          ;
; 76       ; 115        ; 3        ; row[3]         ; output ; 3.3-V LVTTL  ;           ; Row I/O    ; N               ; no       ; Off          ;
; 77       ; 118        ; 3        ; GND*           ;        ;              ;           ; Row I/O    ;                 ; no       ; Off          ;
; 78       ; 122        ; 3        ; GND*           ;        ;              ;           ; Row I/O    ;                 ; no       ; Off          ;
; 79       ; 123        ; 3        ; row[5]         ; output ; 3.3-V LVTTL  ;           ; Row I/O    ; N               ; no       ; Off          ;
; 80       ; 124        ; 3        ; GND*           ;        ;              ;           ; Row I/O    ;                 ; no       ; Off          ;
; 81       ; 127        ; 3        ; GND*           ;        ;              ;           ; Row I/O    ;                 ; no       ; Off          ;
; 82       ;            ; 3        ; VCCIO3         ; power  ;              ; 3.3V      ; --         ;                 ; --       ; --           ;
; 83       ;            ;          ; GNDIO          ; gnd    ;              ;           ; --         ;                 ; --       ; --           ;
; 84       ; 129        ; 3        ; GND*           ;        ;              ;           ; Row I/O    ;                 ; no       ; Off          ;
; 85       ; 130        ; 3        ; GND*           ;        ;              ;           ; Row I/O    ;                 ; no       ; Off          ;
; 86       ; 131        ; 3        ; GND*           ;        ;              ;           ; Row I/O    ;                 ; no       ; Off          ;
; 87       ; 132        ; 3        ; s2[5]          ; input  ; 3.3-V LVTTL  ;           ; Row I/O    ; N               ; no       ; Off          ;
; 88       ; 133        ; 3        ; row[1]         ; output ; 3.3-V LVTTL  ;           ; Row I/O    ; N               ; no       ; Off          ;
; 89       ; 134        ; 3        ; GND*           ;        ;              ;           ; Row I/O    ;                 ; no       ; Off          ;
; 90       ;            ;          ; VCCINT         ; power  ;              ; 2.5V/3.3V ; --         ;                 ; --       ; --           ;
; 91       ; 135        ; 3        ; row[4]         ; output ; 3.3-V LVTTL  ;           ; Row I/O    ; N               ; no       ; Off          ;
; 92       ;            ;          ; GNDINT         ; gnd    ;              ;           ; --         ;                 ; --       ; --           ;
; 93       ; 136        ; 3        ; s8[3]          ; input  ; 3.3-V LVTTL  ;           ; Row I/O    ; N               ; no       ; Off          ;
; 94       ; 137        ; 3        ; s6[1]          ; input  ; 3.3-V LVTTL  ;           ; Row I/O    ; N               ; no       ; Off          ;
; 95       ; 138        ; 3        ; s3[4]          ; input  ; 3.3-V LVTTL  ;           ; Row I/O    ; N               ; no       ; Off          ;
; 96       ; 139        ; 3        ; s2[2]          ; input  ; 3.3-V LVTTL  ;           ; Row I/O    ; N               ; no       ; Off          ;
; 97       ; 140        ; 3        ; s6[7]          ; input  ; 3.3-V LVTTL  ;           ; Row I/O    ; N               ; no       ; Off          ;
; 98       ; 141        ; 3        ; s1[0]          ; input  ; 3.3-V LVTTL  ;           ; Row I/O    ; N               ; no       ; Off          ;
; 99       ;            ;          ; GNDIO          ; gnd    ;              ;           ; --         ;                 ; --       ; --           ;
; 100      ;            ; 3        ; VCCIO3         ; power  ;              ; 3.3V      ; --         ;                 ; --       ; --           ;
; 101      ; 142        ; 3        ; s4[6]          ; input  ; 3.3-V LVTTL  ;           ; Row I/O    ; N               ; no       ; Off          ;
; 102      ; 146        ; 3        ; s7[7]          ; input  ; 3.3-V LVTTL  ;           ; Row I/O    ; N               ; no       ; Off          ;
; 103      ; 147        ; 3        ; GND*           ;        ;              ;           ; Row I/O    ;                 ; no       ; Off          ;
; 104      ; 151        ; 3        ; s6[0]          ; input  ; 3.3-V LVTTL  ;           ; Row I/O    ; N               ; no       ; Off          ;
; 105      ; 152        ; 3        ; s2[0]          ; input  ; 3.3-V LVTTL  ;           ; Row I/O    ; N               ; no       ; Off          ;
; 106      ; 154        ; 3        ; s4[0]          ; input  ; 3.3-V LVTTL  ;           ; Row I/O    ; N               ; no       ; Off          ;
; 107      ; 156        ; 3        ; s6[5]          ; input  ; 3.3-V LVTTL  ;           ; Row I/O    ; N               ; no       ; Off          ;
; 108      ; 158        ; 3        ; row[7]         ; output ; 3.3-V LVTTL  ;           ; Row I/O    ; N               ; no       ; Off          ;
; 109      ; 164        ; 2        ; GND*           ;        ;              ;           ; Column I/O ;                 ; no       ; Off          ;
; 110      ; 165        ; 2        ; s6[3]          ; input  ; 3.3-V LVTTL  ;           ; Column I/O ; N               ; no       ; Off          ;
; 111      ; 166        ; 2        ; s8[1]          ; input  ; 3.3-V LVTTL  ;           ; Column I/O ; N               ; no       ; Off          ;
; 112      ; 171        ; 2        ; GND*           ;        ;              ;           ; Column I/O ;                 ; no       ; Off          ;
; 113      ; 174        ; 2        ; s3[2]          ; input  ; 3.3-V LVTTL  ;           ; Column I/O ; N               ; no       ; Off          ;
; 114      ; 177        ; 2        ; GND*           ;        ;              ;           ; Column I/O ;                 ; no       ; Off          ;
; 115      ;            ;          ; GNDIO          ; gnd    ;              ;           ; --         ;                 ; --       ; --           ;
; 116      ;            ; 2        ; VCCIO2         ; power  ;              ; 3.3V      ; --         ;                 ; --       ; --           ;
; 117      ; 180        ; 2        ; s1[3]          ; input  ; 3.3-V LVTTL  ;           ; Column I/O ; N               ; no       ; Off          ;
; 118      ; 181        ; 2        ; s2[6]          ; input  ; 3.3-V LVTTL  ;           ; Column I/O ; N               ; no       ; Off          ;
; 119      ; 182        ; 2        ; s1[5]          ; input  ; 3.3-V LVTTL  ;           ; Column I/O ; N               ; no       ; Off          ;
; 120      ; 183        ; 2        ; count8in[0]    ; input  ; 3.3-V LVTTL  ;           ; Column I/O ; N               ; no       ; Off          ;
; 121      ; 184        ; 2        ; s5[2]          ; input  ; 3.3-V LVTTL  ;           ; Column I/O ; N               ; no       ; Off          ;
; 122      ; 185        ; 2        ; col[2]         ; output ; 3.3-V LVTTL  ;           ; Column I/O ; N               ; no       ; Off          ;
; 123      ; 186        ; 2        ; s1[4]          ; input  ; 3.3-V LVTTL  ;           ; Column I/O ; N               ; no       ; Off          ;
; 124      ; 187        ; 2        ; col[3]         ; output ; 3.3-V LVTTL  ;           ; Column I/O ; N               ; no       ; Off          ;
; 125      ; 188        ; 2        ; s5[3]          ; input  ; 3.3-V LVTTL  ;           ; Column I/O ; N               ; no       ; Off          ;
; 126      ;            ;          ; VCCINT         ; power  ;              ; 2.5V/3.3V ; --         ;                 ; --       ; --           ;
; 127      ; 189        ; 2        ; s3[3]          ; input  ; 3.3-V LVTTL  ;           ; Column I/O ; N               ; no       ; Off          ;
; 128      ;            ;          ; GNDINT         ; gnd    ;              ;           ; --         ;                 ; --       ; --           ;
; 129      ; 190        ; 2        ; s4[1]          ; input  ; 3.3-V LVTTL  ;           ; Column I/O ; N               ; no       ; Off          ;
; 130      ; 191        ; 2        ; s7[2]          ; input  ; 3.3-V LVTTL  ;           ; Column I/O ; N               ; no       ; Off          ;
; 131      ; 192        ; 2        ; s7[3]          ; input  ; 3.3-V LVTTL  ;           ; Column I/O ; N               ; no       ; Off          ;
; 132      ; 193        ; 2        ; s5[4]          ; input  ; 3.3-V LVTTL  ;           ; Column I/O ; N               ; no       ; Off          ;
; 133      ; 194        ; 2        ; col[4]         ; output ; 3.3-V LVTTL  ;           ; Column I/O ; N               ; no       ; Off          ;
; 134      ; 195        ; 2        ; s6[4]          ; input  ; 3.3-V LVTTL  ;           ; Column I/O ; N               ; no       ; Off          ;
; 135      ;            ;          ; GNDIO          ; gnd    ;              ;           ; --         ;                 ; --       ; --           ;
; 136      ;            ; 2        ; VCCIO2         ; power  ;              ; 3.3V      ; --         ;                 ; --       ; --           ;
; 137      ; 199        ; 2        ; s1[1]          ; input  ; 3.3-V LVTTL  ;           ; Column I/O ; N               ; no       ; Off          ;
; 138      ; 200        ; 2        ; GND*           ;        ;              ;           ; Column I/O ;                 ; no       ; Off          ;
; 139      ; 201        ; 2        ; s5[1]          ; input  ; 3.3-V LVTTL  ;           ; Column I/O ; N               ; no       ; Off          ;
; 140      ; 204        ; 2        ; s3[0]          ; input  ; 3.3-V LVTTL  ;           ; Column I/O ; N               ; no       ; Off          ;
; 141      ; 205        ; 2        ; col[0]         ; output ; 3.3-V LVTTL  ;           ; Column I/O ; N               ; no       ; Off          ;
; 142      ; 208        ; 2        ; s7[1]          ; input  ; 3.3-V LVTTL  ;           ; Column I/O ; N               ; no       ; Off          ;
; 143      ; 212        ; 2        ; s5[6]          ; input  ; 3.3-V LVTTL  ;           ; Column I/O ; N               ; no       ; Off          ;
; 144      ; 215        ; 2        ; s5[5]          ; input  ; 3.3-V LVTTL  ;           ; Column I/O ; N               ; no       ; Off          ;
+----------+------------+----------+----------------+--------+--------------+-----------+------------+-----------------+----------+--------------+
Note: Pin directions (input, output or bidir) are based on device operating in user mode.


+-------------------------------------------------------------+
; Output Pin Default Load For Reported TCO                    ;
+----------------------------+-------+------------------------+
; I/O Standard               ; Load  ; Termination Resistance ;
+----------------------------+-------+------------------------+
; 3.3-V LVTTL                ; 10 pF ; Not Available          ;
; 3.3-V LVCMOS               ; 10 pF ; Not Available          ;
; 2.5 V                      ; 10 pF ; Not Available          ;
; 1.8 V                      ; 10 pF ; Not Available          ;
; 1.5 V                      ; 10 pF ; Not Available          ;
; 3.3V Schmitt Trigger Input ; 10 pF ; Not Available          ;
; 2.5V Schmitt Trigger Input ; 10 pF ; Not Available          ;
; 3.3-V PCI                  ; 10 pF ; 25 Ohm (Parallel)      ;
+----------------------------+-------+------------------------+
Note: User assignments will override these defaults. The user specified values are listed in the Output Pins and Bidir Pins tables.


+----------------------------------------------------------------------------------------------------------------------------------------------------------------------------------------------------------------------+
; Fitter Resource Utilization by Entity                                                                                                                                                                                ;
+----------------------------+-------------+--------------+------------+------+--------------+--------------+-------------------+------------------+-----------------+------------+---------------------+--------------+
; Compilation Hierarchy Node ; Logic Cells ; LC Registers ; UFM Blocks ; Pins ; Virtual Pins ; LUT-Only LCs ; Register-Only LCs ; LUT/Register LCs ; Carry Chain LCs ; Packed LCs ; Full Hierarchy Name ; Library Name ;
+----------------------------+-------------+--------------+------------+------+--------------+--------------+-------------------+------------------+-----------------+------------+---------------------+--------------+
; |select8to1                ; 40 (40)     ; 0            ; 0          ; 83   ; 0            ; 40 (40)      ; 0 (0)             ; 0 (0)            ; 0 (0)           ; 0 (0)      ; |select8to1         ; work         ;
+----------------------------+-------------+--------------+------------+------+--------------+--------------+-------------------+------------------+-----------------+------------+---------------------+--------------+
Note: For table entries with two numbers listed, the numbers in parentheses indicate the number of resources of the given type used by the specific entity alone. The numbers listed outside of parentheses indicate the total resources of the given type used by the specific entity and all of its sub-entities in the hierarchy.


+----------------------------------------+
; Delay Chain Summary                    ;
+-------------+----------+---------------+
; Name        ; Pin Type ; Pad to Core 0 ;
+-------------+----------+---------------+
; s3[0]       ; Input    ; 0             ;
; count8in[2] ; Input    ; 0             ;
; s5[0]       ; Input    ; 0             ;
; count8in[1] ; Input    ; 0             ;
; s7[0]       ; Input    ; 0             ;
; s1[0]       ; Input    ; 0             ;
; s6[0]       ; Input    ; 0             ;
; s4[0]       ; Input    ; 0             ;
; s8[0]       ; Input    ; 0             ;
; s2[0]       ; Input    ; 0             ;
; count8in[0] ; Input    ; 0             ;
; s3[1]       ; Input    ; 0             ;
; s5[1]       ; Input    ; 0             ;
; s7[1]       ; Input    ; 0             ;
; s1[1]       ; Input    ; 0             ;
; s6[1]       ; Input    ; 0             ;
; s4[1]       ; Input    ; 0             ;
; s8[1]       ; Input    ; 0             ;
; s2[1]       ; Input    ; 0             ;
; s3[2]       ; Input    ; 0             ;
; s5[2]       ; Input    ; 0             ;
; s7[2]       ; Input    ; 0             ;
; s1[2]       ; Input    ; 0             ;
; s6[2]       ; Input    ; 0             ;
; s4[2]       ; Input    ; 0             ;
; s8[2]       ; Input    ; 0             ;
; s2[2]       ; Input    ; 0             ;
; s3[3]       ; Input    ; 0             ;
; s5[3]       ; Input    ; 0             ;
; s7[3]       ; Input    ; 0             ;
; s1[3]       ; Input    ; 0             ;
; s6[3]       ; Input    ; 0             ;
; s4[3]       ; Input    ; 0             ;
; s8[3]       ; Input    ; 0             ;
; s2[3]       ; Input    ; 0             ;
; s3[4]       ; Input    ; 0             ;
; s5[4]       ; Input    ; 0             ;
; s7[4]       ; Input    ; 0             ;
; s1[4]       ; Input    ; 0             ;
; s6[4]       ; Input    ; 0             ;
; s4[4]       ; Input    ; 0             ;
; s8[4]       ; Input    ; 0             ;
; s2[4]       ; Input    ; 0             ;
; s3[5]       ; Input    ; 0             ;
; s5[5]       ; Input    ; 0             ;
; s7[5]       ; Input    ; 0             ;
; s1[5]       ; Input    ; 0             ;
; s6[5]       ; Input    ; 0             ;
; s4[5]       ; Input    ; 0             ;
; s8[5]       ; Input    ; 0             ;
; s2[5]       ; Input    ; 0             ;
; s3[6]       ; Input    ; 0             ;
; s5[6]       ; Input    ; 0             ;
; s7[6]       ; Input    ; 0             ;
; s1[6]       ; Input    ; 0             ;
; s6[6]       ; Input    ; 0             ;
; s4[6]       ; Input    ; 0             ;
; s8[6]       ; Input    ; 0             ;
; s2[6]       ; Input    ; 0             ;
; s3[7]       ; Input    ; 0             ;
; s5[7]       ; Input    ; 0             ;
; s7[7]       ; Input    ; 0             ;
; s1[7]       ; Input    ; 0             ;
; s6[7]       ; Input    ; 0             ;
; s4[7]       ; Input    ; 0             ;
; s8[7]       ; Input    ; 0             ;
; s2[7]       ; Input    ; 0             ;
; row[0]      ; Output   ; --            ;
; row[1]      ; Output   ; --            ;
; row[2]      ; Output   ; --            ;
; row[3]      ; Output   ; --            ;
; row[4]      ; Output   ; --            ;
; row[5]      ; Output   ; --            ;
; row[6]      ; Output   ; --            ;
; row[7]      ; Output   ; --            ;
; col[0]      ; Output   ; --            ;
; col[1]      ; Output   ; --            ;
; col[2]      ; Output   ; --            ;
; col[3]      ; Output   ; --            ;
; col[4]      ; Output   ; --            ;
; col[5]      ; Output   ; --            ;
; col[6]      ; Output   ; --            ;
; col[7]      ; Output   ; --            ;
+-------------+----------+---------------+


+---------------------------------+
; Non-Global High Fan-Out Signals ;
+-------------+-------------------+
; Name        ; Fan-Out           ;
+-------------+-------------------+
; count8in[1] ; 24                ;
; count8in[2] ; 24                ;
; count8in[0] ; 8                 ;
; s2[7]       ; 1                 ;
; s8[7]       ; 1                 ;
; s4[7]       ; 1                 ;
; s6[7]       ; 1                 ;
; s1[7]       ; 1                 ;
; s7[7]       ; 1                 ;
; s5[7]       ; 1                 ;
; s3[7]       ; 1                 ;
; s2[6]       ; 1                 ;
; s8[6]       ; 1                 ;
; s4[6]       ; 1                 ;
; s6[6]       ; 1                 ;
; s1[6]       ; 1                 ;
; s7[6]       ; 1                 ;
; s5[6]       ; 1                 ;
; s3[6]       ; 1                 ;
; s2[5]       ; 1                 ;
; s8[5]       ; 1                 ;
; s4[5]       ; 1                 ;
; s6[5]       ; 1                 ;
; s1[5]       ; 1                 ;
; s7[5]       ; 1                 ;
; s5[5]       ; 1                 ;
; s3[5]       ; 1                 ;
; s2[4]       ; 1                 ;
; s8[4]       ; 1                 ;
; s4[4]       ; 1                 ;
; s6[4]       ; 1                 ;
; s1[4]       ; 1                 ;
; s7[4]       ; 1                 ;
; s5[4]       ; 1                 ;
; s3[4]       ; 1                 ;
; s2[3]       ; 1                 ;
; s8[3]       ; 1                 ;
; s4[3]       ; 1                 ;
; s6[3]       ; 1                 ;
; s1[3]       ; 1                 ;
; s7[3]       ; 1                 ;
; s5[3]       ; 1                 ;
; s3[3]       ; 1                 ;
; s2[2]       ; 1                 ;
; s8[2]       ; 1                 ;
; s4[2]       ; 1                 ;
; s6[2]       ; 1                 ;
; s1[2]       ; 1                 ;
; s7[2]       ; 1                 ;
; s5[2]       ; 1                 ;
+-------------+-------------------+


+-------------------------------------------------+
; Interconnect Usage Summary                      ;
+----------------------------+--------------------+
; Interconnect Resource Type ; Usage              ;
+----------------------------+--------------------+
; C4s                        ; 69 / 2,870 ( 2 % ) ;
; Direct links               ; 0 / 3,938 ( 0 % )  ;
; Global clocks              ; 0 / 4 ( 0 % )      ;
; LAB clocks                 ; 0 / 72 ( 0 % )     ;
; LUT chains                 ; 16 / 1,143 ( 1 % ) ;
; Local interconnects        ; 90 / 3,938 ( 2 % ) ;
; R4s                        ; 98 / 2,832 ( 3 % ) ;
+----------------------------+--------------------+


+---------------------------------------------------------------------------+
; LAB Logic Elements                                                        ;
+---------------------------------------------+-----------------------------+
; Number of Logic Elements  (Average = 10.00) ; Number of LABs  (Total = 4) ;
+---------------------------------------------+-----------------------------+
; 1                                           ; 0                           ;
; 2                                           ; 0                           ;
; 3                                           ; 0                           ;
; 4                                           ; 0                           ;
; 5                                           ; 0                           ;
; 6                                           ; 0                           ;
; 7                                           ; 0                           ;
; 8                                           ; 0                           ;
; 9                                           ; 0                           ;
; 10                                          ; 4                           ;
+---------------------------------------------+-----------------------------+


+----------------------------------------------------------------------------+
; LAB Signals Sourced                                                        ;
+----------------------------------------------+-----------------------------+
; Number of Signals Sourced  (Average = 10.00) ; Number of LABs  (Total = 4) ;
+----------------------------------------------+-----------------------------+
; 0                                            ; 0                           ;
; 1                                            ; 0                           ;
; 2                                            ; 0                           ;
; 3                                            ; 0                           ;
; 4                                            ; 0                           ;
; 5                                            ; 0                           ;
; 6                                            ; 0                           ;
; 7                                            ; 0                           ;
; 8                                            ; 0                           ;
; 9                                            ; 0                           ;
; 10                                           ; 4                           ;
+----------------------------------------------+-----------------------------+


+-------------------------------------------------------------------------------+
; LAB Signals Sourced Out                                                       ;
+-------------------------------------------------+-----------------------------+
; Number of Signals Sourced Out  (Average = 2.00) ; Number of LABs  (Total = 4) ;
+-------------------------------------------------+-----------------------------+
; 0                                               ; 0                           ;
; 1                                               ; 0                           ;
; 2                                               ; 4                           ;
+-------------------------------------------------+-----------------------------+


+----------------------------------------------------------------------------+
; LAB Distinct Inputs                                                        ;
+----------------------------------------------+-----------------------------+
; Number of Distinct Inputs  (Average = 19.00) ; Number of LABs  (Total = 4) ;
+----------------------------------------------+-----------------------------+
; 0                                            ; 0                           ;
; 1                                            ; 0                           ;
; 2                                            ; 0                           ;
; 3                                            ; 0                           ;
; 4                                            ; 0                           ;
; 5                                            ; 0                           ;
; 6                                            ; 0                           ;
; 7                                            ; 0                           ;
; 8                                            ; 0                           ;
; 9                                            ; 0                           ;
; 10                                           ; 0                           ;
; 11                                           ; 0                           ;
; 12                                           ; 0                           ;
; 13                                           ; 0                           ;
; 14                                           ; 0                           ;
; 15                                           ; 0                           ;
; 16                                           ; 0                           ;
; 17                                           ; 0                           ;
; 18                                           ; 0                           ;
; 19                                           ; 4                           ;
+----------------------------------------------+-----------------------------+


+-------------------------------------------------------------------------+
; Fitter Device Options                                                   ;
+----------------------------------------------+--------------------------+
; Option                                       ; Setting                  ;
+----------------------------------------------+--------------------------+
; Enable user-supplied start-up clock (CLKUSR) ; Off                      ;
; Enable device-wide reset (DEV_CLRn)          ; Off                      ;
; Enable device-wide output enable (DEV_OE)    ; Off                      ;
; Enable INIT_DONE output                      ; Off                      ;
; Configuration scheme                         ; Passive Serial           ;
; Reserve all unused pins                      ; As output driving ground ;
; Base pin-out file on sameframe device        ; Off                      ;
+----------------------------------------------+--------------------------+


+------------------------------------------------------------+
; Estimated Delay Added for Hold Timing                      ;
+-----------------+----------------------+-------------------+
; Source Clock(s) ; Destination Clock(s) ; Delay Added in ns ;
+-----------------+----------------------+-------------------+


+----------------------------+
; Advanced Data - General    ;
+--------------------+-------+
; Name               ; Value ;
+--------------------+-------+
; Status Code        ; 0     ;
; Desired User Slack ; 0     ;
; Fit Attempts       ; 1     ;
+--------------------+-------+


+-----------------------------------------------------------------------------------------+
; Advanced Data - Placement Preparation                                                   ;
+--------------------------------------------------------------------------------+--------+
; Name                                                                           ; Value  ;
+--------------------------------------------------------------------------------+--------+
; Auto Fit Point 1 - Fit Attempt 1                                               ; ff     ;
; Mid Wire Use - Fit Attempt 1                                                   ; 4      ;
; Mid Slack - Fit Attempt 1                                                      ; -12756 ;
; Internal Atom Count - Fit Attempt 1                                            ; 40     ;
; LE/ALM Count - Fit Attempt 1                                                   ; 40     ;
; LAB Count - Fit Attempt 1                                                      ; 4      ;
; Outputs per Lab - Fit Attempt 1                                                ; 2.000  ;
; Inputs per LAB - Fit Attempt 1                                                 ; 19.000 ;
; Global Inputs per LAB - Fit Attempt 1                                          ; 0.000  ;
; LAB Constraint 'non-global clock / CE pair + async load' - Fit Attempt 1       ; 0:4    ;
; LAB Constraint 'ce + sync load' - Fit Attempt 1                                ; 0:4    ;
; LAB Constraint 'non-global controls' - Fit Attempt 1                           ; 0:4    ;
; LAB Constraint 'un-route combination' - Fit Attempt 1                          ; 0:4    ;
; LAB Constraint 'non-global with asyn_clear' - Fit Attempt 1                    ; 0:4    ;
; LAB Constraint 'un-route with async_clear' - Fit Attempt 1                     ; 0:4    ;
; LAB Constraint 'non-global async clear + sync clear' - Fit Attempt 1           ; 0:4    ;
; LAB Constraint 'global non-clock/non-asynch_clear' - Fit Attempt 1             ; 0:4    ;
; LAB Constraint 'ygr_cl_ngclk_gclkce_sload_aload_constraint' - Fit Attempt 1    ; 0:4    ;
; LAB Constraint 'global control signals' - Fit Attempt 1                        ; 0:4    ;
; LAB Constraint 'clock / ce pair constraint' - Fit Attempt 1                    ; 0:4    ;
; LAB Constraint 'aload_aclr pair with aload used' - Fit Attempt 1               ; 0:4    ;
; LAB Constraint 'aload_aclr pair' - Fit Attempt 1                               ; 0:4    ;
; LAB Constraint 'sload_sclear pair' - Fit Attempt 1                             ; 0:4    ;
; LAB Constraint 'invert_a constraint' - Fit Attempt 1                           ; 1:4    ;
; LAB Constraint 'has placement constraint' - Fit Attempt 1                      ; 0:4    ;
; LAB Constraint 'use of ADATA or SDATA by registers constraint' - Fit Attempt 1 ; 0:4    ;
; LAB Constraint 'group hierarchy constraint' - Fit Attempt 1                    ; 1:4    ;
; LEs in Chains - Fit Attempt 1                                                  ; 0      ;
; LEs in Long Chains - Fit Attempt 1                                             ; 0      ;
; LABs with Chains - Fit Attempt 1                                               ; 0      ;
; LABs with Multiple Chains - Fit Attempt 1                                      ; 0      ;
; Time - Fit Attempt 1                                                           ; 0      ;
+--------------------------------------------------------------------------------+--------+


+---------------------------------------------+
; Advanced Data - Placement                   ;
+------------------------------------+--------+
; Name                               ; Value  ;
+------------------------------------+--------+
; Auto Fit Point 2 - Fit Attempt 1   ; ff     ;
; Early Wire Use - Fit Attempt 1     ; 2      ;
; Early Slack - Fit Attempt 1        ; -12670 ;
; Auto Fit Point 5 - Fit Attempt 1   ; ff     ;
; Mid Wire Use - Fit Attempt 1       ; 4      ;
; Mid Slack - Fit Attempt 1          ; -12146 ;
; Auto Fit Point 6 - Fit Attempt 1   ; ff     ;
; Auto Fit Point 6 - Fit Attempt 1   ; ff     ;
; Auto Fit Point 6 - Fit Attempt 1   ; ff     ;
; Auto Fit Point 5 - Fit Attempt 1   ; ff     ;
; Mid Wire Use - Fit Attempt 1       ; 4      ;
; Mid Slack - Fit Attempt 1          ; -12146 ;
; Auto Fit Point 6 - Fit Attempt 1   ; ff     ;
; Auto Fit Point 6 - Fit Attempt 1   ; ff     ;
; Auto Fit Point 6 - Fit Attempt 1   ; ff     ;
; Late Wire Use - Fit Attempt 1      ; 5      ;
; Late Slack - Fit Attempt 1         ; -12146 ;
; Peak Regional Wire - Fit Attempt 1 ; 0.000  ;
; Auto Fit Point 7 - Fit Attempt 1   ; ff     ;
; Time - Fit Attempt 1               ; 0      ;
+------------------------------------+--------+


+---------------------------------------------------+
; Advanced Data - Routing                           ;
+-------------------------------------+-------------+
; Name                                ; Value       ;
+-------------------------------------+-------------+
; Early Slack - Fit Attempt 1         ; -10364      ;
; Early Wire Use - Fit Attempt 1      ; 4           ;
; Peak Regional Wire - Fit Attempt 1  ; 5           ;
; Mid Slack - Fit Attempt 1           ; -11122      ;
; Late Slack - Fit Attempt 1          ; -2147483648 ;
; Late Wire Use - Fit Attempt 1       ; 3           ;
; Time - Fit Attempt 1                ; 0           ;
; Time in tsm_tan.dll - Fit Attempt 1 ; 0.016       ;
+-------------------------------------+-------------+


+-----------------+
; Fitter Messages ;
+-----------------+
Info: *******************************************************************
Info: Running Quartus II Fitter
    Info: Version 9.0 Build 132 02/25/2009 SJ Full Version
    Info: Processing started: Mon Oct 28 15:53:21 2013
Info: Command: quartus_fit --read_settings_files=off --write_settings_files=off select8to1 -c select8to1
Info: Parallel compilation is enabled and will use 2 of the 2 processors detected
Info: Selected device EPM1270T144C5 for design "select8to1"
Info: Low junction temperature is 0 degrees C
Info: High junction temperature is 85 degrees C
Info: Fitter is performing an Auto Fit compilation, which may decrease Fitter effort to reduce compilation time
Info: Device migration not selected. If you intend to use device migration later, you may need to change the pin assignments as they may be incompatible with other devices
    Info: Device EPM570T144C5 is compatible
    Info: Device EPM570T144I5 is compatible
    Info: Device EPM570T144A5 is compatible
    Info: Device EPM1270T144I5 is compatible
    Info: Device EPM1270T144A5 is compatible
Warning: No exact pin location assignment(s) for 83 pins of 83 total pins
    Info: Pin row[0] not assigned to an exact location on the device
    Info: Pin row[1] not assigned to an exact location on the device
    Info: Pin row[2] not assigned to an exact location on the device
    Info: Pin row[3] not assigned to an exact location on the device
    Info: Pin row[4] not assigned to an exact location on the device
    Info: Pin row[5] not assigned to an exact location on the device
    Info: Pin row[6] not assigned to an exact location on the device
    Info: Pin row[7] not assigned to an exact location on the device
    Info: Pin col[0] not assigned to an exact location on the device
    Info: Pin col[1] not assigned to an exact location on the device
    Info: Pin col[2] not assigned to an exact location on the device
    Info: Pin col[3] not assigned to an exact location on the device
    Info: Pin col[4] not assigned to an exact location on the device
    Info: Pin col[5] not assigned to an exact location on the device
    Info: Pin col[6] not assigned to an exact location on the device
    Info: Pin col[7] not assigned to an exact location on the device
    Info: Pin s3[0] not assigned to an exact location on the device
    Info: Pin count8in[2] not assigned to an exact location on the device
    Info: Pin s5[0] not assigned to an exact location on the device
    Info: Pin count8in[1] not assigned to an exact location on the device
    Info: Pin s7[0] not assigned to an exact location on the device
    Info: Pin s1[0] not assigned to an exact location on the device
    Info: Pin s6[0] not assigned to an exact location on the device
    Info: Pin s4[0] not assigned to an exact location on the device
    Info: Pin s8[0] not assigned to an exact location on the device
    Info: Pin s2[0] not assigned to an exact location on the device
    Info: Pin count8in[0] not assigned to an exact location on the device
    Info: Pin s3[1] not assigned to an exact location on the device
    Info: Pin s5[1] not assigned to an exact location on the device
    Info: Pin s7[1] not assigned to an exact location on the device
    Info: Pin s1[1] not assigned to an exact location on the device
    Info: Pin s6[1] not assigned to an exact location on the device
    Info: Pin s4[1] not assigned to an exact location on the device
    Info: Pin s8[1] not assigned to an exact location on the device
    Info: Pin s2[1] not assigned to an exact location on the device
    Info: Pin s3[2] not assigned to an exact location on the device
    Info: Pin s5[2] not assigned to an exact location on the device
    Info: Pin s7[2] not assigned to an exact location on the device
    Info: Pin s1[2] not assigned to an exact location on the device
    Info: Pin s6[2] not assigned to an exact location on the device
    Info: Pin s4[2] not assigned to an exact location on the device
    Info: Pin s8[2] not assigned to an exact location on the device
    Info: Pin s2[2] not assigned to an exact location on the device
    Info: Pin s3[3] not assigned to an exact location on the device
    Info: Pin s5[3] not assigned to an exact location on the device
    Info: Pin s7[3] not assigned to an exact location on the device
    Info: Pin s1[3] not assigned to an exact location on the device
    Info: Pin s6[3] not assigned to an exact location on the device
    Info: Pin s4[3] not assigned to an exact location on the device
    Info: Pin s8[3] not assigned to an exact location on the device
    Info: Pin s2[3] not assigned to an exact location on the device
    Info: Pin s3[4] not assigned to an exact location on the device
    Info: Pin s5[4] not assigned to an exact location on the device
    Info: Pin s7[4] not assigned to an exact location on the device
    Info: Pin s1[4] not assigned to an exact location on the device
    Info: Pin s6[4] not assigned to an exact location on the device
    Info: Pin s4[4] not assigned to an exact location on the device
    Info: Pin s8[4] not assigned to an exact location on the device
    Info: Pin s2[4] not assigned to an exact location on the device
    Info: Pin s3[5] not assigned to an exact location on the device
    Info: Pin s5[5] not assigned to an exact location on the device
    Info: Pin s7[5] not assigned to an exact location on the device
    Info: Pin s1[5] not assigned to an exact location on the device
    Info: Pin s6[5] not assigned to an exact location on the device
    Info: Pin s4[5] not assigned to an exact location on the device
    Info: Pin s8[5] not assigned to an exact location on the device
    Info: Pin s2[5] not assigned to an exact location on the device
    Info: Pin s3[6] not assigned to an exact location on the device
    Info: Pin s5[6] not assigned to an exact location on the device
    Info: Pin s7[6] not assigned to an exact location on the device
    Info: Pin s1[6] not assigned to an exact location on the device
    Info: Pin s6[6] not assigned to an exact location on the device
    Info: Pin s4[6] not assigned to an exact location on the device
    Info: Pin s8[6] not assigned to an exact location on the device
    Info: Pin s2[6] not assigned to an exact location on the device
    Info: Pin s3[7] not assigned to an exact location on the device
    Info: Pin s5[7] not assigned to an exact location on the device
    Info: Pin s7[7] not assigned to an exact location on the device
    Info: Pin s1[7] not assigned to an exact location on the device
    Info: Pin s6[7] not assigned to an exact location on the device
    Info: Pin s4[7] not assigned to an exact location on the device
    Info: Pin s8[7] not assigned to an exact location on the device
    Info: Pin s2[7] not assigned to an exact location on the device
Info: Fitter is using the Classic Timing Analyzer
Info: Timing requirements not specified -- optimizing circuit to achieve the following default global requirements
    Info: Assuming a global fmax requirement of 1000 MHz
    Info: Assuming a global tsu requirement of 2.0 ns
    Info: Assuming a global tco requirement of 1.0 ns
    Info: Assuming a global tpd requirement of 1.0 ns
Info: Completed User Assigned Global Signals Promotion Operation
Info: Completed Auto Global Promotion Operation
Info: Starting register packing
Info: Fitter is using Normal packing mode for logic elements with Auto setting for Auto Packed Registers logic option
Info: Started processing fast register assignments
Info: Finished processing fast register assignments
Info: Finished register packing
Info: Statistics of I/O pins that need to be placed that use the same VCCIO and VREF, before I/O pin placement
    Info: Number of I/O pins in group: 83 (unused VREF, 3.3V VCCIO, 67 input, 16 output, 0 bidirectional)
        Info: I/O standards used: 3.3-V LVTTL.
Info: I/O bank details before I/O pin placement
    Info: Statistics of I/O banks
        Info: I/O bank number 1 does not use VREF pins and has undetermined VCCIO pins. 0 total pin(s) used --  26 pins available
        Info: I/O bank number 2 does not use VREF pins and has undetermined VCCIO pins. 0 total pin(s) used --  30 pins available
        Info: I/O bank number 3 does not use VREF pins and has undetermined VCCIO pins. 0 total pin(s) used --  30 pins available
        Info: I/O bank number 4 does not use VREF pins and has undetermined VCCIO pins. 0 total pin(s) used --  30 pins available
Info: Fitter preparation operations ending: elapsed time is 00:00:00
Info: Fitter placement preparation operations beginning
Info: Fitter placement preparation operations ending: elapsed time is 00:00:00
Info: Fitter placement operations beginning
Info: Fitter placement was successful
Info: Fitter placement operations ending: elapsed time is 00:00:00
Info: Slack time is -10.897 ns between source pin "s4[0]" and destination pin "col[0]"
    Info: + Largest pin to pin requirement is 1.000 ns
    Info: - Longest pin to pin delay is 11.897 ns
        Info: 1: + IC(0.000 ns) + CELL(1.132 ns) = 1.132 ns; Loc. = Unassigned; Fanout = 1; PIN Node = 's4[0]'
        Info: 2: + IC(3.498 ns) + CELL(0.740 ns) = 5.370 ns; Loc. = Unassigned; Fanout = 1; COMB Node = 'Mux7~2'
        Info: 3: + IC(0.672 ns) + CELL(0.511 ns) = 6.553 ns; Loc. = Unassigned; Fanout = 1; COMB Node = 'Mux7~3'
        Info: 4: + IC(0.443 ns) + CELL(0.740 ns) = 7.736 ns; Loc. = Unassigned; Fanout = 1; COMB Node = 'Mux7~4'
        Info: 5: + IC(1.839 ns) + CELL(2.322 ns) = 11.897 ns; Loc. = Unassigned; Fanout = 0; PIN Node = 'col[0]'
        Info: Total cell delay = 5.445 ns ( 45.77 % )
        Info: Total interconnect delay = 6.452 ns ( 54.23 % )
Info: Estimated most critical path is pin to pin delay of 11.897 ns
    Info: 1: + IC(0.000 ns) + CELL(1.132 ns) = 1.132 ns; Loc. = PIN_106; Fanout = 1; PIN Node = 's4[0]'
    Info: 2: + IC(3.498 ns) + CELL(0.740 ns) = 5.370 ns; Loc. = LAB_X4_Y7; Fanout = 1; COMB Node = 'Mux7~2'
    Info: 3: + IC(0.672 ns) + CELL(0.511 ns) = 6.553 ns; Loc. = LAB_X4_Y7; Fanout = 1; COMB Node = 'Mux7~3'
    Info: 4: + IC(0.443 ns) + CELL(0.740 ns) = 7.736 ns; Loc. = LAB_X4_Y7; Fanout = 1; COMB Node = 'Mux7~4'
    Info: 5: + IC(1.839 ns) + CELL(2.322 ns) = 11.897 ns; Loc. = PIN_141; Fanout = 0; PIN Node = 'col[0]'
    Info: Total cell delay = 5.445 ns ( 45.77 % )
    Info: Total interconnect delay = 6.452 ns ( 54.23 % )
Info: Fitter routing operations beginning
Info: Average interconnect usage is 3% of the available device resources
    Info: Peak interconnect usage is 5% of the available device resources in the region that extends from location X0_Y0 to location X8_Y11
Info: Fitter routing operations ending: elapsed time is 00:00:00
Info: The Fitter performed an Auto Fit compilation.  Optimizations were skipped to reduce compilation time.
    Info: Optimizations that may affect the design's routability were skipped
    Info: Optimizations that may affect the design's timing were skipped
Warning: Following 8 pins have nothing, GND, or VCC driving datain port -- changes to this connectivity may change fitting results
    Info: Pin row[0] has VCC driving its datain port
    Info: Pin row[1] has VCC driving its datain port
    Info: Pin row[2] has VCC driving its datain port
    Info: Pin row[3] has VCC driving its datain port
    Info: Pin row[4] has VCC driving its datain port
    Info: Pin row[5] has VCC driving its datain port
    Info: Pin row[6] has VCC driving its datain port
    Info: Pin row[7] has GND driving its datain port
Warning: The Reserve All Unused Pins setting has not been specified, and will default to 'As output driving ground'.
Info: Generated suppressed messages file C:/Users/Jia/Desktop/Î¢²¨Â¯/wave_final/select8to1.fit.smsg
Info: Quartus II Fitter was successful. 0 errors, 3 warnings
    Info: Peak virtual memory: 244 megabytes
    Info: Processing ended: Mon Oct 28 15:53:22 2013
    Info: Elapsed time: 00:00:01
    Info: Total CPU time (on all processors): 00:00:01


+----------------------------+
; Fitter Suppressed Messages ;
+----------------------------+
The suppressed messages can be found in C:/Users/Jia/Desktop/Î¢²¨Â¯/wave_final/select8to1.fit.smsg.


