Flow report for wave
Tue Nov 05 08:46:19 2013
Quartus II Version 9.0 Build 132 02/25/2009 SJ Full Version


---------------------
; Table of Contents ;
---------------------
  1. Legal Notice
  2. Flow Summary
  3. Flow Settings
  4. Flow Non-Default Global Settings
  5. Flow Elapsed Time
  6. Flow OS Summary
  7. Flow Log



----------------
; Legal Notice ;
----------------
Copyright (C) 1991-2009 Altera Corporation
Your use of Altera Corporation's design tools, logic functions 
and other software and tools, and its AMPP partner logic 
functions, and any output files from any of the foregoing 
(including device programming or simulation files), and any 
associated documentation or information are expressly subject 
to the terms and conditions of the Altera Program License 
Subscription Agreement, Altera MegaCore Function License 
Agreement, or other applicable license agreement, including, 
without limitation, that your use is for the sole purpose of 
programming logic devices manufactured by Altera and sold by 
Altera or its authorized distributors.  Please refer to the 
applicable agreement for further details.



+--------------------------------------------------------------------+
; Flow Summary                                                       ;
+-------------------------+------------------------------------------+
; Flow Status             ; Successful - Tue Nov 05 08:46:18 2013    ;
; Quartus II Version      ; 9.0 Build 132 02/25/2009 SJ Full Version ;
; Revision Name           ; wave                                     ;
; Top-level Entity Name   ; wave                                     ;
; Family                  ; MAX II                                   ;
; Device                  ; EPM1270T144C5                            ;
; Timing Models           ; Final                                    ;
; Met timing requirements ; Yes                                      ;
; Total logic elements    ; 619 / 1,270 ( 49 % )                     ;
; Total pins              ; 37 / 116 ( 32 % )                        ;
; Total virtual pins      ; 0                                        ;
; UFM blocks              ; 0 / 1 ( 0 % )                            ;
+-------------------------+------------------------------------------+


+-----------------------------------------+
; Flow Settings                           ;
+-------------------+---------------------+
; Option            ; Setting             ;
+-------------------+---------------------+
; Start date & time ; 11/05/2013 08:45:58 ;
; Main task         ; Compilation         ;
; Revision Name     ; wave                ;
+-------------------+---------------------+


+--------------------------------------------------------------------------------------------------------------------------------------------------------------+
; Flow Non-Default Global Settings                                                                                                                             ;
+---------------------------------------+-----------------------------------------------------------------------+---------------+-------------+----------------+
; Assignment Name                       ; Value                                                                 ; Default Value ; Entity Name ; Section Id     ;
+---------------------------------------+-----------------------------------------------------------------------+---------------+-------------+----------------+
; COMPILER_SIGNATURE_ID                 ; 162976391013535.138361235802492                                       ; --            ; --          ; --             ;
; MAX_CORE_JUNCTION_TEMP                ; 85                                                                    ; --            ; --          ; --             ;
; MIN_CORE_JUNCTION_TEMP                ; 0                                                                     ; --            ; --          ; --             ;
; MISC_FILE                             ; C:/Users/Jia/Desktop/微波炉/wave_final/wave.dpf                       ; --            ; --          ; --             ;
; MISC_FILE                             ; C:/Documents and Settings/admin/桌面/wave_final/wave.dpf              ; --            ; --          ; --             ;
; MISC_FILE                             ; G:/学习/大三学习资料/大三上/学习资料/数电综合实验/wave_final/wave.dpf ; --            ; --          ; --             ;
; MISC_FILE                             ; G:/学习/大三学习资料/大三上/学习资料/数电综合实验/final/wave.dpf      ; --            ; --          ; --             ;
; POWER_EXT_SUPPLY_VOLTAGE_TO_REGULATOR ; 3.3V                                                                  ; --            ; --          ; --             ;
; USE_GENERATED_PHYSICAL_CONSTRAINTS    ; Off                                                                   ; --            ; --          ; eda_blast_fpga ;
+---------------------------------------+-----------------------------------------------------------------------+---------------+-------------+----------------+


+-----------------------------------------------------------------------------------------------------------------------------+
; Flow Elapsed Time                                                                                                           ;
+-------------------------+--------------+-------------------------+---------------------+------------------------------------+
; Module Name             ; Elapsed Time ; Average Processors Used ; Peak Virtual Memory ; Total CPU Time (on all processors) ;
+-------------------------+--------------+-------------------------+---------------------+------------------------------------+
; Analysis & Synthesis    ; 00:00:09     ; 1.0                     ; 243 MB              ; 00:00:06                           ;
; Fitter                  ; 00:00:04     ; 1.0                     ; 229 MB              ; 00:00:02                           ;
; Assembler               ; 00:00:02     ; 1.0                     ; 191 MB              ; 00:00:02                           ;
; Classic Timing Analyzer ; 00:00:01     ; 1.0                     ; 167 MB              ; 00:00:01                           ;
; Total                   ; 00:00:16     ; --                      ; --                  ; 00:00:11                           ;
+-------------------------+--------------+-------------------------+---------------------+------------------------------------+


+------------------------------------------------------------------------------------------+
; Flow OS Summary                                                                          ;
+-------------------------+------------------+---------------+------------+----------------+
; Module Name             ; Machine Hostname ; OS Name       ; OS Version ; Processor type ;
+-------------------------+------------------+---------------+------------+----------------+
; Analysis & Synthesis    ; lilu-PC          ; Windows Vista ; 6.1        ; x86_64         ;
; Fitter                  ; lilu-PC          ; Windows Vista ; 6.1        ; x86_64         ;
; Assembler               ; lilu-PC          ; Windows Vista ; 6.1        ; x86_64         ;
; Classic Timing Analyzer ; lilu-PC          ; Windows Vista ; 6.1        ; x86_64         ;
+-------------------------+------------------+---------------+------------+----------------+


------------
; Flow Log ;
------------
quartus_map --read_settings_files=on --write_settings_files=off wave -c wave
quartus_fit --read_settings_files=off --write_settings_files=off wave -c wave
quartus_asm --read_settings_files=off --write_settings_files=off wave -c wave
quartus_tan --read_settings_files=off --write_settings_files=off wave -c wave



